[19:10:45] [main/INFO]: Loading Minecraft 1.21.1 with Fabric Loader 0.16.14
[19:10:45] [main/INFO]: Loading 103 mods:
	- badoptimizations 2.2.3
	- c2me 0.3.0+alpha.0.320+1.21.1
	   |-- c2me-base 0.3.0+alpha.0.320+1.21.1
	   |-- c2me-client-uncapvd 0.3.0+alpha.0.320+1.21.1
	   |-- c2me-fixes-chunkio-threading-issues 0.3.0+alpha.0.320+1.21.1
	   |-- c2me-fixes-general-threading-issues 0.3.0+alpha.0.320+1.21.1
	   |-- c2me-fixes-worldgen-threading-issues 0.3.0+alpha.0.320+1.21.1
	   |-- c2me-fixes-worldgen-vanilla-bugs 0.3.0+alpha.0.320+1.21.1
	   |-- c2me-notickvd 0.3.0+alpha.0.320+1.21.1
	   |-- c2me-opts-allocs 0.3.0+alpha.0.320+1.21.1
	   |-- c2me-opts-chunk-access 0.3.0+alpha.0.320+1.21.1
	   |-- c2me-opts-chunkio 0.3.0+alpha.0.320+1.21.1
	   |-- c2me-opts-dfc 0.3.0+alpha.0.320+1.21.1
	   |-- c2me-opts-math 0.3.0+alpha.0.320+1.21.1
	   |-- c2me-opts-scheduling 0.3.0+alpha.0.320+1.21.1
	   |-- c2me-opts-worldgen-general 0.3.0+alpha.0.320+1.21.1
	   |-- c2me-opts-worldgen-vanilla 0.3.0+alpha.0.320+1.21.1
	   |-- c2me-rewrites-chunk-serializer 0.3.0+alpha.0.320+1.21.1
	   |-- c2me-rewrites-chunk-system 0.3.0+alpha.0.320+1.21.1
	   |-- c2me-rewrites-chunkio 0.3.0+alpha.0.320+1.21.1
	   |-- c2me-server-utils 0.3.0+alpha.0.320+1.21.1
	   |-- c2me-threading-lighting 0.3.0+alpha.0.320+1.21.1
	   |-- com_electronwill_night-config_core 3.6.5
	   |-- com_electronwill_night-config_toml 3.6.5
	   |-- com_ibm_async_asyncutil 0.1.0
	   |-- io_reactivex_rxjava3_rxjava 3.1.8
	   |-- net_objecthunter_exp4j 0.4.8
	   |-- org_jctools_jctools-core 4.0.5
	   \-- org_reactivestreams_reactive-streams 1.0.4
	- cloth-config 15.0.140
	   \-- cloth-basic-math 0.6.1
	- dynamic_fps 3.9.5
	   \-- net_lostluma_battery 1.3.0
	- enhancedblockentities 0.10.2+1.21
	- entityculling 1.8.0
	   |-- transition 1.0.2
	   \-- trender 1.0.4
	- fabric-api 0.116.3+1.21.1
	   |-- fabric-api-base 0.4.42+6573ed8c19
	   |-- fabric-api-lookup-api-v1 1.6.71+b559734419
	   |-- fabric-biome-api-v1 13.0.31+d527f9fd19
	   |-- fabric-block-api-v1 1.1.0+0bc3503219
	   |-- fabric-block-view-api-v2 1.0.11+ebb2264e19
	   |-- fabric-blockrenderlayer-v1 1.1.52+0af3f5a719
	   |-- fabric-client-tags-api-v1 1.1.15+6573ed8c19
	   |-- fabric-command-api-v1 1.2.49+f71b366f19
	   |-- fabric-command-api-v2 2.2.28+6ced4dd919
	   |-- fabric-commands-v0 0.2.66+df3654b319
	   |-- fabric-content-registries-v0 8.0.19+b559734419
	   |-- fabric-convention-tags-v1 2.1.5+7f945d5b19
	   |-- fabric-convention-tags-v2 2.11.1+a406e79519
	   |-- fabric-crash-report-info-v1 0.2.29+0af3f5a719
	   |-- fabric-data-attachment-api-v1 1.4.5+6116a37819
	   |-- fabric-data-generation-api-v1 20.2.31+16c4ae2519
	   |-- fabric-dimensions-v1 4.0.0+6fc22b9919
	   |-- fabric-entity-events-v1 1.8.0+2b27e0a419
	   |-- fabric-events-interaction-v0 0.7.13+ba9dae0619
	   |-- fabric-game-rule-api-v1 1.0.53+6ced4dd919
	   |-- fabric-item-api-v1 11.1.1+d5debaed19
	   |-- fabric-item-group-api-v1 4.1.7+def88e3a19
	   |-- fabric-key-binding-api-v1 1.0.47+0af3f5a719
	   |-- fabric-keybindings-v0 0.2.45+df3654b319
	   |-- fabric-lifecycle-events-v1 2.6.0+0865547519
	   |-- fabric-loot-api-v2 3.0.15+3f89f5a519
	   |-- fabric-loot-api-v3 1.0.3+3f89f5a519
	   |-- fabric-message-api-v1 6.0.14+8aaf3aca19
	   |-- fabric-model-loading-api-v1 2.0.0+fe474d6b19
	   |-- fabric-networking-api-v1 4.3.0+c7469b2119
	   |-- fabric-object-builder-api-v1 15.2.1+40875a9319
	   |-- fabric-particles-v1 4.0.2+6573ed8c19
	   |-- fabric-recipe-api-v1 5.0.14+248df81c19
	   |-- fabric-registry-sync-v0 5.3.1+e3eddc2119
	   |-- fabric-renderer-api-v1 3.4.0+c705a49c19
	   |-- fabric-renderer-indigo 1.7.0+c705a49c19
	   |-- fabric-renderer-registries-v1 3.2.68+df3654b319
	   |-- fabric-rendering-data-attachment-v1 0.3.49+73761d2e19
	   |-- fabric-rendering-fluids-v1 3.1.6+1daea21519
	   |-- fabric-rendering-v0 1.1.71+df3654b319
	   |-- fabric-rendering-v1 5.0.5+df16efd019
	   |-- fabric-resource-conditions-api-v1 4.3.0+8dc279b119
	   |-- fabric-resource-loader-v0 1.3.1+5b5275af19
	   |-- fabric-screen-api-v1 2.0.25+8b68f1c719
	   |-- fabric-screen-handler-api-v1 1.3.90+b559734419
	   |-- fabric-sound-api-v1 1.0.23+6573ed8c19
	   |-- fabric-transfer-api-v1 5.4.3+c24bd99419
	   \-- fabric-transitive-access-wideners-v1 6.2.0+45b9699719
	- fabricloader 0.16.14
	   \-- mixinextras 0.4.1
	- ferritecore 7.0.2-hotfix
	- immediatelyfast 1.6.5+1.21.1
	   \-- net_lenni0451_reflect 1.3.4
	- java 21
	- lithium 0.15.0+mc1.21.1
	- minecraft 1.21.1
	- modernfix 5.23.1+mc1.21.1
	- modmenu 11.0.3
	   \-- placeholder-api 2.4.0-pre.2+1.21
	- moreculling 1.0.6
	   |-- conditional-mixin 0.6.3
	   \-- mixinsquared 0.2.0
	- sodium 0.6.13+mc1.21.1
	- threadtweak 0.1.5+mc1.21.1
	- yosbr 0.1.2
[19:10:46] [main/INFO]: Applying default options... (YOSBR)
[19:10:46] [main/INFO]: SpongePowered MIXIN Subsystem Version=0.8.7 Source=file:/home/tbmag/code/Modpack_DevTools/testMcs/1.21.1/fabric/libraries/net/fabricmc/sponge-mixin/0.15.5+mixin.0.8.7/sponge-mixin-0.15.5+mixin.0.8.7.jar Service=Knot/Fabric Env=CLIENT
[19:10:46] [main/INFO]: Compatibility level set to JAVA_17
[19:10:46] [main/INFO]: Compatibility level set to JAVA_21
[19:10:46] [main/INFO]: Generating config file version 4
[19:10:46] [main/INFO]: Initializing com.ishland.c2me.base.mixin
[19:10:46] [main/INFO]: Updating config from 0 to 1
[19:10:46] [main/INFO]: Updating config from 1 to 2
[19:10:46] [main/INFO]: Updating config from 2 to 3
[19:10:46] [main/INFO]: Global Executor Parallelism: 2 configured, 2 evaluated, 2 default evaluated
[19:10:46] [main/INFO]: Initializing com.ishland.c2me.client.uncapvd.mixin
[19:10:46] [main/INFO]: Initializing com.ishland.c2me.fixes.chunkio.threading_issues.mixin
[19:10:46] [main/INFO]: Initializing com.ishland.c2me.fixes.general.threading_issues.mixin
[19:10:46] [main/INFO]: Initializing com.ishland.c2me.fixes.worldgen.threading_issues.mixin
[19:10:46] [main/INFO]: Initializing com.ishland.c2me.fixes.worldgen.vanilla_bugs.mixin
[19:10:46] [main/INFO]: Initializing com.ishland.c2me.notickvd.mixin
[19:10:46] [main/INFO]: Initializing com.ishland.c2me.opts.allocs.mixin
[19:10:46] [main/INFO]: Initializing com.ishland.c2me.opts.chunk_access.mixin
[19:10:46] [main/INFO]: Initializing com.ishland.c2me.opts.chunkio.mixin
[19:10:46] [main/INFO]: Initializing com.ishland.c2me.opts.dfc.mixin
[19:10:46] [main/INFO]: Disabling com.ishland.c2me.opts.dfc.mixin
[19:10:46] [main/INFO]: Initializing com.ishland.c2me.opts.math.mixin
[19:10:46] [main/INFO]: Initializing com.ishland.c2me.opts.scheduling.mixin
[19:10:46] [main/INFO]: Initializing com.ishland.c2me.opts.worldgen.general.mixin
[19:10:46] [main/INFO]: Initializing com.ishland.c2me.opts.worldgen.vanilla.mixin
[19:10:46] [main/INFO]: Initializing com.ishland.c2me.rewrites.chunk_serializer.mixin
[19:10:46] [main/INFO]: Disabling com.ishland.c2me.rewrites.chunk_serializer.mixin
[19:10:46] [main/INFO]: Initializing com.ishland.c2me.rewrites.chunksystem.mixin
[19:10:46] [main/INFO]: Initializing com.ishland.c2me.rewrites.chunkio.mixin
[19:10:46] [main/INFO]: Initializing com.ishland.c2me.server.utils.mixin
[19:10:46] [main/INFO]: Initializing com.ishland.c2me.threading.lighting.mixin
[19:10:46] [main/WARN]: Mod 'ferritecore' attempted to override option 'mixin.alloc.blockstate', which doesn't exist, ignoring
[19:10:46] [main/INFO]: Option 'mixin.entity.collisions.fluid' requires 'mixin.util.block_tracking=true' but found 'false'. Setting 'mixin.entity.collisions.fluid=false'.
[19:10:46] [main/INFO]: Option 'mixin.experimental.entity.block_caching.block_support' requires 'mixin.util.block_tracking=true' but found 'false'. Setting 'mixin.experimental.entity.block_caching.block_support=false'.
[19:10:46] [main/INFO]: Option 'mixin.experimental.entity.block_caching.fluid_pushing' requires 'mixin.util.block_tracking=true' but found 'false'. Setting 'mixin.experimental.entity.block_caching.fluid_pushing=false'.
[19:10:46] [main/INFO]: Option 'mixin.experimental.entity.block_caching.block_touching' requires 'mixin.util.block_tracking=true' but found 'false'. Setting 'mixin.experimental.entity.block_caching.block_touching=false'.
[19:10:46] [main/INFO]: Option 'mixin.experimental.entity.block_caching.suffocation' requires 'mixin.util.block_tracking=true' but found 'false'. Setting 'mixin.experimental.entity.block_caching.suffocation=false'.
[19:10:46] [main/INFO]: Option 'mixin.experimental.entity.block_caching' requires 'mixin.util.block_tracking=true' but found 'false'. Setting 'mixin.experimental.entity.block_caching=false'.
[19:10:46] [main/INFO]: Loaded configuration file for Lithium: 149 options available, 0 override(s) found
[19:10:46] [main/INFO]: Loaded configuration file for ModernFix 5.23.1+mc1.21.1: 61 options available, 4 override(s) found
[19:10:46] [main/WARN]: Option 'mixin.bugfix.paper_chunk_patches' overriden (by mods [c2me]) to 'false'
[19:10:46] [main/WARN]: Option 'mixin.perf.cache_strongholds' overriden (by mods [c2me]) to 'false'
[19:10:46] [main/WARN]: Option 'mixin.bugfix.chunk_deadlock' overriden (by mods [c2me]) to 'false'
[19:10:46] [main/WARN]: Option 'mixin.perf.thread_priorities' overriden (by mods [threadtweak]) to 'false'
[19:10:46] [main/INFO]: Applying Nashorn fix
[19:10:46] [main/INFO]: Loaded configuration file for Sodium: 43 options available, 0 override(s) found
[19:10:46] [main/WARN]: Error loading class: me/jellysquid/mods/sodium/client/gui/SodiumGameOptionPages (java.lang.ClassNotFoundException: me/jellysquid/mods/sodium/client/gui/SodiumGameOptionPages)
[19:10:46] [main/WARN]: Error loading class: net/caffeinemc/sodium/config/user/UserConfigCategories (java.lang.ClassNotFoundException: net/caffeinemc/sodium/config/user/UserConfigCategories)
[19:10:46] [main/WARN]: Error loading class: net/vulkanmod/config/option/Options (java.lang.ClassNotFoundException: net/vulkanmod/config/option/Options)
[19:10:47] [main/WARN]: Error loading class: ca/spottedleaf/starlight/common/thread/SchedulingUtil (java.lang.ClassNotFoundException: ca/spottedleaf/starlight/common/thread/SchedulingUtil)
[19:10:47] [main/WARN]: Error loading class: me/jellysquid/mods/sodium/client/gui/SodiumGameOptionPages (java.lang.ClassNotFoundException: me/jellysquid/mods/sodium/client/gui/SodiumGameOptionPages)
[19:10:47] [main/WARN]: Error loading class: net/caffeinemc/sodium/config/user/UserConfigCategories (java.lang.ClassNotFoundException: net/caffeinemc/sodium/config/user/UserConfigCategories)
[19:10:47] [main/WARN]: Error loading class: me/jellysquid/mods/sodium/client/gui/SodiumGameOptionPages (java.lang.ClassNotFoundException: me/jellysquid/mods/sodium/client/gui/SodiumGameOptionPages)
[19:10:47] [main/WARN]: Error loading class: net/caffeinemc/sodium/config/user/UserConfigCategories (java.lang.ClassNotFoundException: net/caffeinemc/sodium/config/user/UserConfigCategories)
[19:10:47] [main/INFO]: Searching for graphics cards...
[19:10:47] [main/INFO]: Found graphics adapter: LinuxPciAdapterInfo[vendor=AMD, name=Raphael, pciVendorId=0x1002, pciDeviceId=0x164e]
[19:10:47] [main/INFO]: Found graphics adapter: LinuxPciAdapterInfo[vendor=NVIDIA, name=AD104M [GeForce RTX 4080 Max-Q / Mobile], pciVendorId=0x10de, pciDeviceId=0x27e0]
[19:10:47] [main/WARN]: Sodium has applied one or more workarounds to prevent crashes or other issues on your system: [NVIDIA_THREADED_OPTIMIZATIONS_BROKEN, NO_ERROR_CONTEXT_UNSUPPORTED]
[19:10:47] [main/WARN]: This is not necessarily an issue, but it may result in certain features or optimizations being disabled. You can sometimes fix these issues by upgrading your graphics driver.
[19:10:47] [main/INFO]: Initializing MixinExtras via com.llamalad7.mixinextras.service.MixinExtrasServiceImpl(version=0.4.1).
[19:10:48] [main/INFO]: ThreadTweak config initialized
[19:10:49] [Datafixer Bootstrap/INFO]: 226 Datafixer optimizations took 332 milliseconds
[19:10:51] [main/WARN]: Method overwrite conflict for method_21740 in modernfix-common.mixins.json:perf.remove_biome_temperature_cache.BiomeMixin from mod modernfix, previously written by net.caffeinemc.mods.lithium.mixin.world.temperature_cache.BiomeMixin. Skipping method.
[19:10:53] [main/INFO]: Vanilla bootstrap took 4071 milliseconds
[19:10:53] [Render thread/INFO]: Environment: Environment[sessionHost=https://sessionserver.mojang.com, servicesHost=https://api.minecraftservices.com, name=PROD]
[19:10:53] [Render thread/INFO]: Setting user: Player788
[19:10:54] [Render thread/WARN]: Dynamic FPS config missing or corrupted! Using defaults.
[19:10:54] [Render thread/INFO]: Dynamic FPS 3.9.5 active on Fabric!
[19:10:54] [Download-2/ERROR]: Failed to fetch user properties
com.mojang.authlib.exceptions.InvalidCredentialsException: Status: 401
	at knot/com.mojang.authlib.exceptions.MinecraftClientHttpException.toAuthenticationException(MinecraftClientHttpException.java:59) ~[authlib-6.0.54.jar:?]
	at knot/com.mojang.authlib.yggdrasil.YggdrasilUserApiService.fetchProperties(YggdrasilUserApiService.java:150) ~[authlib-6.0.54.jar:?]
	at knot/net.minecraft.class_310.method_55608(class_310.java:458) ~[client-intermediary.jar:?]
	at java.base/java.util.concurrent.CompletableFuture$AsyncSupply.run(CompletableFuture.java:1768) ~[?:?]
	at java.base/java.util.concurrent.ThreadPoolExecutor.runWorker(ThreadPoolExecutor.java:1144) ~[?:?]
	at java.base/java.util.concurrent.ThreadPoolExecutor$Worker.run(ThreadPoolExecutor.java:642) ~[?:?]
	at java.base/java.lang.Thread.run(Thread.java:1583) [?:?]
Caused by: com.mojang.authlib.exceptions.MinecraftClientHttpException: Status: 401
	at knot/com.mojang.authlib.minecraft.client.MinecraftClient.readInputStream(MinecraftClient.java:100) ~[authlib-6.0.54.jar:?]
	at knot/com.mojang.authlib.minecraft.client.MinecraftClient.get(MinecraftClient.java:57) ~[authlib-6.0.54.jar:?]
	at knot/com.mojang.authlib.yggdrasil.YggdrasilUserApiService.fetchProperties(YggdrasilUserApiService.java:121) ~[authlib-6.0.54.jar:?]
	... 5 more
[19:10:54] [Render thread/INFO]: [Indigo] Different rendering plugin detected; not applying Indigo.
[19:10:54] [Render thread/INFO]: Checking mod updates...
[19:10:54] [Render thread/INFO]: [STDOUT]: [LibGui] Initializing Client...
[19:10:55] [Render thread/INFO]: Backend library: LWJGL version 3.3.3-snapshot
[19:10:55] [Render thread/INFO]: Modifying process environment to apply workarounds for the NVIDIA graphics driver...
[19:10:55] [Render thread/INFO]: OpenGL Vendor: NVIDIA Corporation
[19:10:55] [Render thread/INFO]: OpenGL Renderer: NVIDIA GeForce RTX 4080 Laptop GPU/PCIe/SSE2
[19:10:55] [Render thread/INFO]: OpenGL Version: 3.2.0 NVIDIA 575.57.08
[19:10:55] [Render thread/INFO]: Modifying OpenGL context to apply workarounds for the NVIDIA graphics driver...
[19:10:55] [Render thread/INFO]: Initializing ImmediatelyFast 1.6.5+1.21.1 on NVIDIA GeForce RTX 4080 Laptop GPU/PCIe/SSE2 (NVIDIA Corporation) with OpenGL 3.2.0 NVIDIA 575.57.08
[W][19:10:55.781453] pw.conf      | [          conf.c: 1204 pw_conf_load_conf_for_context()] setting config.name to client-rt.conf is deprecated, using client.conf
[19:10:56] [Render thread/INFO]: Reloading ResourceManager: vanilla, fabric, badoptimizations, c2me, cloth-config, conditional-mixin, dynamic_fps, enhancedblockentities, entityculling, fabric-api, fabric-api-base, fabric-api-lookup-api-v1, fabric-biome-api-v1, fabric-block-api-v1, fabric-block-view-api-v2, fabric-blockrenderlayer-v1, fabric-client-tags-api-v1, fabric-command-api-v1, fabric-command-api-v2, fabric-commands-v0, fabric-content-registries-v0, fabric-convention-tags-v1, fabric-convention-tags-v2, fabric-crash-report-info-v1, fabric-data-attachment-api-v1, fabric-data-generation-api-v1, fabric-dimensions-v1, fabric-entity-events-v1, fabric-events-interaction-v0, fabric-game-rule-api-v1, fabric-item-api-v1, fabric-item-group-api-v1, fabric-key-binding-api-v1, fabric-keybindings-v0, fabric-lifecycle-events-v1, fabric-loot-api-v2, fabric-loot-api-v3, fabric-message-api-v1, fabric-model-loading-api-v1, fabric-networking-api-v1, fabric-object-builder-api-v1, fabric-particles-v1, fabric-recipe-api-v1, fabric-registry-sync-v0, fabric-renderer-api-v1, fabric-renderer-indigo, fabric-renderer-registries-v1, fabric-rendering-data-attachment-v1, fabric-rendering-fluids-v1, fabric-rendering-v0, fabric-rendering-v1, fabric-resource-conditions-api-v1, fabric-resource-loader-v0, fabric-screen-api-v1, fabric-screen-handler-api-v1, fabric-sound-api-v1, fabric-transfer-api-v1, fabric-transitive-access-wideners-v1, fabricloader, immediatelyfast, lithium, modernfix, modmenu, moreculling, sodium, threadtweak, trender, yosbr
[19:10:56] [Render thread/INFO]: Cached all modded block culling states
[19:10:56] [Worker-ResourceReload-5/INFO]: Found unifont_all_no_pua-15.1.05.hex, loading
[19:10:56] [Worker-ResourceReload-11/INFO]: Found unifont_jp_patch-15.1.05.hex, loading
[19:10:59] [Render thread/WARN]: Missing sound for event: minecraft:item.goat_horn.play
[19:10:59] [Render thread/WARN]: Missing sound for event: minecraft:entity.goat.screaming.horn_break
[19:10:59] [Render thread/INFO]: OpenAL initialized on device Family 17h/19h/1ah HD Audio Controller Analog Stereo
[19:10:59] [Render thread/INFO]: Sound engine started
[19:10:59] [Render thread/INFO]: Created: 1024x1024x4 minecraft:textures/atlas/blocks.png-atlas
[19:10:59] [Render thread/INFO]: Created: 256x256x4 minecraft:textures/atlas/signs.png-atlas
[19:10:59] [Render thread/INFO]: Created: 512x512x4 minecraft:textures/atlas/banner_patterns.png-atlas
[19:10:59] [Render thread/INFO]: Created: 512x512x4 minecraft:textures/atlas/shield_patterns.png-atlas
[19:10:59] [Render thread/INFO]: Created: 1024x1024x4 minecraft:textures/atlas/armor_trims.png-atlas
[19:10:59] [Render thread/INFO]: Created: 256x256x4 minecraft:textures/atlas/chest.png-atlas
[19:10:59] [Render thread/INFO]: Created: 128x64x4 minecraft:textures/atlas/decorated_pot.png-atlas
[19:10:59] [Render thread/INFO]: Created: 512x256x4 minecraft:textures/atlas/beds.png-atlas
[19:10:59] [Render thread/INFO]: Created: 512x256x4 minecraft:textures/atlas/shulker_boxes.png-atlas
[19:10:59] [Render thread/INFO]: Created: 512x256x0 minecraft:textures/atlas/particles.png-atlas
[19:10:59] [Render thread/INFO]: Created: 512x256x0 minecraft:textures/atlas/paintings.png-atlas
[19:10:59] [Render thread/INFO]: Created: 256x128x0 minecraft:textures/atlas/mob_effects.png-atlas
[19:10:59] [Render thread/INFO]: Created: 64x64x0 minecraft:textures/atlas/map_decorations.png-atlas
[19:10:59] [Render thread/INFO]: Created: 1024x512x0 minecraft:textures/atlas/gui.png-atlas
