[19:01:16] [main/INFO]: Loading Minecraft 1.20.1 with Fabric Loader 0.16.14
[19:01:16] [main/INFO]: Fabric is preparing JARs on first launch, this may take a few seconds...
[19:01:16] [main/INFO]: Loading 107 mods:
	- badoptimizations 2.2.3
	- c2me 0.2.0+alpha.11.16
	   |-- c2me-base 0.2.0+alpha.11.16
	   |-- c2me-client-uncapvd 0.2.0+alpha.11.16
	   |-- c2me-fixes-chunkio-threading-issues 0.2.0+alpha.11.16
	   |-- c2me-fixes-general-threading-issues 0.2.0+alpha.11.16
	   |-- c2me-fixes-worldgen-threading-issues 0.2.0+alpha.11.16
	   |-- c2me-fixes-worldgen-vanilla-bugs 0.2.0+alpha.11.16
	   |-- c2me-notickvd 0.2.0+alpha.11.16
	   |-- c2me-opts-allocs 0.2.0+alpha.11.16
	   |-- c2me-opts-chunk-access 0.2.0+alpha.11.16
	   |-- c2me-opts-chunkio 0.2.0+alpha.11.16
	   |-- c2me-opts-math 0.2.0+alpha.11.16
	   |-- c2me-opts-scheduling 0.2.0+alpha.11.16
	   |-- c2me-opts-worldgen-general 0.2.0+alpha.11.16
	   |-- c2me-opts-worldgen-vanilla 0.2.0+alpha.11.16
	   |-- c2me-rewrites-chunk-serializer 0.2.0+alpha.11.16
	   |-- c2me-rewrites-chunkio 0.2.0+alpha.11.16
	   |-- c2me-server-utils 0.2.0+alpha.11.16
	   |-- c2me-threading-chunkio 0.2.0+alpha.11.16
	   |-- c2me-threading-lighting 0.2.0+alpha.11.16
	   |-- c2me-threading-worldgen 0.2.0+alpha.11.16
	   |-- com_electronwill_night-config_core 3.6.5
	   |-- com_electronwill_night-config_toml 3.6.5
	   |-- com_ibm_async_asyncutil 0.1.0
	   |-- net_objecthunter_exp4j 0.4.8
	   \-- org_threadly_threadly 7.0
	- cloth-config 11.1.136
	   \-- cloth-basic-math 0.6.1
	- dynamic_fps 3.9.5
	   \-- net_lostluma_battery 1.3.0
	- enhancedblockentities 0.9+1.20
	   |-- advanced_runtime_resource_pack 0.6.7
	   \-- spruceui 5.0.0+1.20
	- entityculling 1.8.0
	   |-- transition 1.0.2
	   \-- trender 1.0.4
	- fabric-api 0.92.6+1.20.1
	   |-- fabric-api-base 0.4.32+1802ada577
	   |-- fabric-api-lookup-api-v1 1.6.37+1802ada577
	   |-- fabric-biome-api-v1 13.0.14+1802ada577
	   |-- fabric-block-api-v1 1.0.12+1802ada577
	   |-- fabric-block-view-api-v2 1.0.3+924f046a77
	   |-- fabric-blockrenderlayer-v1 1.1.42+1802ada577
	   |-- fabric-client-tags-api-v1 1.1.3+1802ada577
	   |-- fabric-command-api-v1 1.2.35+f71b366f77
	   |-- fabric-command-api-v2 2.2.14+1802ada577
	   |-- fabric-commands-v0 0.2.52+df3654b377
	   |-- fabric-containers-v0 0.1.67+df3654b377
	   |-- fabric-content-registries-v0 4.0.13+1802ada577
	   |-- fabric-convention-tags-v1 1.5.6+1802ada577
	   |-- fabric-crash-report-info-v1 0.2.20+1802ada577
	   |-- fabric-data-attachment-api-v1 1.0.2+de0fd6d177
	   |-- fabric-data-generation-api-v1 12.3.7+1802ada577
	   |-- fabric-dimensions-v1 2.1.55+1802ada577
	   |-- fabric-entity-events-v1 1.6.1+1c78457f77
	   |-- fabric-events-interaction-v0 0.6.5+13a40c6677
	   |-- fabric-events-lifecycle-v0 0.2.64+df3654b377
	   |-- fabric-game-rule-api-v1 1.0.41+1802ada577
	   |-- fabric-item-api-v1 2.1.29+1802ada577
	   |-- fabric-item-group-api-v1 4.0.14+1802ada577
	   |-- fabric-key-binding-api-v1 1.0.38+1802ada577
	   |-- fabric-keybindings-v0 0.2.36+df3654b377
	   |-- fabric-lifecycle-events-v1 2.2.23+1802ada577
	   |-- fabric-loot-api-v2 1.2.3+1802ada577
	   |-- fabric-loot-tables-v1 1.1.47+9e7660c677
	   |-- fabric-message-api-v1 5.1.10+1802ada577
	   |-- fabric-mining-level-api-v1 2.1.52+1802ada577
	   |-- fabric-model-loading-api-v1 1.0.4+1802ada577
	   |-- fabric-models-v0 0.4.3+9386d8a777
	   |-- fabric-networking-api-v1 1.3.14+a158aa0477
	   |-- fabric-networking-v0 0.3.54+df3654b377
	   |-- fabric-object-builder-api-v1 11.1.5+e35120df77
	   |-- fabric-particles-v1 1.1.3+1802ada577
	   |-- fabric-recipe-api-v1 1.0.24+1802ada577
	   |-- fabric-registry-sync-v0 2.3.6+1802ada577
	   |-- fabric-renderer-api-v1 3.2.2+1802ada577
	   |-- fabric-renderer-indigo 1.5.3+85287f9f77
	   |-- fabric-renderer-registries-v1 3.2.47+df3654b377
	   |-- fabric-rendering-data-attachment-v1 0.3.39+92a0d36777
	   |-- fabric-rendering-fluids-v1 3.0.29+1802ada577
	   |-- fabric-rendering-v0 1.1.50+df3654b377
	   |-- fabric-rendering-v1 3.0.9+1802ada577
	   |-- fabric-resource-conditions-api-v1 2.3.9+1802ada577
	   |-- fabric-resource-loader-v0 0.11.12+fb82e9d777
	   |-- fabric-screen-api-v1 2.0.9+1802ada577
	   |-- fabric-screen-handler-api-v1 1.3.33+1802ada577
	   |-- fabric-sound-api-v1 1.0.14+1802ada577
	   |-- fabric-transfer-api-v1 3.3.6+8dd72ea377
	   \-- fabric-transitive-access-wideners-v1 4.3.2+1802ada577
	- fabricloader 0.16.14
	   \-- mixinextras 0.4.1
	- ferritecore 6.0.1
	- immediatelyfast 1.5.0+1.20.4
	   \-- net_lenni0451_reflect 1.3.4
	- indium 1.0.36+mc1.20.1
	- java 17
	- lithium 0.11.3
	- minecraft 1.20.1
	- modernfix 5.23.1+mc1.20.1
	- modmenu 7.2.2
	- moreculling 1.20.4-0.24.0
	   |-- conditional-mixin 0.3.2
	   \-- mixinsquared 0.1.1
	- sodium 0.5.13+mc1.20.1
	- threadtweak 1.20.2-0.1.1
	- yosbr 0.1.2
[19:01:16] [main/INFO]: Applying default options... (YOSBR)
[19:01:16] [main/INFO]: Applying default options for /config/sodium-options.json from /config/yosbr/config/sodium-options.json
[19:01:16] [main/INFO]: Applying default options for /config/modernfix-mixins.properties from /config/yosbr/config/modernfix-mixins.properties
[19:01:16] [main/INFO]: Applying default options for /config/immediatelyfast.json from /config/yosbr/config/immediatelyfast.json
[19:01:16] [main/INFO]: Applying default options for /config/moreculling.toml from /config/yosbr/config/moreculling.toml
[19:01:16] [main/INFO]: Applying default options for /config/badoptimizations.txt from /config/yosbr/config/badoptimizations.txt
[19:01:16] [main/INFO]: Applying default options for /config/c2me.toml from /config/yosbr/config/c2me.toml
[19:01:16] [main/INFO]: Applying default options for /config/threadtweak.json from /config/yosbr/config/threadtweak.json
[19:01:16] [main/INFO]: Applying default options for /config/ferritecore.mixin.properties from /config/yosbr/config/ferritecore.mixin.properties
[19:01:16] [main/INFO]: SpongePowered MIXIN Subsystem Version=0.8.7 Source=file:/home/tbmag/code/Modpack_DevTools/testMcs/1.20.1/fabric/libraries/net/fabricmc/sponge-mixin/0.15.5+mixin.0.8.7/sponge-mixin-0.15.5+mixin.0.8.7.jar Service=Knot/Fabric Env=CLIENT
[19:01:16] [main/INFO]: Compatibility level set to JAVA_17
[19:01:16] [main/INFO]: Loading config file
[19:01:16] [main/INFO]: Upgrading config from version 3 to supported version 4
[19:01:16] [main/INFO]: BadOptimizations config dump:
[19:01:16] [main/INFO]: enable_toast_optimizations: true
[19:01:16] [main/INFO]: ignore_mod_incompatibilities: false
[19:01:16] [main/INFO]: lightmap_time_change_needed_for_update: 80
[19:01:16] [main/INFO]: enable_lightmap_caching: false
[19:01:16] [main/INFO]: enable_particle_manager_optimization: true
[19:01:16] [main/INFO]: enable_entity_renderer_caching: true
[19:01:16] [main/INFO]: log_config: true
[19:01:16] [main/INFO]: enable_remove_redundant_fov_calculations: true
[19:01:16] [main/INFO]: config_version: 3
[19:01:16] [main/INFO]: enable_sky_angle_caching_in_worldrenderer: true
[19:01:16] [main/INFO]: enable_block_entity_renderer_caching: true
[19:01:16] [main/INFO]: skycolor_time_change_needed_for_update: 3
[19:01:16] [main/INFO]: enable_entity_flag_caching: true
[19:01:16] [main/INFO]: enable_debug_renderer_disable_if_not_needed: true
[19:01:16] [main/INFO]: enable_sky_color_caching: true
[19:01:16] [main/INFO]: enable_remove_tutorial_if_not_demo: true
[19:01:16] [main/INFO]: show_f3_text: true
[19:01:16] [main/INFO]: Generating config file version 4
[19:01:16] [main/INFO]: Initializing com.ishland.c2me.base.mixin
[19:01:16] [main/INFO]: Initializing com.ishland.c2me.client.uncapvd.mixin
[19:01:16] [main/INFO]: Disabling com.ishland.c2me.client.uncapvd.mixin
[19:01:16] [main/INFO]: Initializing com.ishland.c2me.fixes.chunkio.threading_issues.mixin
[19:01:16] [main/INFO]: Initializing com.ishland.c2me.fixes.general.threading_issues.mixin
[19:01:16] [main/INFO]: Initializing com.ishland.c2me.fixes.worldgen.threading_issues.mixin
[19:01:16] [main/INFO]: Initializing com.ishland.c2me.fixes.worldgen.vanilla_bugs.mixin
[19:01:16] [main/INFO]: Initializing com.ishland.c2me.notickvd.mixin
[19:01:16] [main/INFO]: Initializing com.ishland.c2me.opts.allocs.mixin
[19:01:16] [main/INFO]: Initializing com.ishland.c2me.opts.chunk_access.mixin
[19:01:16] [main/INFO]: Initializing com.ishland.c2me.opts.chunkio.mixin
[19:01:16] [main/INFO]: Initializing com.ishland.c2me.opts.math.mixin
[19:01:16] [main/INFO]: Initializing com.ishland.c2me.opts.scheduling.mixin
[19:01:16] [main/INFO]: Initializing com.ishland.c2me.opts.worldgen.general.mixin
[19:01:16] [main/INFO]: Initializing com.ishland.c2me.opts.worldgen.vanilla.mixin
[19:01:16] [main/INFO]: Initializing com.ishland.c2me.rewrites.chunk_serializer.mixin
[19:01:16] [main/INFO]: Disabling com.ishland.c2me.rewrites.chunk_serializer.mixin
[19:01:16] [main/INFO]: Initializing com.ishland.c2me.rewrites.chunkio.mixin
[19:01:16] [main/INFO]: Disabling com.ishland.c2me.rewrites.chunkio.mixin
[19:01:16] [main/INFO]: Initializing com.ishland.c2me.server.utils.mixin
[19:01:16] [main/INFO]: Initializing com.ishland.c2me.threading.chunkio.mixin
[19:01:16] [main/INFO]: Initializing com.ishland.c2me.threading.lighting.mixin
[19:01:16] [main/INFO]: Initializing com.ishland.c2me.threading.worldgen.mixin
[19:01:16] [main/INFO]: Disabling com.ishland.c2me.threading.worldgen.mixin
[19:01:16] [main/INFO]: Loaded configuration file for Lithium: 131 options available, 2 override(s) found
[19:01:17] [main/INFO]: Loaded configuration file for ModernFix 5.23.1+mc1.20.1: 69 options available, 4 override(s) found
[19:01:17] [main/WARN]: Option 'mixin.bugfix.paper_chunk_patches' overriden (by mods [c2me]) to 'false'
[19:01:17] [main/WARN]: Option 'mixin.perf.cache_strongholds' overriden (by mods [c2me]) to 'false'
[19:01:17] [main/WARN]: Option 'mixin.bugfix.chunk_deadlock' overriden (by mods [c2me]) to 'false'
[19:01:17] [main/WARN]: Option 'mixin.perf.thread_priorities' overriden (by mods [threadtweak]) to 'false'
[19:01:17] [main/INFO]: Applying Nashorn fix
[19:01:17] [main/INFO]: Loaded configuration file for Sodium: 42 options available, 0 override(s) found
[19:01:17] [main/WARN]: Mixin malte0811.ferritecore.mixin.threaddetec.PalettedContainerMixin is disabled automatically as lithium is installed
[19:01:17] [main/WARN]: Force-disabling mixin 'alloc.blockstate.StateMixin' as rule 'mixin.alloc.blockstate' (added by mods [ferritecore]) disables it and children
[19:01:17] [main/WARN]: Force-disabling mixin 'world.player_chunk_tick.ThreadedAnvilChunkStorageMixin' as rule 'mixin.world.player_chunk_tick' (added by mods [c2me]) disables it and children
[19:01:18] [main/INFO]: I used the json to destroy the json
[19:01:18] [main/INFO]: Removing config entry .clientSideConfig.modifyMaxVDConfig.enableExtRenderDistanceProtocol because it is not used
[19:01:18] [main/INFO]: Removing config entry .noTickViewDistance.enableExtRenderDistanceProtocol because it is not used
[19:01:18] [main/INFO]: Removing config entry .noTickViewDistance.maxViewDistance because it is not used
[19:01:18] [main/INFO]: Searching for graphics cards...
[19:01:18] [main/INFO]: Found graphics adapter: LinuxPciAdapterInfo[vendor=AMD, name=Raphael, pciVendorId=0x1002, pciDeviceId=0x164e]
[19:01:18] [main/INFO]: Found graphics adapter: LinuxPciAdapterInfo[vendor=NVIDIA, name=AD104M [GeForce RTX 4080 Max-Q / Mobile], pciVendorId=0x10de, pciDeviceId=0x27e0]
[19:01:18] [main/WARN]: Sodium has applied one or more workarounds to prevent crashes or other issues on your system: [NVIDIA_THREADED_OPTIMIZATIONS_BROKEN, NO_ERROR_CONTEXT_UNSUPPORTED]
[19:01:18] [main/WARN]: This is not necessarily an issue, but it may result in certain features or optimizations being disabled. You can sometimes fix these issues by upgrading your graphics driver.
[19:01:18] [main/INFO]: Initializing MixinExtras via com.llamalad7.mixinextras.service.MixinExtrasServiceImpl(version=0.4.1).
[19:01:18] [main/INFO]: ThreadTweak config initialized
[19:01:20] [main/INFO]: Injecting BlockStateBase cache population hook into getNeighborPathNodeType from me.jellysquid.mods.lithium.mixin.ai.pathing.AbstractBlockStateMixin
[19:01:20] [main/INFO]: Injecting BlockStateBase cache population hook into getPathNodeType from me.jellysquid.mods.lithium.mixin.ai.pathing.AbstractBlockStateMixin
[19:01:20] [main/INFO]: Injecting BlockStateBase cache population hook into getAllFlags from me.jellysquid.mods.lithium.mixin.util.block_tracking.AbstractBlockStateMixin
[19:01:22] [main/WARN]: Method overwrite conflict for method_21740 in modernfix-common.mixins.json:perf.remove_biome_temperature_cache.BiomeMixin from mod modernfix, previously written by me.jellysquid.mods.lithium.mixin.world.temperature_cache.BiomeMixin. Skipping method.
[19:01:22] [main/INFO]: Vanilla bootstrap took 3329 milliseconds
[19:01:22] [Render thread/INFO]: Environment: authHost='https://authserver.mojang.com', accountsHost='https://api.mojang.com', sessionHost='https://sessionserver.mojang.com', servicesHost='https://api.minecraftservices.com', name='PROD'
[19:01:23] [Render thread/ERROR]: Failed to verify authentication
com.mojang.authlib.exceptions.InvalidCredentialsException: Status: 401
	at com.mojang.authlib.exceptions.MinecraftClientHttpException.toAuthenticationException(MinecraftClientHttpException.java:56) ~[authlib-4.0.43.jar:?]
	at com.mojang.authlib.yggdrasil.YggdrasilUserApiService.fetchProperties(YggdrasilUserApiService.java:156) ~[authlib-4.0.43.jar:?]
	at com.mojang.authlib.yggdrasil.YggdrasilUserApiService.<init>(YggdrasilUserApiService.java:55) ~[authlib-4.0.43.jar:?]
	at com.mojang.authlib.yggdrasil.YggdrasilAuthenticationService.createUserApiService(YggdrasilAuthenticationService.java:124) ~[authlib-4.0.43.jar:?]
	at net.minecraft.class_310.method_31382(class_310.java:733) ~[client-intermediary.jar:?]
	at net.minecraft.class_310.<init>(class_310.java:442) ~[client-intermediary.jar:?]
	at net.minecraft.client.main.Main.main(Main.java:211) ~[fabric-loader-0.16.14-1.20.1.jar:?]
	at net.fabricmc.loader.impl.game.minecraft.MinecraftGameProvider.launch(MinecraftGameProvider.java:480) ~[fabric-loader-0.16.14.jar:?]
	at net.fabricmc.loader.impl.launch.knot.Knot.launch(Knot.java:74) ~[fabric-loader-0.16.14.jar:?]
	at net.fabricmc.loader.impl.launch.knot.KnotClient.main(KnotClient.java:23) ~[fabric-loader-0.16.14.jar:?]
Caused by: com.mojang.authlib.exceptions.MinecraftClientHttpException: Status: 401
	at com.mojang.authlib.minecraft.client.MinecraftClient.readInputStream(MinecraftClient.java:85) ~[authlib-4.0.43.jar:?]
	at com.mojang.authlib.minecraft.client.MinecraftClient.get(MinecraftClient.java:48) ~[authlib-4.0.43.jar:?]
	at com.mojang.authlib.yggdrasil.YggdrasilUserApiService.fetchProperties(YggdrasilUserApiService.java:129) ~[authlib-4.0.43.jar:?]
	... 8 more
[19:01:23] [Render thread/INFO]: Setting user: Player883
[19:01:23] [Render thread/INFO]: Bypassed Mojang DFU
[19:01:23] [Render thread/WARN]: Dynamic FPS config missing or corrupted! Using defaults.
[19:01:23] [Render thread/INFO]: Dynamic FPS 3.9.5 active on Fabric!
[19:01:23] [Render thread/WARN]: Invalid config, creating new one!
[19:01:23] [Render thread/INFO]: [Indigo] Different rendering plugin detected; not applying Indigo.
[19:01:23] [Worker-Main-1/INFO]: Checking mod updates...
[19:01:24] [Render thread/INFO]: [STDOUT]: [LibGui] Initializing Client...
[19:01:24] [Render thread/INFO]: Instantiating Mojang DFU
[19:01:24] [Datafixer Bootstrap/INFO]: 188 Datafixer optimizations took 121 milliseconds
[19:01:24] [Render thread/INFO]: Backend library: LWJGL version 3.3.1 SNAPSHOT
[19:01:24] [Render thread/INFO]: Modifying process environment to apply workarounds for the NVIDIA graphics driver...
[19:01:25] [Render thread/INFO]: OpenGL Vendor: NVIDIA Corporation
[19:01:25] [Render thread/INFO]: OpenGL Renderer: NVIDIA GeForce RTX 4080 Laptop GPU/PCIe/SSE2
[19:01:25] [Render thread/INFO]: OpenGL Version: 3.2.0 NVIDIA 575.57.08
[19:01:25] [Render thread/INFO]: Modifying OpenGL context to apply workarounds for the NVIDIA graphics driver...
[19:01:25] [Render thread/INFO]: Initializing ImmediatelyFast 1.5.0+1.20.4 on NVIDIA GeForce RTX 4080 Laptop GPU/PCIe/SSE2 (NVIDIA Corporation) with OpenGL 3.2.0 NVIDIA 575.57.08
[19:01:25] [Render thread/INFO]: ARRP register - before vanilla
[19:01:25] [Render thread/INFO]: ARRP register - after vanilla
[19:01:25] [Render thread/INFO]: ARRP register - before user
[ALSOFT] (EE) Failed to set real-time priority for thread: Operation not permitted (1)
[19:01:25] [Render thread/WARN]: Method overwrite conflict for getModel in fabric-model-loading-api-v1.mixins.json:BakedModelManagerMixin from mod fabric-model-loading-api-v1, previously written by foundationgames.enhancedblockentities.mixin.BakedModelManagerMixin. Skipping method.
[19:01:25] [Finalizer/WARN]: One or more BufferBuilders have been leaked, ModernFix will attempt to correct this.
[19:01:25] [Worker-Main-1/ERROR]: Failed to retrieve profile key pair
java.io.IOException: Could not retrieve profile key pair
	at net.minecraft.class_7434.method_43605(class_7434.java:139) ~[client-intermediary.jar:?]
	at net.minecraft.class_7434.method_44291(class_7434.java:79) ~[client-intermediary.jar:?]
	at java.util.concurrent.CompletableFuture$AsyncSupply.run(CompletableFuture.java:1768) ~[?:?]
	at java.util.concurrent.CompletableFuture$AsyncSupply.exec(CompletableFuture.java:1760) ~[?:?]
	at java.util.concurrent.ForkJoinTask.doExec(ForkJoinTask.java:373) ~[?:?]
	at java.util.concurrent.ForkJoinPool$WorkQueue.topLevelExec(ForkJoinPool.java:1182) ~[?:?]
	at java.util.concurrent.ForkJoinPool.scan(ForkJoinPool.java:1655) ~[?:?]
	at java.util.concurrent.ForkJoinPool.runWorker(ForkJoinPool.java:1622) ~[?:?]
	at java.util.concurrent.ForkJoinWorkerThread.run(ForkJoinWorkerThread.java:165) ~[?:?]
[19:01:25] [Render thread/INFO]: Reloading ResourceManager: vanilla, fabric (advanced_runtime_resource_pack, badoptimizations, c2me, cloth-config, conditional-mixin, dynamic_fps, enhancedblockentities, entityculling, fabric-api, fabric-api-base, fabric-api-lookup-api-v1, fabric-biome-api-v1, fabric-block-api-v1, fabric-block-view-api-v2, fabric-blockrenderlayer-v1, fabric-client-tags-api-v1, fabric-command-api-v1, fabric-command-api-v2, fabric-commands-v0, fabric-containers-v0, fabric-content-registries-v0, fabric-convention-tags-v1, fabric-crash-report-info-v1, fabric-data-attachment-api-v1, fabric-data-generation-api-v1, fabric-dimensions-v1, fabric-entity-events-v1, fabric-events-interaction-v0, fabric-events-lifecycle-v0, fabric-game-rule-api-v1, fabric-item-api-v1, fabric-item-group-api-v1, fabric-key-binding-api-v1, fabric-keybindings-v0, fabric-lifecycle-events-v1, fabric-loot-api-v2, fabric-loot-tables-v1, fabric-message-api-v1, fabric-mining-level-api-v1, fabric-model-loading-api-v1, fabric-models-v0, fabric-networking-api-v1, fabric-networking-v0, fabric-object-builder-api-v1, fabric-particles-v1, fabric-recipe-api-v1, fabric-registry-sync-v0, fabric-renderer-api-v1, fabric-renderer-indigo, fabric-renderer-registries-v1, fabric-rendering-data-attachment-v1, fabric-rendering-fluids-v1, fabric-rendering-v0, fabric-rendering-v1, fabric-resource-conditions-api-v1, fabric-resource-loader-v0, fabric-screen-api-v1, fabric-screen-handler-api-v1, fabric-sound-api-v1, fabric-transfer-api-v1, fabric-transitive-access-wideners-v1, fabricloader, immediatelyfast, indium, lithium, modernfix, modmenu, moreculling, sodium, spruceui, threadtweak, trender, yosbr)
[19:01:25] [Render thread/INFO]: closing rrp ebe:base_resources
[19:01:25] [Render thread/INFO]: ARRP register - before vanilla
[19:01:25] [Render thread/INFO]: ARRP register - after vanilla
[19:01:25] [Worker-ResourceReload-26/INFO]: Found unifont_all_no_pua-15.0.06.hex, loading
[19:01:26] [Render thread/INFO]: Cached all modded block culling states
[19:01:26] [Realms Notification Availability checker #1/INFO]: Could not authorize you against Realms server: javax.ws.rs.BadRequestException: Invalid session
[19:01:28] [Render thread/WARN]: Missing sound for event: minecraft:item.goat_horn.play
[19:01:28] [Render thread/WARN]: Missing sound for event: minecraft:entity.goat.screaming.horn_break
[ALSOFT] (EE) Failed to set real-time priority for thread: Operation not permitted (1)
[19:01:28] [Render thread/INFO]: OpenAL initialized on device JACK Default
[19:01:28] [Render thread/INFO]: Sound engine started
[19:01:28] [Render thread/INFO]: Created: 1024x1024x4 minecraft:textures/atlas/blocks.png-atlas
[19:01:28] [Render thread/INFO]: Created: 256x256x4 minecraft:textures/atlas/signs.png-atlas
[19:01:28] [Render thread/INFO]: Created: 512x512x4 minecraft:textures/atlas/shield_patterns.png-atlas
[19:01:28] [Render thread/INFO]: Created: 512x512x4 minecraft:textures/atlas/banner_patterns.png-atlas
[19:01:28] [Render thread/INFO]: Created: 1024x1024x4 minecraft:textures/atlas/armor_trims.png-atlas
[19:01:28] [Render thread/INFO]: Created: 128x64x4 minecraft:textures/atlas/decorated_pot.png-atlas
[19:01:28] [Render thread/INFO]: Created: 256x256x4 minecraft:textures/atlas/chest.png-atlas
[19:01:28] [Render thread/INFO]: Created: 512x256x4 minecraft:textures/atlas/shulker_boxes.png-atlas
[19:01:28] [Render thread/INFO]: Created: 512x256x4 minecraft:textures/atlas/beds.png-atlas
[19:01:28] [Render thread/WARN]: Shader rendertype_entity_translucent_emissive could not find sampler named Sampler2 in the specified shader program.
[19:01:29] [Render thread/INFO]: Created: 256x256x0 minecraft:textures/atlas/particles.png-atlas
[19:01:29] [Render thread/INFO]: Created: 256x256x0 minecraft:textures/atlas/paintings.png-atlas
[19:01:29] [Render thread/INFO]: Created: 128x128x0 minecraft:textures/atlas/mob_effects.png-atlas
[19:01:31] [Render thread/WARN]: Game took 21.818 seconds to start
