[18:20:43] [main/INFO]: Loading Minecraft 1.20.1 with Fabric Loader 0.16.10
[18:20:43] [main/INFO]: Fabric is preparing JARs on first launch, this may take a few seconds...
[18:20:43] [main/INFO]: Loading 109 mods:
	- badoptimizations 2.2.2
	- c2me 0.2.0+alpha.11.16
	   |-- c2me-base 0.2.0+alpha.11.16
	   |-- c2me-client-uncapvd 0.2.0+alpha.11.16
	   |-- c2me-fixes-chunkio-threading-issues 0.2.0+alpha.11.16
	   |-- c2me-fixes-general-threading-issues 0.2.0+alpha.11.16
	   |-- c2me-fixes-worldgen-threading-issues 0.2.0+alpha.11.16
	   |-- c2me-fixes-worldgen-vanilla-bugs 0.2.0+alpha.11.16
	   |-- c2me-notickvd 0.2.0+alpha.11.16
	   |-- c2me-opts-allocs 0.2.0+alpha.11.16
	   |-- c2me-opts-chunk-access 0.2.0+alpha.11.16
	   |-- c2me-opts-chunkio 0.2.0+alpha.11.16
	   |-- c2me-opts-math 0.2.0+alpha.11.16
	   |-- c2me-opts-scheduling 0.2.0+alpha.11.16
	   |-- c2me-opts-worldgen-general 0.2.0+alpha.11.16
	   |-- c2me-opts-worldgen-vanilla 0.2.0+alpha.11.16
	   |-- c2me-rewrites-chunk-serializer 0.2.0+alpha.11.16
	   |-- c2me-rewrites-chunkio 0.2.0+alpha.11.16
	   |-- c2me-server-utils 0.2.0+alpha.11.16
	   |-- c2me-threading-chunkio 0.2.0+alpha.11.16
	   |-- c2me-threading-lighting 0.2.0+alpha.11.16
	   |-- c2me-threading-worldgen 0.2.0+alpha.11.16
	   |-- com_electronwill_night-config_core 3.6.5
	   |-- com_electronwill_night-config_toml 3.6.5
	   |-- com_ibm_async_asyncutil 0.1.0
	   |-- net_objecthunter_exp4j 0.4.8
	   \-- org_threadly_threadly 7.0
	- cloth-config 11.1.136
	   \-- cloth-basic-math 0.6.1
	- dynamic_fps 3.9.4
	   \-- net_lostluma_battery 1.3.0
	- enhancedblockentities 0.9+1.20
	   |-- advanced_runtime_resource_pack 0.6.7
	   \-- spruceui 5.0.0+1.20
	- entityculling 1.7.4
	- fabric-api 0.92.5+1.20.1
	   |-- fabric-api-base 0.4.32+1802ada577
	   |-- fabric-api-lookup-api-v1 1.6.37+1802ada577
	   |-- fabric-biome-api-v1 13.0.14+1802ada577
	   |-- fabric-block-api-v1 1.0.12+1802ada577
	   |-- fabric-block-view-api-v2 1.0.3+924f046a77
	   |-- fabric-blockrenderlayer-v1 1.1.42+1802ada577
	   |-- fabric-client-tags-api-v1 1.1.3+1802ada577
	   |-- fabric-command-api-v1 1.2.35+f71b366f77
	   |-- fabric-command-api-v2 2.2.14+1802ada577
	   |-- fabric-commands-v0 0.2.52+df3654b377
	   |-- fabric-containers-v0 0.1.66+df3654b377
	   |-- fabric-content-registries-v0 4.0.13+1802ada577
	   |-- fabric-convention-tags-v1 1.5.6+1802ada577
	   |-- fabric-crash-report-info-v1 0.2.20+1802ada577
	   |-- fabric-data-attachment-api-v1 1.0.2+de0fd6d177
	   |-- fabric-data-generation-api-v1 12.3.6+1802ada577
	   |-- fabric-dimensions-v1 2.1.55+1802ada577
	   |-- fabric-entity-events-v1 1.6.1+1c78457f77
	   |-- fabric-events-interaction-v0 0.6.4+13a40c6677
	   |-- fabric-events-lifecycle-v0 0.2.64+df3654b377
	   |-- fabric-game-rule-api-v1 1.0.41+1802ada577
	   |-- fabric-item-api-v1 2.1.29+1802ada577
	   |-- fabric-item-group-api-v1 4.0.14+1802ada577
	   |-- fabric-key-binding-api-v1 1.0.38+1802ada577
	   |-- fabric-keybindings-v0 0.2.36+df3654b377
	   |-- fabric-lifecycle-events-v1 2.2.23+1802ada577
	   |-- fabric-loot-api-v2 1.2.3+1802ada577
	   |-- fabric-loot-tables-v1 1.1.47+9e7660c677
	   |-- fabric-message-api-v1 5.1.10+1802ada577
	   |-- fabric-mining-level-api-v1 2.1.52+1802ada577
	   |-- fabric-model-loading-api-v1 1.0.4+1802ada577
	   |-- fabric-models-v0 0.4.3+9386d8a777
	   |-- fabric-networking-api-v1 1.3.13+13a40c6677
	   |-- fabric-networking-v0 0.3.53+df3654b377
	   |-- fabric-object-builder-api-v1 11.1.5+e35120df77
	   |-- fabric-particles-v1 1.1.3+1802ada577
	   |-- fabric-recipe-api-v1 1.0.23+1802ada577
	   |-- fabric-registry-sync-v0 2.3.5+1802ada577
	   |-- fabric-renderer-api-v1 3.2.2+1802ada577
	   |-- fabric-renderer-indigo 1.5.3+85287f9f77
	   |-- fabric-renderer-registries-v1 3.2.47+df3654b377
	   |-- fabric-rendering-data-attachment-v1 0.3.39+92a0d36777
	   |-- fabric-rendering-fluids-v1 3.0.29+1802ada577
	   |-- fabric-rendering-v0 1.1.50+df3654b377
	   |-- fabric-rendering-v1 3.0.9+1802ada577
	   |-- fabric-resource-conditions-api-v1 2.3.9+1802ada577
	   |-- fabric-resource-loader-v0 0.11.12+fb82e9d777
	   |-- fabric-screen-api-v1 2.0.9+1802ada577
	   |-- fabric-screen-handler-api-v1 1.3.32+1802ada577
	   |-- fabric-sound-api-v1 1.0.14+1802ada577
	   |-- fabric-transfer-api-v1 3.3.6+8dd72ea377
	   \-- fabric-transitive-access-wideners-v1 4.3.2+1802ada577
	- fabricloader 0.16.10
	   \-- mixinextras 0.4.1
	- ferritecore 6.0.1
	- immediatelyfast 1.5.0+1.20.4
	   \-- net_lenni0451_reflect 1.3.4
	- indium 1.0.36+mc1.20.1
	- iris 1.7.6+mc1.20.1
	   |-- io_github_douira_glsl-transformer 2.0.1
	   |-- org_anarres_jcpp 1.4.14
	   \-- org_antlr_antlr4-runtime 4.13.1
	- java 17
	- lithium 0.11.3
	- minecraft 1.20.1
	- modernfix 5.23.0+mc1.20.1
	- modmenu 7.2.2
	- moreculling 1.20.4-0.24.0
	   |-- conditional-mixin 0.3.2
	   \-- mixinsquared 0.1.1
	- sodium 0.5.13+mc1.20.1
	- threadtweak 1.20.2-0.1.1
	- yosbr 0.1.2
[18:20:43] [main/INFO]: Applying default options... (YOSBR)
[18:20:43] [main/INFO]: Applying default options for /config/threadtweak.json from /config/yosbr/config/threadtweak.json
[18:20:43] [main/INFO]: Applying default options for /config/ferritecore.mixin.properties from /config/yosbr/config/ferritecore.mixin.properties
[18:20:43] [main/INFO]: Applying default options for /config/modernfix-mixins.properties from /config/yosbr/config/modernfix-mixins.properties
[18:20:43] [main/INFO]: Applying default options for /config/immediatelyfast.json from /config/yosbr/config/immediatelyfast.json
[18:20:43] [main/INFO]: Applying default options for /config/sodium-options.json from /config/yosbr/config/sodium-options.json
[18:20:43] [main/INFO]: Applying default options for /config/entityculling.json from /config/yosbr/config/entityculling.json
[18:20:43] [main/INFO]: Applying default options for /config/badoptimizations.txt from /config/yosbr/config/badoptimizations.txt
[18:20:43] [main/INFO]: Applying default options for /config/moreculling.toml from /config/yosbr/config/moreculling.toml
[18:20:43] [main/INFO]: Applying default options for /config/c2me.toml from /config/yosbr/config/c2me.toml
[18:20:43] [main/INFO]: Applying default options for /options.txt from /config/yosbr/options.txt
[18:20:44] [main/INFO]: SpongePowered MIXIN Subsystem Version=0.8.7 Source=file:/home/tbmag/code/Modpack_DevTools/testMcs/1.20.1/fabric/libraries/net/fabricmc/sponge-mixin/0.15.4+mixin.0.8.7/sponge-mixin-0.15.4+mixin.0.8.7.jar Service=Knot/Fabric Env=CLIENT
[18:20:44] [main/INFO]: Compatibility level set to JAVA_17
[18:20:44] [main/INFO]: Loading config file
[18:20:44] [main/INFO]: Upgrading config from version 3 to supported version 4
[18:20:44] [main/INFO]: Generating config file version 4
[18:20:44] [main/INFO]: Config version: 4
[18:20:44] [main/INFO]: BadOptimizations config dump:
[18:20:44] [main/INFO]: enable_toast_optimizations: true
[18:20:44] [main/INFO]: ignore_mod_incompatibilities: false
[18:20:44] [main/INFO]: lightmap_time_change_needed_for_update: 60
[18:20:44] [main/INFO]: enable_lightmap_caching: true
[18:20:44] [main/INFO]: enable_particle_manager_optimization: true
[18:20:44] [main/INFO]: enable_entity_renderer_caching: true
[18:20:44] [main/INFO]: log_config: true
[18:20:44] [main/INFO]: enable_remove_redundant_fov_calculations: true
[18:20:44] [main/INFO]: config_version: 4
[18:20:44] [main/INFO]: enable_sky_angle_caching_in_worldrenderer: true
[18:20:44] [main/INFO]: enable_block_entity_renderer_caching: true
[18:20:44] [main/INFO]: skycolor_time_change_needed_for_update: 10
[18:20:44] [main/INFO]: enable_entity_flag_caching: true
[18:20:44] [main/INFO]: enable_debug_renderer_disable_if_not_needed: true
[18:20:44] [main/INFO]: enable_sky_color_caching: true
[18:20:44] [main/INFO]: enable_remove_tutorial_if_not_demo: true
[18:20:44] [main/INFO]: show_f3_text: false
[18:20:44] [main/INFO]: Initializing com.ishland.c2me.base.mixin
[18:20:44] [main/INFO]: Initializing com.ishland.c2me.client.uncapvd.mixin
[18:20:44] [main/INFO]: Disabling com.ishland.c2me.client.uncapvd.mixin
[18:20:44] [main/INFO]: Initializing com.ishland.c2me.fixes.chunkio.threading_issues.mixin
[18:20:44] [main/INFO]: Initializing com.ishland.c2me.fixes.general.threading_issues.mixin
[18:20:44] [main/INFO]: Initializing com.ishland.c2me.fixes.worldgen.threading_issues.mixin
[18:20:44] [main/INFO]: Initializing com.ishland.c2me.fixes.worldgen.vanilla_bugs.mixin
[18:20:44] [main/INFO]: Initializing com.ishland.c2me.notickvd.mixin
[18:20:44] [main/INFO]: Initializing com.ishland.c2me.opts.allocs.mixin
[18:20:44] [main/INFO]: Initializing com.ishland.c2me.opts.chunk_access.mixin
[18:20:44] [main/INFO]: Initializing com.ishland.c2me.opts.chunkio.mixin
[18:20:44] [main/INFO]: Initializing com.ishland.c2me.opts.math.mixin
[18:20:44] [main/INFO]: Initializing com.ishland.c2me.opts.scheduling.mixin
[18:20:44] [main/INFO]: Initializing com.ishland.c2me.opts.worldgen.general.mixin
[18:20:44] [main/INFO]: Initializing com.ishland.c2me.opts.worldgen.vanilla.mixin
[18:20:44] [main/INFO]: Initializing com.ishland.c2me.rewrites.chunk_serializer.mixin
[18:20:44] [main/INFO]: Disabling com.ishland.c2me.rewrites.chunk_serializer.mixin
[18:20:44] [main/INFO]: Initializing com.ishland.c2me.rewrites.chunkio.mixin
[18:20:44] [main/INFO]: Disabling com.ishland.c2me.rewrites.chunkio.mixin
[18:20:44] [main/INFO]: Initializing com.ishland.c2me.server.utils.mixin
[18:20:44] [main/INFO]: Initializing com.ishland.c2me.threading.chunkio.mixin
[18:20:44] [main/INFO]: Initializing com.ishland.c2me.threading.lighting.mixin
[18:20:44] [main/INFO]: Initializing com.ishland.c2me.threading.worldgen.mixin
[18:20:44] [main/INFO]: Disabling com.ishland.c2me.threading.worldgen.mixin
[18:20:44] [main/INFO]: Loaded configuration file for Lithium: 131 options available, 2 override(s) found
[18:20:45] [main/INFO]: Loaded configuration file for ModernFix 5.23.0+mc1.20.1: 69 options available, 5 override(s) found
[18:20:45] [main/WARN]: Option 'mixin.bugfix.paper_chunk_patches' overriden (by mods [c2me]) to 'false'
[18:20:45] [main/WARN]: Option 'mixin.perf.cache_strongholds' overriden (by mods [c2me]) to 'false'
[18:20:45] [main/WARN]: Option 'mixin.perf.nbt_memory_usage' overriden (by mods [c2me]) to 'false'
[18:20:45] [main/WARN]: Option 'mixin.bugfix.chunk_deadlock' overriden (by mods [c2me]) to 'false'
[18:20:45] [main/WARN]: Option 'mixin.perf.thread_priorities' overriden (by mods [threadtweak]) to 'false'
[18:20:45] [main/INFO]: Applying Nashorn fix
[18:20:45] [main/INFO]: Loaded configuration file for Sodium: 42 options available, 3 override(s) found
[18:20:45] [main/WARN]: Mixin malte0811.ferritecore.mixin.threaddetec.PalettedContainerMixin is disabled automatically as lithium is installed
[18:20:45] [main/WARN]: Force-disabling mixin 'alloc.blockstate.StateMixin' as rule 'mixin.alloc.blockstate' (added by mods [ferritecore]) disables it and children
[18:20:45] [main/WARN]: Force-disabling mixin 'world.player_chunk_tick.ThreadedAnvilChunkStorageMixin' as rule 'mixin.world.player_chunk_tick' (added by mods [c2me]) disables it and children
[18:20:46] [main/WARN]: Force-disabling mixin 'features.render.entity.CuboidMixin' as rule 'mixin.features.render.entity' (added by mods [iris]) disables it and children
[18:20:46] [main/WARN]: Force-disabling mixin 'features.render.entity.ModelPartMixin' as rule 'mixin.features.render.entity' (added by mods [iris]) disables it and children
[18:20:46] [main/WARN]: Force-disabling mixin 'features.render.entity.cull.EntityRendererMixin' as rule 'mixin.features.render.entity' (added by mods [iris]) disables it and children
[18:20:46] [main/WARN]: Force-disabling mixin 'features.render.entity.shadows.EntityRenderDispatcherMixin' as rule 'mixin.features.render.entity' (added by mods [iris]) disables it and children
[18:20:46] [main/WARN]: Force-disabling mixin 'features.render.gui.font.GlyphRendererMixin' as rule 'mixin.features.render.gui.font' (added by mods [iris]) disables it and children
[18:20:46] [main/WARN]: Force-disabling mixin 'features.render.world.sky.BackgroundRendererMixin' as rule 'mixin.features.render.world.sky' (added by mods [iris]) disables it and children
[18:20:46] [main/WARN]: Force-disabling mixin 'features.render.world.sky.ClientWorldMixin' as rule 'mixin.features.render.world.sky' (added by mods [iris]) disables it and children
[18:20:46] [main/WARN]: Force-disabling mixin 'features.render.world.sky.WorldRendererMixin' as rule 'mixin.features.render.world.sky' (added by mods [iris]) disables it and children
[18:20:46] [main/INFO]: I used the json to destroy the json
[18:20:46] [main/INFO]: Searching for graphics cards...
[18:20:46] [main/INFO]: Found graphics adapter: LinuxPciAdapterInfo[vendor=AMD, name=Raphael, pciVendorId=0x1002, pciDeviceId=0x164e]
[18:20:46] [main/INFO]: Found graphics adapter: LinuxPciAdapterInfo[vendor=NVIDIA, name=AD104M [GeForce RTX 4080 Max-Q / Mobile], pciVendorId=0x10de, pciDeviceId=0x27e0]
[18:20:46] [main/WARN]: Sodium has applied one or more workarounds to prevent crashes or other issues on your system: [NVIDIA_THREADED_OPTIMIZATIONS_BROKEN, NO_ERROR_CONTEXT_UNSUPPORTED]
[18:20:46] [main/WARN]: This is not necessarily an issue, but it may result in certain features or optimizations being disabled. You can sometimes fix these issues by upgrading your graphics driver.
[18:20:46] [main/INFO]: Initializing MixinExtras via com.llamalad7.mixinextras.service.MixinExtrasServiceImpl(version=0.4.1).
