[22:01:47] [main/INFO]: Loading Minecraft 1.21.6 with Fabric Loader 0.16.14
[22:01:47] [main/INFO]: Loading 91 mods:
	- badoptimizations 2.2.3
	- c2me 0.3.4+alpha.0.42+1.21.6
	   |-- c2me-base 0.3.4+alpha.0.42+1.21.6
	   |-- c2me-client-uncapvd 0.3.4+alpha.0.42+1.21.6
	   |-- c2me-fixes-chunkio-threading-issues 0.3.4+alpha.0.42+1.21.6
	   |-- c2me-fixes-general-threading-issues 0.3.4+alpha.0.42+1.21.6
	   |-- c2me-fixes-worldgen-threading-issues 0.3.4+alpha.0.42+1.21.6
	   |-- c2me-fixes-worldgen-vanilla-bugs 0.3.4+alpha.0.42+1.21.6
	   |-- c2me-notickvd 0.3.4+alpha.0.42+1.21.6
	   |-- c2me-opts-allocs 0.3.4+alpha.0.42+1.21.6
	   |-- c2me-opts-chunkio 0.3.4+alpha.0.42+1.21.6
	   |-- c2me-opts-dfc 0.3.4+alpha.0.42+1.21.6
	   |-- c2me-opts-math 0.3.4+alpha.0.42+1.21.6
	   |-- c2me-opts-scheduling 0.3.4+alpha.0.42+1.21.6
	   |-- c2me-opts-worldgen-general 0.3.4+alpha.0.42+1.21.6
	   |-- c2me-opts-worldgen-vanilla 0.3.4+alpha.0.42+1.21.6
	   |-- c2me-rewrites-chunk-serializer 0.3.4+alpha.0.42+1.21.6
	   |-- c2me-rewrites-chunk-system 0.3.4+alpha.0.42+1.21.6
	   |-- c2me-rewrites-chunkio 0.3.4+alpha.0.42+1.21.6
	   |-- c2me-server-utils 0.3.4+alpha.0.42+1.21.6
	   |-- c2me-threading-lighting 0.3.4+alpha.0.42+1.21.6
	   |-- com_electronwill_night-config_core 3.6.5
	   |-- com_electronwill_night-config_toml 3.6.5
	   |-- com_ibm_async_asyncutil 0.1.0
	   |-- io_reactivex_rxjava3_rxjava 3.1.8
	   |-- net_objecthunter_exp4j 0.4.8
	   |-- org_jctools_jctools-core 4.0.5
	   \-- org_reactivestreams_reactive-streams 1.0.4
	- cloth-config 19.0.147
	   \-- cloth-basic-math 0.6.1
	- entityculling 1.8.0
	   |-- transition 1.0.2
	   \-- trender 1.0.4
	- fabric-api 0.127.1+1.21.6
	   |-- fabric-api-base 0.4.63+9ec45cd896
	   |-- fabric-api-lookup-api-v1 1.6.99+9ec45cd896
	   |-- fabric-biome-api-v1 16.0.10+fa6cb72b96
	   |-- fabric-block-api-v1 1.1.2+78dbe4fb96
	   |-- fabric-block-view-api-v2 1.0.30+d32f812d96
	   |-- fabric-command-api-v2 2.2.52+b39a696a96
	   |-- fabric-content-registries-v0 10.0.17+fa6cb72b96
	   |-- fabric-convention-tags-v1 2.1.37+7f945d5b96
	   |-- fabric-convention-tags-v2 2.15.2+d9a8963096
	   |-- fabric-crash-report-info-v1 0.3.14+fa6cb72b96
	   |-- fabric-data-attachment-api-v1 1.8.9+d9a8963096
	   |-- fabric-data-generation-api-v1 23.2.1+a12c792296
	   |-- fabric-dimensions-v1 4.0.18+75fa737a96
	   |-- fabric-entity-events-v1 2.1.0+c9e4727396
	   |-- fabric-events-interaction-v0 4.0.22+0d4d744796
	   |-- fabric-game-rule-api-v1 1.0.71+9ec45cd896
	   |-- fabric-item-api-v1 11.4.2+5e29f18996
	   |-- fabric-item-group-api-v1 4.2.12+9ec45cd896
	   |-- fabric-key-binding-api-v1 1.0.64+9ec45cd896
	   |-- fabric-lifecycle-events-v1 2.6.2+db4dfd8596
	   |-- fabric-loot-api-v2 3.0.54+3f89f5a596
	   |-- fabric-loot-api-v3 2.0.1+f408173096
	   |-- fabric-message-api-v1 6.1.0+8efa0e4996
	   |-- fabric-model-loading-api-v1 5.2.4+ae8be2b896
	   |-- fabric-networking-api-v1 5.0.0+d32f812d96
	   |-- fabric-object-builder-api-v1 21.1.6+946cf78996
	   |-- fabric-particles-v1 4.1.6+c1dce21896
	   |-- fabric-recipe-api-v1 8.1.13+39ce47f596
	   |-- fabric-registry-sync-v0 6.1.26+5936d6ff96
	   |-- fabric-renderer-api-v1 7.0.1+a0cfcc8296
	   |-- fabric-renderer-indigo 4.0.1+2516f22296
	   |-- fabric-rendering-fluids-v1 3.1.29+fa6cb72b96
	   |-- fabric-rendering-v1 12.3.0+ac3e15d196
	   |-- fabric-resource-conditions-api-v1 5.0.23+908cbc9196
	   |-- fabric-resource-loader-v0 3.1.10+fa6cb72b96
	   |-- fabric-screen-api-v1 2.0.50+908cbc9196
	   |-- fabric-screen-handler-api-v1 1.3.135+d32f812d96
	   |-- fabric-sound-api-v1 1.0.41+d32f812d96
	   |-- fabric-tag-api-v1 1.2.0+75110b0496
	   |-- fabric-transfer-api-v1 6.0.4+074c84ee96
	   \-- fabric-transitive-access-wideners-v1 6.4.0+ac3e15d196
	- fabricloader 0.16.14
	   \-- mixinextras 0.4.1
	- ferritecore 8.0.0
	- immediatelyfast 1.10.1+1.21.6
	   \-- net_lenni0451_reflect 1.3.4
	- java 21
	- lithium 0.17.0+mc1.21.6
	- minecraft 1.21.6
	- modmenu 15.0.0-beta.3
	   \-- placeholder-api 2.7.0+1.21.6
	- moreculling 1.4.0-beta.1
	   |-- conditional-mixin 0.6.3
	   \-- mixinsquared 0.2.0
	- sodium 0.6.13+mc1.21.6
	- threadtweak 0.1.7+mc1.21.5
	- yosbr 0.1.2
[22:01:47] [main/INFO]: Applying default options... (YOSBR)
[22:01:48] [main/INFO]: SpongePowered MIXIN Subsystem Version=0.8.7 Source=file:/home/tbmag/code/Modpack_DevTools/testMcs/1.21.6/fabric/libraries/net/fabricmc/sponge-mixin/0.15.5+mixin.0.8.7/sponge-mixin-0.15.5+mixin.0.8.7.jar Service=Knot/Fabric Env=CLIENT
[22:01:48] [main/INFO]: Compatibility level set to JAVA_17
[22:01:48] [main/INFO]: Compatibility level set to JAVA_21
[22:01:48] [main/INFO]: Generating config file version 4
[22:01:48] [main/INFO]: Initializing com.ishland.c2me.base.mixin
[22:01:48] [main/INFO]: Updating config from 0 to 1
[22:01:48] [main/INFO]: Updating config from 1 to 2
[22:01:48] [main/INFO]: Updating config from 2 to 3
[22:01:48] [main/INFO]: Global Executor Parallelism: 4 configured, 4 evaluated, 4 default evaluated
[22:01:48] [main/INFO]: Initializing com.ishland.c2me.client.uncapvd.mixin
[22:01:48] [main/INFO]: Initializing com.ishland.c2me.fixes.chunkio.threading_issues.mixin
[22:01:48] [main/INFO]: Initializing com.ishland.c2me.fixes.general.threading_issues.mixin
[22:01:48] [main/INFO]: Initializing com.ishland.c2me.fixes.worldgen.threading_issues.mixin
[22:01:48] [main/INFO]: Initializing com.ishland.c2me.fixes.worldgen.vanilla_bugs.mixin
[22:01:48] [main/INFO]: Initializing com.ishland.c2me.notickvd.mixin
[22:01:48] [main/INFO]: Initializing com.ishland.c2me.opts.allocs.mixin
[22:01:48] [main/INFO]: Initializing com.ishland.c2me.opts.chunkio.mixin
[22:01:48] [main/INFO]: Initializing com.ishland.c2me.opts.dfc.mixin
[22:01:48] [main/INFO]: Initializing com.ishland.c2me.opts.math.mixin
[22:01:48] [main/INFO]: Initializing com.ishland.c2me.opts.scheduling.mixin
[22:01:48] [main/INFO]: Initializing com.ishland.c2me.opts.worldgen.general.mixin
[22:01:48] [main/INFO]: Initializing com.ishland.c2me.opts.worldgen.vanilla.mixin
[22:01:48] [main/INFO]: Initializing com.ishland.c2me.rewrites.chunk_serializer.mixin
[22:01:48] [main/INFO]: Disabling com.ishland.c2me.rewrites.chunk_serializer.mixin
[22:01:48] [main/INFO]: Initializing com.ishland.c2me.rewrites.chunksystem.mixin
[22:01:48] [main/INFO]: Initializing com.ishland.c2me.rewrites.chunkio.mixin
[22:01:48] [main/INFO]: Initializing com.ishland.c2me.server.utils.mixin
[22:01:48] [main/INFO]: Initializing com.ishland.c2me.threading.lighting.mixin
[22:01:48] [main/WARN]: Mod 'ferritecore' attempted to override option 'mixin.alloc.blockstate', which doesn't exist, ignoring
[22:01:48] [main/INFO]: Loaded configuration file for Lithium: 160 options available, 0 override(s) found.
[22:01:48] [main/INFO]: Loaded configuration file for Sodium: 43 options available, 0 override(s) found
[22:01:48] [main/WARN]: Error loading class: me/jellysquid/mods/sodium/client/gui/SodiumGameOptionPages (java.lang.ClassNotFoundException: me/jellysquid/mods/sodium/client/gui/SodiumGameOptionPages)
[22:01:48] [main/WARN]: Error loading class: net/caffeinemc/sodium/config/user/UserConfigCategories (java.lang.ClassNotFoundException: net/caffeinemc/sodium/config/user/UserConfigCategories)
[22:01:48] [main/WARN]: Error loading class: net/vulkanmod/config/option/Options (java.lang.ClassNotFoundException: net/vulkanmod/config/option/Options)
[22:01:48] [main/WARN]: Error loading class: ca/spottedleaf/starlight/common/thread/SchedulingUtil (java.lang.ClassNotFoundException: ca/spottedleaf/starlight/common/thread/SchedulingUtil)
[22:01:49] [main/WARN]: Error loading class: me/jellysquid/mods/sodium/client/gui/SodiumGameOptionPages (java.lang.ClassNotFoundException: me/jellysquid/mods/sodium/client/gui/SodiumGameOptionPages)
[22:01:49] [main/WARN]: Error loading class: net/caffeinemc/sodium/config/user/UserConfigCategories (java.lang.ClassNotFoundException: net/caffeinemc/sodium/config/user/UserConfigCategories)
[22:01:49] [main/WARN]: Error loading class: me/jellysquid/mods/sodium/client/gui/SodiumGameOptionPages (java.lang.ClassNotFoundException: me/jellysquid/mods/sodium/client/gui/SodiumGameOptionPages)
[22:01:49] [main/WARN]: Error loading class: net/caffeinemc/sodium/config/user/UserConfigCategories (java.lang.ClassNotFoundException: net/caffeinemc/sodium/config/user/UserConfigCategories)
[22:01:49] [main/INFO]: Searching for graphics cards...
[22:01:49] [main/INFO]: Found graphics adapter: LinuxPciAdapterInfo[vendor=AMD, name=Raphael, pciVendorId=0x1002, pciDeviceId=0x164e]
[22:01:49] [main/INFO]: Found graphics adapter: LinuxPciAdapterInfo[vendor=NVIDIA, name=AD104M [GeForce RTX 4080 Max-Q / Mobile], pciVendorId=0x10de, pciDeviceId=0x27e0]
[22:01:49] [main/WARN]: Sodium has applied one or more workarounds to prevent crashes or other issues on your system: [NVIDIA_THREADED_OPTIMIZATIONS_BROKEN, NO_ERROR_CONTEXT_UNSUPPORTED]
[22:01:49] [main/WARN]: This is not necessarily an issue, but it may result in certain features or optimizations being disabled. You can sometimes fix these issues by upgrading your graphics driver.
[22:01:49] [main/INFO]: Initializing MixinExtras via com.llamalad7.mixinextras.service.MixinExtrasServiceImpl(version=0.4.1).
[22:01:49] [main/INFO]: ThreadTweak config initialized
[22:01:50] [Datafixer Bootstrap/INFO]: 269 Datafixer optimizations took 296 milliseconds
[22:01:55] [Render thread/INFO]: Environment: Environment[sessionHost=https://sessionserver.mojang.com, servicesHost=https://api.minecraftservices.com, name=PROD]
[22:01:55] [Render thread/INFO]: Setting user: Player147
[22:01:55] [Render thread/INFO]: [Indigo] Different rendering plugin detected; not applying Indigo.
[22:01:55] [Render thread/INFO]: Checking mod updates...
[22:01:55] [Render thread/INFO]: [STDOUT]: [LibGui] Initializing Client...
[22:01:55] [Download-2/ERROR]: Failed to fetch user properties
com.mojang.authlib.exceptions.InvalidCredentialsException: Status: 401
	at knot/com.mojang.authlib.exceptions.MinecraftClientHttpException.toAuthenticationException(MinecraftClientHttpException.java:59) ~[authlib-6.0.58.jar:?]
	at knot/com.mojang.authlib.yggdrasil.YggdrasilUserApiService.fetchProperties(YggdrasilUserApiService.java:150) ~[authlib-6.0.58.jar:?]
	at knot/net.minecraft.class_310.method_55608(class_310.java:463) ~[client-intermediary.jar:?]
	at java.base/java.util.concurrent.CompletableFuture$AsyncSupply.run(CompletableFuture.java:1768) ~[?:?]
	at java.base/java.util.concurrent.ThreadPoolExecutor.runWorker(ThreadPoolExecutor.java:1144) ~[?:?]
	at java.base/java.util.concurrent.ThreadPoolExecutor$Worker.run(ThreadPoolExecutor.java:642) ~[?:?]
	at java.base/java.lang.Thread.run(Thread.java:1583) [?:?]
Caused by: com.mojang.authlib.exceptions.MinecraftClientHttpException: Status: 401
	at knot/com.mojang.authlib.minecraft.client.MinecraftClient.readInputStream(MinecraftClient.java:103) ~[authlib-6.0.58.jar:?]
	at knot/com.mojang.authlib.minecraft.client.MinecraftClient.get(MinecraftClient.java:56) ~[authlib-6.0.58.jar:?]
	at knot/com.mojang.authlib.yggdrasil.YggdrasilUserApiService.fetchProperties(YggdrasilUserApiService.java:121) ~[authlib-6.0.58.jar:?]
	... 5 more
[22:01:55] [Render thread/INFO]: Backend library: LWJGL version 3.3.3-snapshot
[22:01:55] [Render thread/WARN]: Detected unexpected shutdown during last game startup: resetting fullscreen mode
[22:01:56] [Render thread/INFO]: Modifying process environment to apply workarounds for the NVIDIA graphics driver...
[22:01:56] [Render thread/INFO]: Initializing ImmediatelyFast 1.10.1+1.21.6 on NVIDIA GeForce RTX 4080 Laptop GPU/PCIe/SSE2 (NVIDIA Corporation) with OpenGL 3.2.0 NVIDIA 575.57.08
[22:01:56] [Render thread/INFO]: OpenGL Vendor: NVIDIA Corporation
[22:01:56] [Render thread/INFO]: OpenGL Renderer: NVIDIA GeForce RTX 4080 Laptop GPU/PCIe/SSE2
[22:01:56] [Render thread/INFO]: OpenGL Version: 3.2.0 NVIDIA 575.57.08
[22:01:56] [Render thread/INFO]: Modifying OpenGL context to apply workarounds for the NVIDIA graphics driver...
[22:01:56] [Render thread/INFO]: Using optional rendering extensions: GL_ARB_buffer_storage, GL_KHR_debug, GL_ARB_vertex_attrib_binding, GL_ARB_direct_state_access
[22:01:56] [Render thread/WARN]: Removed resource pack badoptimizations from options because it is no longer compatible
[W][22:01:56.687214] pw.conf      | [          conf.c: 1204 pw_conf_load_conf_for_context()] setting config.name to client-rt.conf is deprecated, using client.conf
[22:01:57] [Render thread/INFO]: Reloading ResourceManager: vanilla, fabric, badoptimizations, c2me, cloth-config, conditional-mixin, entityculling, fabric-api, fabric-api-base, fabric-api-lookup-api-v1, fabric-biome-api-v1, fabric-block-api-v1, fabric-block-view-api-v2, fabric-command-api-v2, fabric-content-registries-v0, fabric-convention-tags-v1, fabric-convention-tags-v2, fabric-crash-report-info-v1, fabric-data-attachment-api-v1, fabric-data-generation-api-v1, fabric-dimensions-v1, fabric-entity-events-v1, fabric-events-interaction-v0, fabric-game-rule-api-v1, fabric-item-api-v1, fabric-item-group-api-v1, fabric-key-binding-api-v1, fabric-lifecycle-events-v1, fabric-loot-api-v2, fabric-loot-api-v3, fabric-message-api-v1, fabric-model-loading-api-v1, fabric-networking-api-v1, fabric-object-builder-api-v1, fabric-particles-v1, fabric-recipe-api-v1, fabric-registry-sync-v0, fabric-renderer-api-v1, fabric-renderer-indigo, fabric-rendering-fluids-v1, fabric-rendering-v1, fabric-resource-conditions-api-v1, fabric-resource-loader-v0, fabric-screen-api-v1, fabric-screen-handler-api-v1, fabric-sound-api-v1, fabric-tag-api-v1, fabric-transfer-api-v1, fabric-transitive-access-wideners-v1, fabricloader, immediatelyfast, lithium, modmenu, moreculling, placeholder-api, sodium, threadtweak, trender, yosbr
[22:01:57] [Worker-Main-15/INFO]: Found unifont_pua-16.0.03.hex, loading
[22:01:57] [Worker-Main-7/INFO]: Found unifont_jp_patch-16.0.03.hex, loading
[22:01:57] [Worker-Main-21/INFO]: Found unifont_all_no_pua-16.0.03.hex, loading
[22:01:57] [Render thread/INFO]: Cached all modded block culling states
[22:01:57] [Download-2/INFO]: Could not authorize you against Realms server: javax.ws.rs.BadRequestException: Invalid session
[22:01:57] [Download-2/ERROR]: Failed to fetch Realms feature flags
net.minecraft.class_4355: Realms authentication error with message 'javax.ws.rs.BadRequestException: Invalid session'
	at knot/net.minecraft.class_4341.method_20998(class_4341.java:538) ~[client-intermediary.jar:?]
	at knot/net.minecraft.class_4341.method_68466(class_4341.java:191) ~[client-intermediary.jar:?]
	at java.base/java.util.concurrent.CompletableFuture$AsyncSupply.run(CompletableFuture.java:1768) ~[?:?]
	at java.base/java.util.concurrent.ThreadPoolExecutor.runWorker(ThreadPoolExecutor.java:1144) ~[?:?]
	at java.base/java.util.concurrent.ThreadPoolExecutor$Worker.run(ThreadPoolExecutor.java:642) ~[?:?]
	at java.base/java.lang.Thread.run(Thread.java:1583) [?:?]
[22:01:58] [Render thread/INFO]: OpenAL initialized on device Family 17h/19h/1ah HD Audio Controller Analog Stereo
[22:01:58] [Render thread/INFO]: Sound engine started
[22:01:59] [Render thread/INFO]: Created: 1024x512x4 minecraft:textures/atlas/blocks.png-atlas
[22:01:59] [Render thread/INFO]: Created: 256x256x4 minecraft:textures/atlas/signs.png-atlas
[22:01:59] [Render thread/INFO]: Created: 512x512x4 minecraft:textures/atlas/banner_patterns.png-atlas
[22:01:59] [Render thread/INFO]: Created: 512x512x4 minecraft:textures/atlas/shield_patterns.png-atlas
[22:01:59] [Render thread/INFO]: Created: 2048x1024x4 minecraft:textures/atlas/armor_trims.png-atlas
[22:01:59] [Render thread/INFO]: Created: 256x256x4 minecraft:textures/atlas/chest.png-atlas
[22:01:59] [Render thread/INFO]: Created: 128x64x4 minecraft:textures/atlas/decorated_pot.png-atlas
[22:01:59] [Render thread/INFO]: Created: 512x256x4 minecraft:textures/atlas/beds.png-atlas
[22:01:59] [Render thread/INFO]: Created: 512x256x4 minecraft:textures/atlas/shulker_boxes.png-atlas
[22:01:59] [Render thread/INFO]: Created: 64x64x0 minecraft:textures/atlas/map_decorations.png-atlas
[22:01:59] [Render thread/INFO]: Created: 512x256x0 minecraft:textures/atlas/particles.png-atlas
[22:01:59] [Render thread/INFO]: Created: 512x256x0 minecraft:textures/atlas/paintings.png-atlas
[22:01:59] [Render thread/INFO]: Created: 1024x512x0 minecraft:textures/atlas/gui.png-atlas
