[08:52:46] [main/INFO]: Loading Minecraft 1.21.6 with Fabric Loader 0.16.14
[08:52:47] [main/INFO]: Loading 91 mods:
	- badoptimizations 2.2.3
	- c2me 0.3.4+alpha.0.42+1.21.6
	   |-- c2me-base 0.3.4+alpha.0.42+1.21.6
	   |-- c2me-client-uncapvd 0.3.4+alpha.0.42+1.21.6
	   |-- c2me-fixes-chunkio-threading-issues 0.3.4+alpha.0.42+1.21.6
	   |-- c2me-fixes-general-threading-issues 0.3.4+alpha.0.42+1.21.6
	   |-- c2me-fixes-worldgen-threading-issues 0.3.4+alpha.0.42+1.21.6
	   |-- c2me-fixes-worldgen-vanilla-bugs 0.3.4+alpha.0.42+1.21.6
	   |-- c2me-notickvd 0.3.4+alpha.0.42+1.21.6
	   |-- c2me-opts-allocs 0.3.4+alpha.0.42+1.21.6
	   |-- c2me-opts-chunkio 0.3.4+alpha.0.42+1.21.6
	   |-- c2me-opts-dfc 0.3.4+alpha.0.42+1.21.6
	   |-- c2me-opts-math 0.3.4+alpha.0.42+1.21.6
	   |-- c2me-opts-scheduling 0.3.4+alpha.0.42+1.21.6
	   |-- c2me-opts-worldgen-general 0.3.4+alpha.0.42+1.21.6
	   |-- c2me-opts-worldgen-vanilla 0.3.4+alpha.0.42+1.21.6
	   |-- c2me-rewrites-chunk-serializer 0.3.4+alpha.0.42+1.21.6
	   |-- c2me-rewrites-chunk-system 0.3.4+alpha.0.42+1.21.6
	   |-- c2me-rewrites-chunkio 0.3.4+alpha.0.42+1.21.6
	   |-- c2me-server-utils 0.3.4+alpha.0.42+1.21.6
	   |-- c2me-threading-lighting 0.3.4+alpha.0.42+1.21.6
	   |-- com_electronwill_night-config_core 3.6.5
	   |-- com_electronwill_night-config_toml 3.6.5
	   |-- com_ibm_async_asyncutil 0.1.0
	   |-- io_reactivex_rxjava3_rxjava 3.1.8
	   |-- net_objecthunter_exp4j 0.4.8
	   |-- org_jctools_jctools-core 4.0.5
	   \-- org_reactivestreams_reactive-streams 1.0.4
	- cloth-config 19.0.147
	   \-- cloth-basic-math 0.6.1
	- entityculling 1.8.0
	   |-- transition 1.0.2
	   \-- trender 1.0.4
	- fabric-api 0.128.0+1.21.6
	   |-- fabric-api-base 0.4.64+9ec45cd896
	   |-- fabric-api-lookup-api-v1 1.6.100+946bf4c396
	   |-- fabric-biome-api-v1 16.0.11+946bf4c396
	   |-- fabric-block-api-v1 1.1.3+946bf4c396
	   |-- fabric-block-view-api-v2 1.0.31+946bf4c396
	   |-- fabric-command-api-v2 2.2.53+946bf4c396
	   |-- fabric-content-registries-v0 10.0.18+946bf4c396
	   |-- fabric-convention-tags-v1 2.1.38+7f945d5b96
	   |-- fabric-convention-tags-v2 2.15.3+946bf4c396
	   |-- fabric-crash-report-info-v1 0.3.15+946bf4c396
	   |-- fabric-data-attachment-api-v1 1.8.10+946bf4c396
	   |-- fabric-data-generation-api-v1 23.2.2+946bf4c396
	   |-- fabric-dimensions-v1 4.0.19+946bf4c396
	   |-- fabric-entity-events-v1 2.1.1+c9e4727396
	   |-- fabric-events-interaction-v0 4.0.23+946bf4c396
	   |-- fabric-game-rule-api-v1 1.0.72+946bf4c396
	   |-- fabric-item-api-v1 11.4.3+946bf4c396
	   |-- fabric-item-group-api-v1 4.2.13+946bf4c396
	   |-- fabric-key-binding-api-v1 1.0.65+946bf4c396
	   |-- fabric-lifecycle-events-v1 2.6.3+db4dfd8596
	   |-- fabric-loot-api-v2 3.0.55+3f89f5a596
	   |-- fabric-loot-api-v3 2.0.2+946bf4c396
	   |-- fabric-message-api-v1 6.1.1+946bf4c396
	   |-- fabric-model-loading-api-v1 5.2.5+946bf4c396
	   |-- fabric-networking-api-v1 5.0.1+946bf4c396
	   |-- fabric-object-builder-api-v1 21.1.7+946bf4c396
	   |-- fabric-particles-v1 4.1.7+946bf4c396
	   |-- fabric-recipe-api-v1 8.1.14+946bf4c396
	   |-- fabric-registry-sync-v0 6.1.27+946bf4c396
	   |-- fabric-renderer-api-v1 7.0.2+946bf4c396
	   |-- fabric-renderer-indigo 4.0.2+946bf4c396
	   |-- fabric-rendering-fluids-v1 3.1.30+fa6cb72b96
	   |-- fabric-rendering-v1 12.4.0+e8d43c7696
	   |-- fabric-resource-conditions-api-v1 5.0.24+946bf4c396
	   |-- fabric-resource-loader-v0 3.1.11+946bf4c396
	   |-- fabric-screen-api-v1 2.0.51+946bf4c396
	   |-- fabric-screen-handler-api-v1 1.3.136+946bf4c396
	   |-- fabric-sound-api-v1 1.0.42+946bf4c396
	   |-- fabric-tag-api-v1 1.2.1+946bf4c396
	   |-- fabric-transfer-api-v1 6.0.5+946bf4c396
	   \-- fabric-transitive-access-wideners-v1 6.4.1+ac3e15d196
	- fabricloader 0.16.14
	   \-- mixinextras 0.4.1
	- ferritecore 8.0.0
	- immediatelyfast 1.10.1+1.21.6
	   \-- net_lenni0451_reflect 1.3.4
	- java 21
	- lithium 0.17.0+mc1.21.6
	- minecraft 1.21.6
	- modmenu 15.0.0-beta.3
	   \-- placeholder-api 2.7.0+1.21.6
	- moreculling 1.4.0-beta.1
	   |-- conditional-mixin 0.6.3
	   \-- mixinsquared 0.2.0
	- sodium 0.6.13+mc1.21.6
	- threadtweak 0.1.7+mc1.21.5
	- yosbr 0.1.2
[08:52:47] [main/INFO]: Applying default options... (YOSBR)
[08:52:47] [main/INFO]: Applying default options for /config/sodium-options.json from /config/yosbr/config/sodium-options.json
[08:52:47] [main/INFO]: Applying default options for /config/ferritecore.mixin.properties from /config/yosbr/config/ferritecore.mixin.properties
[08:52:47] [main/INFO]: Applying default options for /config/modernfix-mixins.properties from /config/yosbr/config/modernfix-mixins.properties
[08:52:47] [main/INFO]: Applying default options for /config/c2me.toml from /config/yosbr/config/c2me.toml
[08:52:47] [main/INFO]: Applying default options for /config/immediatelyfast.json from /config/yosbr/config/immediatelyfast.json
[08:52:47] [main/INFO]: Applying default options for /config/badoptimizations.txt from /config/yosbr/config/badoptimizations.txt
[08:52:47] [main/INFO]: Applying default options for /config/moreculling.toml from /config/yosbr/config/moreculling.toml
[08:52:47] [main/INFO]: Applying default options for /config/threadtweak.json from /config/yosbr/config/threadtweak.json
[08:52:47] [main/INFO]: SpongePowered MIXIN Subsystem Version=0.8.7 Source=file:/home/tbmag/code/Modpack_DevTools/testMcs/1.21.6/fabric/libraries/net/fabricmc/sponge-mixin/0.15.5+mixin.0.8.7/sponge-mixin-0.15.5+mixin.0.8.7.jar Service=Knot/Fabric Env=CLIENT
[08:52:47] [main/INFO]: Compatibility level set to JAVA_17
[08:52:47] [main/INFO]: Compatibility level set to JAVA_21
[08:52:47] [main/INFO]: Loading config file
[08:52:47] [main/INFO]: Config version: 4
[08:52:47] [main/INFO]: Initializing com.ishland.c2me.base.mixin
[08:52:47] [main/INFO]: Global Executor Parallelism: 4 configured, 4 evaluated, 4 default evaluated
[08:52:47] [main/INFO]: Initializing com.ishland.c2me.client.uncapvd.mixin
[08:52:47] [main/INFO]: Config clientSideConfig.modifyMaxVDConfig.enabled changed from true to false
[08:52:47] [main/INFO]: Config clientSideConfig.modifyMaxVDConfig.enableExtRenderDistanceProtocol changed from true to false
[08:52:47] [main/INFO]: Disabling com.ishland.c2me.client.uncapvd.mixin
[08:52:47] [main/INFO]: Initializing com.ishland.c2me.fixes.chunkio.threading_issues.mixin
[08:52:47] [main/INFO]: Initializing com.ishland.c2me.fixes.general.threading_issues.mixin
[08:52:47] [main/INFO]: Initializing com.ishland.c2me.fixes.worldgen.threading_issues.mixin
[08:52:47] [main/INFO]: Initializing com.ishland.c2me.fixes.worldgen.vanilla_bugs.mixin
[08:52:47] [main/INFO]: Initializing com.ishland.c2me.notickvd.mixin
[08:52:47] [main/INFO]: Config noTickViewDistance.compatibilityMode changed from true to false
[08:52:47] [main/INFO]: Config noTickViewDistance.enableExtRenderDistanceProtocol changed from true to false
[08:52:47] [main/INFO]: Initializing com.ishland.c2me.opts.allocs.mixin
[08:52:47] [main/INFO]: Initializing com.ishland.c2me.opts.chunkio.mixin
[08:52:47] [main/INFO]: Initializing com.ishland.c2me.opts.dfc.mixin
[08:52:47] [main/INFO]: Config vanillaWorldGenOptimizations.useDensityFunctionCompiler changed from true to true
[08:52:47] [main/INFO]: Initializing com.ishland.c2me.opts.math.mixin
[08:52:47] [main/INFO]: Initializing com.ishland.c2me.opts.scheduling.mixin
[08:52:47] [main/INFO]: Initializing com.ishland.c2me.opts.worldgen.general.mixin
[08:52:47] [main/INFO]: Initializing com.ishland.c2me.opts.worldgen.vanilla.mixin
[08:52:47] [main/INFO]: Initializing com.ishland.c2me.rewrites.chunk_serializer.mixin
[08:52:47] [main/INFO]: Disabling com.ishland.c2me.rewrites.chunk_serializer.mixin
[08:52:47] [main/INFO]: Initializing com.ishland.c2me.rewrites.chunksystem.mixin
[08:52:47] [main/INFO]: Initializing com.ishland.c2me.rewrites.chunkio.mixin
[08:52:47] [main/INFO]: Initializing com.ishland.c2me.server.utils.mixin
[08:52:47] [main/INFO]: Initializing com.ishland.c2me.threading.lighting.mixin
[08:52:47] [main/WARN]: Mod 'ferritecore' attempted to override option 'mixin.alloc.blockstate', which doesn't exist, ignoring
[08:52:47] [main/INFO]: Loaded configuration file for Lithium: 160 options available, 0 override(s) found.
[08:52:47] [main/INFO]: Loaded configuration file for Sodium: 43 options available, 0 override(s) found
[08:52:48] [main/WARN]: Error loading class: ca/spottedleaf/starlight/common/thread/SchedulingUtil (java.lang.ClassNotFoundException: ca/spottedleaf/starlight/common/thread/SchedulingUtil)
[08:52:48] [main/WARN]: Mixin malte0811.ferritecore.mixin.threaddetec.PalettedContainerMixin is disabled automatically as lithium is installed
[08:52:48] [main/INFO]: Removing config entry .noTickViewDistance.maxViewDistance because it is not used
[08:52:48] [main/INFO]: Searching for graphics cards...
[08:52:48] [main/INFO]: Found graphics adapter: LinuxPciAdapterInfo[vendor=AMD, name=Raphael, pciVendorId=0x1002, pciDeviceId=0x164e]
[08:52:48] [main/INFO]: Found graphics adapter: LinuxPciAdapterInfo[vendor=NVIDIA, name=AD104M [GeForce RTX 4080 Max-Q / Mobile], pciVendorId=0x10de, pciDeviceId=0x27e0]
[08:52:48] [main/WARN]: Sodium has applied one or more workarounds to prevent crashes or other issues on your system: [NVIDIA_THREADED_OPTIMIZATIONS_BROKEN, NO_ERROR_CONTEXT_UNSUPPORTED]
[08:52:48] [main/WARN]: This is not necessarily an issue, but it may result in certain features or optimizations being disabled. You can sometimes fix these issues by upgrading your graphics driver.
[08:52:48] [main/INFO]: Initializing MixinExtras via com.llamalad7.mixinextras.service.MixinExtrasServiceImpl(version=0.4.1).
[08:52:49] [main/INFO]: ThreadTweak config initialized
[08:52:50] [Datafixer Bootstrap/INFO]: 269 Datafixer optimizations took 296 milliseconds
[08:52:54] [Render thread/INFO]: Environment: Environment[sessionHost=https://sessionserver.mojang.com, servicesHost=https://api.minecraftservices.com, name=PROD]
[08:52:54] [Render thread/INFO]: Setting user: Player104
[08:52:55] [Render thread/INFO]: [Indigo] Different rendering plugin detected; not applying Indigo.
[08:52:55] [Render thread/INFO]: Checking mod updates...
[08:52:55] [Render thread/INFO]: [STDOUT]: [LibGui] Initializing Client...
[08:52:55] [Render thread/INFO]: Backend library: LWJGL version 3.3.3-snapshot
[08:52:55] [Render thread/WARN]: Detected unexpected shutdown during last game startup: resetting fullscreen mode
[08:52:55] [Render thread/INFO]: Modifying process environment to apply workarounds for the NVIDIA graphics driver...
[08:52:55] [Download-2/ERROR]: Failed to fetch user properties
com.mojang.authlib.exceptions.InvalidCredentialsException: Status: 401
	at knot/com.mojang.authlib.exceptions.MinecraftClientHttpException.toAuthenticationException(MinecraftClientHttpException.java:59) ~[authlib-6.0.58.jar:?]
	at knot/com.mojang.authlib.yggdrasil.YggdrasilUserApiService.fetchProperties(YggdrasilUserApiService.java:150) ~[authlib-6.0.58.jar:?]
	at knot/net.minecraft.class_310.method_55608(class_310.java:463) ~[client-intermediary.jar:?]
	at java.base/java.util.concurrent.CompletableFuture$AsyncSupply.run(CompletableFuture.java:1768) ~[?:?]
	at java.base/java.util.concurrent.ThreadPoolExecutor.runWorker(ThreadPoolExecutor.java:1144) ~[?:?]
	at java.base/java.util.concurrent.ThreadPoolExecutor$Worker.run(ThreadPoolExecutor.java:642) ~[?:?]
	at java.base/java.lang.Thread.run(Thread.java:1583) [?:?]
Caused by: com.mojang.authlib.exceptions.MinecraftClientHttpException: Status: 401
	at knot/com.mojang.authlib.minecraft.client.MinecraftClient.readInputStream(MinecraftClient.java:103) ~[authlib-6.0.58.jar:?]
	at knot/com.mojang.authlib.minecraft.client.MinecraftClient.get(MinecraftClient.java:56) ~[authlib-6.0.58.jar:?]
	at knot/com.mojang.authlib.yggdrasil.YggdrasilUserApiService.fetchProperties(YggdrasilUserApiService.java:121) ~[authlib-6.0.58.jar:?]
	... 5 more
[08:52:56] [Render thread/INFO]: Initializing ImmediatelyFast 1.10.1+1.21.6 on NVIDIA GeForce RTX 4080 Laptop GPU/PCIe/SSE2 (NVIDIA Corporation) with OpenGL 3.2.0 NVIDIA 575.57.08
[08:52:56] [Render thread/INFO]: OpenGL Vendor: NVIDIA Corporation
[08:52:56] [Render thread/INFO]: OpenGL Renderer: NVIDIA GeForce RTX 4080 Laptop GPU/PCIe/SSE2
[08:52:56] [Render thread/INFO]: OpenGL Version: 3.2.0 NVIDIA 575.57.08
[08:52:56] [Render thread/INFO]: Modifying OpenGL context to apply workarounds for the NVIDIA graphics driver...
[08:52:56] [Render thread/INFO]: Using optional rendering extensions: GL_ARB_buffer_storage, GL_KHR_debug, GL_ARB_vertex_attrib_binding, GL_ARB_direct_state_access
[08:52:56] [Render thread/WARN]: Removed resource pack badoptimizations from options because it is no longer compatible
[W][08:52:56.230075] pw.conf      | [          conf.c: 1204 pw_conf_load_conf_for_context()] setting config.name to client-rt.conf is deprecated, using client.conf
[08:52:56] [Render thread/INFO]: Reloading ResourceManager: vanilla, fabric, badoptimizations, c2me, cloth-config, conditional-mixin, entityculling, fabric-api, fabric-api-base, fabric-api-lookup-api-v1, fabric-biome-api-v1, fabric-block-api-v1, fabric-block-view-api-v2, fabric-command-api-v2, fabric-content-registries-v0, fabric-convention-tags-v1, fabric-convention-tags-v2, fabric-crash-report-info-v1, fabric-data-attachment-api-v1, fabric-data-generation-api-v1, fabric-dimensions-v1, fabric-entity-events-v1, fabric-events-interaction-v0, fabric-game-rule-api-v1, fabric-item-api-v1, fabric-item-group-api-v1, fabric-key-binding-api-v1, fabric-lifecycle-events-v1, fabric-loot-api-v2, fabric-loot-api-v3, fabric-message-api-v1, fabric-model-loading-api-v1, fabric-networking-api-v1, fabric-object-builder-api-v1, fabric-particles-v1, fabric-recipe-api-v1, fabric-registry-sync-v0, fabric-renderer-api-v1, fabric-renderer-indigo, fabric-rendering-fluids-v1, fabric-rendering-v1, fabric-resource-conditions-api-v1, fabric-resource-loader-v0, fabric-screen-api-v1, fabric-screen-handler-api-v1, fabric-sound-api-v1, fabric-tag-api-v1, fabric-transfer-api-v1, fabric-transitive-access-wideners-v1, fabricloader, immediatelyfast, lithium, modmenu, moreculling, placeholder-api, sodium, threadtweak, trender, yosbr
[08:52:56] [Worker-Main-9/INFO]: Found unifont_jp_patch-16.0.03.hex, loading
[08:52:56] [Worker-Main-19/INFO]: Found unifont_all_no_pua-16.0.03.hex, loading
[08:52:56] [Worker-Main-15/INFO]: Found unifont_pua-16.0.03.hex, loading
[08:52:56] [Render thread/INFO]: Cached all modded block culling states
[08:52:57] [Download-1/INFO]: Could not authorize you against Realms server: javax.ws.rs.BadRequestException: Invalid session
[08:52:57] [Download-1/ERROR]: Failed to fetch Realms feature flags
net.minecraft.class_4355: Realms authentication error with message 'javax.ws.rs.BadRequestException: Invalid session'
	at knot/net.minecraft.class_4341.method_20998(class_4341.java:538) ~[client-intermediary.jar:?]
	at knot/net.minecraft.class_4341.method_68466(class_4341.java:191) ~[client-intermediary.jar:?]
	at java.base/java.util.concurrent.CompletableFuture$AsyncSupply.run(CompletableFuture.java:1768) ~[?:?]
	at java.base/java.util.concurrent.ThreadPoolExecutor.runWorker(ThreadPoolExecutor.java:1144) ~[?:?]
	at java.base/java.util.concurrent.ThreadPoolExecutor$Worker.run(ThreadPoolExecutor.java:642) ~[?:?]
	at java.base/java.lang.Thread.run(Thread.java:1583) [?:?]
[08:52:57] [Render thread/INFO]: OpenAL initialized on device Family 17h/19h/1ah HD Audio Controller Analog Stereo
[08:52:57] [Render thread/INFO]: Sound engine started
[08:52:58] [Render thread/INFO]: Created: 1024x512x4 minecraft:textures/atlas/blocks.png-atlas
[08:52:58] [Render thread/INFO]: Created: 256x256x4 minecraft:textures/atlas/signs.png-atlas
[08:52:58] [Render thread/INFO]: Created: 512x512x4 minecraft:textures/atlas/banner_patterns.png-atlas
[08:52:58] [Render thread/INFO]: Created: 512x512x4 minecraft:textures/atlas/shield_patterns.png-atlas
[08:52:58] [Render thread/INFO]: Created: 2048x1024x4 minecraft:textures/atlas/armor_trims.png-atlas
[08:52:58] [Render thread/INFO]: Created: 128x64x4 minecraft:textures/atlas/decorated_pot.png-atlas
[08:52:58] [Render thread/INFO]: Created: 256x256x4 minecraft:textures/atlas/chest.png-atlas
[08:52:58] [Render thread/INFO]: Created: 512x256x4 minecraft:textures/atlas/beds.png-atlas
[08:52:58] [Render thread/INFO]: Created: 512x256x4 minecraft:textures/atlas/shulker_boxes.png-atlas
[08:52:58] [Render thread/INFO]: Created: 64x64x0 minecraft:textures/atlas/map_decorations.png-atlas
[08:52:58] [Render thread/INFO]: Created: 512x256x0 minecraft:textures/atlas/particles.png-atlas
[08:52:58] [Render thread/INFO]: Created: 512x256x0 minecraft:textures/atlas/paintings.png-atlas
[08:52:58] [Render thread/INFO]: Created: 1024x512x0 minecraft:textures/atlas/gui.png-atlas
