[19:03:57] [main/INFO]: Loading Minecraft 1.20.4 with Fabric Loader 0.16.14
[19:03:57] [main/INFO]: Fabric is preparing JARs on first launch, this may take a few seconds...
[19:03:58] [main/INFO]: Loading 105 mods:
	- badoptimizations 2.2.3
	- c2me 0.2.0+alpha.11.72
	   |-- c2me-base 0.2.0+alpha.11.72
	   |-- c2me-client-uncapvd 0.2.0+alpha.11.72
	   |-- c2me-fixes-chunkio-threading-issues 0.2.0+alpha.11.72
	   |-- c2me-fixes-general-threading-issues 0.2.0+alpha.11.72
	   |-- c2me-fixes-worldgen-threading-issues 0.2.0+alpha.11.72
	   |-- c2me-fixes-worldgen-vanilla-bugs 0.2.0+alpha.11.72
	   |-- c2me-notickvd 0.2.0+alpha.11.72
	   |-- c2me-opts-allocs 0.2.0+alpha.11.72
	   |-- c2me-opts-chunk-access 0.2.0+alpha.11.72
	   |-- c2me-opts-chunkio 0.2.0+alpha.11.72
	   |-- c2me-opts-math 0.2.0+alpha.11.72
	   |-- c2me-opts-scheduling 0.2.0+alpha.11.72
	   |-- c2me-opts-worldgen-general 0.2.0+alpha.11.72
	   |-- c2me-opts-worldgen-vanilla 0.2.0+alpha.11.72
	   |-- c2me-rewrites-chunk-serializer 0.2.0+alpha.11.72
	   |-- c2me-rewrites-chunkio 0.2.0+alpha.11.72
	   |-- c2me-server-utils 0.2.0+alpha.11.72
	   |-- c2me-threading-chunkio 0.2.0+alpha.11.72
	   |-- c2me-threading-lighting 0.2.0+alpha.11.72
	   |-- c2me-threading-worldgen 0.2.0+alpha.11.72
	   |-- com_electronwill_night-config_core 3.6.5
	   |-- com_electronwill_night-config_toml 3.6.5
	   |-- com_ibm_async_asyncutil 0.1.0
	   |-- net_objecthunter_exp4j 0.4.8
	   \-- org_threadly_threadly 7.0
	- cloth-config 13.0.138
	   \-- cloth-basic-math 0.6.1
	- dynamic_fps 3.9.5
	   \-- net_lostluma_battery 1.3.0
	- enhancedblockentities 0.10.1+1.20.4
	   \-- advanced_runtime_resource_pack 0.8.1
	- entityculling 1.8.0
	   |-- transition 1.0.2
	   \-- trender 1.0.4
	- fabric-api 0.97.3+1.20.4
	   |-- fabric-api-base 0.4.37+78d798af4f
	   |-- fabric-api-lookup-api-v1 1.6.50+82b1bb3e4f
	   |-- fabric-biome-api-v1 13.0.17+78d798af4f
	   |-- fabric-block-api-v1 1.0.17+3e2216cb4f
	   |-- fabric-block-view-api-v2 1.0.5+78d798af4f
	   |-- fabric-blockrenderlayer-v1 1.1.47+78d798af4f
	   |-- fabric-client-tags-api-v1 1.1.8+78d798af4f
	   |-- fabric-command-api-v1 1.2.42+f71b366f4f
	   |-- fabric-command-api-v2 2.2.21+78d798af4f
	   |-- fabric-commands-v0 0.2.59+df3654b34f
	   |-- fabric-containers-v0 0.1.88+df3654b34f
	   |-- fabric-content-registries-v0 5.0.16+78d798af4f
	   |-- fabric-convention-tags-v1 1.5.11+78d798af4f
	   |-- fabric-crash-report-info-v1 0.2.24+78d798af4f
	   |-- fabric-data-attachment-api-v1 1.1.5+b90db5744f
	   |-- fabric-data-generation-api-v1 13.2.6+5c0133444f
	   |-- fabric-dimensions-v1 2.1.63+6605d1a84f
	   |-- fabric-entity-events-v1 1.6.2+09fc25014f
	   |-- fabric-events-interaction-v0 0.7.2+389931eb4f
	   |-- fabric-events-lifecycle-v0 0.2.76+df3654b34f
	   |-- fabric-game-rule-api-v1 1.0.47+78d798af4f
	   |-- fabric-item-api-v1 2.3.1+cadc140c4f
	   |-- fabric-item-group-api-v1 4.0.27+ee30b13a4f
	   |-- fabric-key-binding-api-v1 1.0.42+78d798af4f
	   |-- fabric-keybindings-v0 0.2.40+df3654b34f
	   |-- fabric-lifecycle-events-v1 2.3.1+a67ffb5d4f
	   |-- fabric-loot-api-v2 2.1.10+78d798af4f
	   |-- fabric-message-api-v1 6.0.6+78d798af4f
	   |-- fabric-mining-level-api-v1 2.1.66+78d798af4f
	   |-- fabric-model-loading-api-v1 1.0.9+78d798af4f
	   |-- fabric-models-v0 0.4.8+9386d8a74f
	   |-- fabric-networking-api-v1 3.1.9+6abb6a4b4f
	   |-- fabric-object-builder-api-v1 13.1.0+dba1195c4f
	   |-- fabric-particles-v1 1.1.8+78d798af4f
	   |-- fabric-recipe-api-v1 2.0.22+78d798af4f
	   |-- fabric-registry-sync-v0 4.0.21+ee30b13a4f
	   |-- fabric-renderer-api-v1 3.2.5+78d798af4f
	   |-- fabric-renderer-indigo 1.5.6+d331d3144f
	   |-- fabric-renderer-registries-v1 3.2.54+df3654b34f
	   |-- fabric-rendering-data-attachment-v1 0.3.43+73761d2e4f
	   |-- fabric-rendering-fluids-v1 3.1.2+e761c6694f
	   |-- fabric-rendering-v0 1.1.57+df3654b34f
	   |-- fabric-rendering-v1 3.2.1+6fd945a04f
	   |-- fabric-resource-conditions-api-v1 2.3.15+78d798af4f
	   |-- fabric-resource-loader-v0 0.11.21+ee30b13a4f
	   |-- fabric-screen-api-v1 2.0.18+78d798af4f
	   |-- fabric-screen-handler-api-v1 1.3.57+78d798af4f
	   |-- fabric-sound-api-v1 1.0.18+78d798af4f
	   |-- fabric-transfer-api-v1 4.0.12+90f2d7b14f
	   \-- fabric-transitive-access-wideners-v1 5.0.15+78d798af4f
	- fabricloader 0.16.14
	   \-- mixinextras 0.4.1
	- ferritecore 6.0.3
	- immediatelyfast 1.5.0+1.20.4
	   \-- net_lenni0451_reflect 1.3.4
	- indium 1.0.31+mc1.20.4
	- java 17
	- lithium 0.12.1
	- minecraft 1.20.4
	- modernfix 5.17.0+mc1.20.4
	- modmenu 9.2.0
	   \-- placeholder-api 2.4.0-pre.1+1.20.4
	- moreculling 1.20.4-0.24.0
	   |-- conditional-mixin 0.3.2
	   \-- mixinsquared 0.1.1
	- sodium 0.5.8+mc1.20.4
	- threadtweak 1.20.4-0.1.2
	- yosbr 0.1.2
[19:03:58] [main/INFO]: Applying default options... (YOSBR)
[19:03:58] [main/INFO]: Applying default options for /config/c2me.toml from /config/yosbr/config/c2me.toml
[19:03:58] [main/INFO]: Applying default options for /config/badoptimizations.txt from /config/yosbr/config/badoptimizations.txt
[19:03:58] [main/INFO]: Applying default options for /config/entityculling.json from /config/yosbr/config/entityculling.json
[19:03:58] [main/INFO]: Applying default options for /config/ferritecore.mixin.properties from /config/yosbr/config/ferritecore.mixin.properties
[19:03:58] [main/INFO]: Applying default options for /config/immediatelyfast.json from /config/yosbr/config/immediatelyfast.json
[19:03:58] [main/INFO]: Applying default options for /config/modernfix-mixins.properties from /config/yosbr/config/modernfix-mixins.properties
[19:03:58] [main/INFO]: Applying default options for /config/threadtweak.json from /config/yosbr/config/threadtweak.json
[19:03:58] [main/INFO]: Applying default options for /config/sodium-options.json from /config/yosbr/config/sodium-options.json
[19:03:58] [main/INFO]: Applying default options for /config/moreculling.toml from /config/yosbr/config/moreculling.toml
[19:03:58] [main/INFO]: Applying default options for /options.txt from /config/yosbr/options.txt
[19:03:58] [main/INFO]: SpongePowered MIXIN Subsystem Version=0.8.7 Source=file:/home/tbmag/code/Modpack_DevTools/testMcs/1.20.4/fabric/libraries/net/fabricmc/sponge-mixin/0.15.5+mixin.0.8.7/sponge-mixin-0.15.5+mixin.0.8.7.jar Service=Knot/Fabric Env=CLIENT
[19:03:58] [main/INFO]: Compatibility level set to JAVA_17
[19:03:58] [main/INFO]: Loading config file
[19:03:58] [main/INFO]: Upgrading config from version 3 to supported version 4
[19:03:58] [main/INFO]: Generating config file version 4
[19:03:58] [main/INFO]: Initializing com.ishland.c2me.base.mixin
[19:03:58] [main/INFO]: Global Executor Parallelism: 2 configured, 2 evaluated, 2 default evaluated
[19:03:58] [main/INFO]: Initializing com.ishland.c2me.client.uncapvd.mixin
[19:03:58] [main/INFO]: Config clientSideConfig.modifyMaxVDConfig.enabled changed from true to false
[19:03:58] [main/INFO]: Disabling com.ishland.c2me.client.uncapvd.mixin
[19:03:58] [main/INFO]: Initializing com.ishland.c2me.fixes.chunkio.threading_issues.mixin
[19:03:58] [main/INFO]: Initializing com.ishland.c2me.fixes.general.threading_issues.mixin
[19:03:58] [main/INFO]: Initializing com.ishland.c2me.fixes.worldgen.threading_issues.mixin
[19:03:58] [main/INFO]: Initializing com.ishland.c2me.fixes.worldgen.vanilla_bugs.mixin
[19:03:58] [main/INFO]: Initializing com.ishland.c2me.notickvd.mixin
[19:03:58] [main/INFO]: Config noTickViewDistance.maxConcurrentChunkLoads changed from 4 to 10
[19:03:58] [main/INFO]: Initializing com.ishland.c2me.opts.allocs.mixin
[19:03:58] [main/INFO]: Initializing com.ishland.c2me.opts.chunk_access.mixin
[19:03:58] [main/INFO]: Initializing com.ishland.c2me.opts.chunkio.mixin
[19:03:58] [main/INFO]: Initializing com.ishland.c2me.opts.math.mixin
[19:03:58] [main/INFO]: Initializing com.ishland.c2me.opts.scheduling.mixin
[19:03:58] [main/INFO]: Initializing com.ishland.c2me.opts.worldgen.general.mixin
[19:03:58] [main/INFO]: Initializing com.ishland.c2me.opts.worldgen.vanilla.mixin
[19:03:58] [main/INFO]: Initializing com.ishland.c2me.rewrites.chunk_serializer.mixin
[19:03:58] [main/INFO]: Disabling com.ishland.c2me.rewrites.chunk_serializer.mixin
[19:03:58] [main/INFO]: Initializing com.ishland.c2me.rewrites.chunkio.mixin
[19:03:58] [main/INFO]: Initializing com.ishland.c2me.server.utils.mixin
[19:03:58] [main/INFO]: Initializing com.ishland.c2me.threading.chunkio.mixin
[19:03:58] [main/INFO]: Initializing com.ishland.c2me.threading.lighting.mixin
[19:03:58] [main/INFO]: Initializing com.ishland.c2me.threading.worldgen.mixin
[19:03:58] [main/INFO]: Disabling com.ishland.c2me.threading.worldgen.mixin
[19:03:58] [main/WARN]: Mod 'c2me' attempted to override option 'mixin.world.player_chunk_tick', which doesn't exist, ignoring
[19:03:58] [main/INFO]: Loaded configuration file for Lithium: 129 options available, 1 override(s) found
[19:03:58] [main/INFO]: Loaded configuration file for ModernFix 5.17.0+mc1.20.4: 54 options available, 5 override(s) found
[19:03:58] [main/WARN]: Option 'mixin.bugfix.paper_chunk_patches' overriden (by mods [c2me]) to 'false'
[19:03:58] [main/WARN]: Option 'mixin.perf.cache_strongholds' overriden (by mods [c2me]) to 'false'
[19:03:58] [main/WARN]: Option 'mixin.perf.nbt_memory_usage' overriden (by mods [c2me]) to 'false'
[19:03:58] [main/WARN]: Option 'mixin.bugfix.chunk_deadlock' overriden (by mods [c2me]) to 'false'
[19:03:58] [main/WARN]: Option 'mixin.perf.thread_priorities' overriden (by mods [threadtweak]) to 'false'
[19:03:58] [main/INFO]: Applying Nashorn fix
[19:03:58] [main/INFO]: Loaded configuration file for Sodium: 42 options available, 0 override(s) found
[19:03:58] [main/WARN]: Error loading class: carpet/patches/EntityPlayerMPFake (java.lang.ClassNotFoundException: carpet/patches/EntityPlayerMPFake)
[19:03:58] [main/WARN]: Error loading class: ca/spottedleaf/starlight/common/thread/SchedulingUtil (java.lang.ClassNotFoundException: ca/spottedleaf/starlight/common/thread/SchedulingUtil)
[19:03:59] [main/WARN]: Mixin malte0811.ferritecore.mixin.threaddetec.PalettedContainerMixin is disabled automatically as lithium is installed
[19:03:59] [main/WARN]: Force-disabling mixin 'alloc.blockstate.StateMixin' as rule 'mixin.alloc.blockstate' (added by mods [ferritecore]) disables it and children
[19:03:59] [main/INFO]: I used the json to destroy the json
[19:03:59] [main/INFO]: Searching for graphics cards...
[19:03:59] [main/INFO]: Initializing MixinExtras via com.llamalad7.mixinextras.service.MixinExtrasServiceImpl(version=0.4.1).
[19:03:59] [main/INFO]: Found graphics card: GraphicsAdapterInfo[vendor=AMD, name=Raphael, version=unknown]
[19:03:59] [main/INFO]: Found graphics card: GraphicsAdapterInfo[vendor=NVIDIA, name=AD104M [GeForce RTX 4080 Max-Q / Mobile], version=575.57.08]
[19:03:59] [main/WARN]: Sodium has applied one or more workarounds to prevent crashes or other issues on your system: [NVIDIA_THREADED_OPTIMIZATIONS, NO_ERROR_CONTEXT_UNSUPPORTED]
[19:03:59] [main/WARN]: This is not necessarily an issue, but it may result in certain features or optimizations being disabled. You can sometimes fix these issues by upgrading your graphics driver.
[19:03:59] [main/INFO]: ThreadTweak config initialized
[19:04:00] [main/INFO]: Injecting BlockStateBase cache population hook into getNeighborPathNodeType from me.jellysquid.mods.lithium.mixin.ai.pathing.AbstractBlockStateMixin
[19:04:00] [main/INFO]: Injecting BlockStateBase cache population hook into getPathNodeType from me.jellysquid.mods.lithium.mixin.ai.pathing.AbstractBlockStateMixin
[19:04:00] [main/INFO]: Injecting BlockStateBase cache population hook into lithium$getAllFlags from me.jellysquid.mods.lithium.mixin.util.block_tracking.AbstractBlockStateMixin
[19:04:01] [main/WARN]: Method overwrite conflict for method_21740 in modernfix-common.mixins.json:perf.remove_biome_temperature_cache.BiomeMixin from mod modernfix, previously written by me.jellysquid.mods.lithium.mixin.world.temperature_cache.BiomeMixin. Skipping method.
[19:04:03] [main/INFO]: Vanilla bootstrap took 3298 milliseconds
[19:04:03] [Render thread/INFO]: Environment: Environment[sessionHost=https://sessionserver.mojang.com, servicesHost=https://api.minecraftservices.com, name=PROD]
[19:04:03] [Render thread/INFO]: Setting user: Player445
[19:04:03] [Render thread/INFO]: Bypassed Mojang DFU
[19:04:04] [Render thread/WARN]: Dynamic FPS config missing or corrupted! Using defaults.
[19:04:04] [Render thread/INFO]: Dynamic FPS 3.9.5 active on Fabric!
[19:04:04] [Download-2/ERROR]: Failed to fetch user properties
com.mojang.authlib.exceptions.InvalidCredentialsException: Status: 401
	at com.mojang.authlib.exceptions.MinecraftClientHttpException.toAuthenticationException(MinecraftClientHttpException.java:59) ~[authlib-6.0.52.jar:?]
	at com.mojang.authlib.yggdrasil.YggdrasilUserApiService.fetchProperties(YggdrasilUserApiService.java:150) ~[authlib-6.0.52.jar:?]
	at net.minecraft.class_310.method_55608(class_310.java:467) ~[client-intermediary.jar:?]
	at java.util.concurrent.CompletableFuture$AsyncSupply.run(CompletableFuture.java:1768) ~[?:?]
	at java.util.concurrent.ThreadPoolExecutor.runWorker(ThreadPoolExecutor.java:1136) ~[?:?]
	at java.util.concurrent.ThreadPoolExecutor$Worker.run(ThreadPoolExecutor.java:635) ~[?:?]
	at java.lang.Thread.run(Thread.java:840) ~[?:?]
Caused by: com.mojang.authlib.exceptions.MinecraftClientHttpException: Status: 401
	at com.mojang.authlib.minecraft.client.MinecraftClient.readInputStream(MinecraftClient.java:100) ~[authlib-6.0.52.jar:?]
	at com.mojang.authlib.minecraft.client.MinecraftClient.get(MinecraftClient.java:57) ~[authlib-6.0.52.jar:?]
	at com.mojang.authlib.yggdrasil.YggdrasilUserApiService.fetchProperties(YggdrasilUserApiService.java:121) ~[authlib-6.0.52.jar:?]
	... 5 more
[19:04:04] [Render thread/WARN]: Invalid config, creating new one!
[19:04:04] [Render thread/INFO]: [Indigo] Different rendering plugin detected; not applying Indigo.
[19:04:04] [Render thread/INFO]: Checking mod updates...
[19:04:04] [Render thread/INFO]: [STDOUT]: [LibGui] Initializing Client...
[19:04:04] [Render thread/INFO]: Instantiating Mojang DFU
[19:04:05] [Datafixer Bootstrap/INFO]: 198 Datafixer optimizations took 106 milliseconds
[19:04:05] [Render thread/INFO]: Backend library: LWJGL version 3.3.2-snapshot
[19:04:05] [Render thread/WARN]: Applying workaround: Prevent the NVIDIA OpenGL driver from using broken optimizations (NVIDIA_THREADED_OPTIMIZATIONS)
[19:04:05] [Render thread/INFO]: OpenGL Vendor: NVIDIA Corporation
[19:04:05] [Render thread/INFO]: OpenGL Renderer: NVIDIA GeForce RTX 4080 Laptop GPU/PCIe/SSE2
[19:04:05] [Render thread/INFO]: OpenGL Version: 3.2.0 NVIDIA 575.57.08
[19:04:05] [Render thread/INFO]: Initializing ImmediatelyFast 1.5.0+1.20.4 on NVIDIA GeForce RTX 4080 Laptop GPU/PCIe/SSE2 (NVIDIA Corporation) with OpenGL 3.2.0 NVIDIA 575.57.08
[19:04:06] [Render thread/INFO]: ARRP register - before vanilla
[19:04:06] [Render thread/INFO]: ARRP register - after vanilla
[19:04:06] [Render thread/INFO]: ARRP register - before user
[19:04:06] [Render thread/WARN]: Removed resource pack badoptimizations from options because it is no longer compatible
[19:04:06] [Render thread/WARN]: Removed resource pack modernfix from options because it is no longer compatible
[W][19:04:06.175988] pw.conf      | [          conf.c: 1204 pw_conf_load_conf_for_context()] setting config.name to client-rt.conf is deprecated, using client.conf
[19:04:06] [Render thread/INFO]: Invalidating pack caches
[19:04:06] [Render thread/INFO]: Reloading ResourceManager: vanilla, fabric, advanced_runtime_resource_pack, badoptimizations, c2me, cloth-config, conditional-mixin, dynamic_fps, enhancedblockentities, entityculling, fabric-api, fabric-api-base, fabric-api-lookup-api-v1, fabric-biome-api-v1, fabric-block-api-v1, fabric-block-view-api-v2, fabric-blockrenderlayer-v1, fabric-client-tags-api-v1, fabric-command-api-v1, fabric-command-api-v2, fabric-commands-v0, fabric-containers-v0, fabric-content-registries-v0, fabric-convention-tags-v1, fabric-crash-report-info-v1, fabric-data-attachment-api-v1, fabric-data-generation-api-v1, fabric-dimensions-v1, fabric-entity-events-v1, fabric-events-interaction-v0, fabric-events-lifecycle-v0, fabric-game-rule-api-v1, fabric-item-api-v1, fabric-item-group-api-v1, fabric-key-binding-api-v1, fabric-keybindings-v0, fabric-lifecycle-events-v1, fabric-loot-api-v2, fabric-message-api-v1, fabric-mining-level-api-v1, fabric-model-loading-api-v1, fabric-models-v0, fabric-networking-api-v1, fabric-object-builder-api-v1, fabric-particles-v1, fabric-recipe-api-v1, fabric-registry-sync-v0, fabric-renderer-api-v1, fabric-renderer-indigo, fabric-renderer-registries-v1, fabric-rendering-data-attachment-v1, fabric-rendering-fluids-v1, fabric-rendering-v0, fabric-rendering-v1, fabric-resource-conditions-api-v1, fabric-resource-loader-v0, fabric-screen-api-v1, fabric-screen-handler-api-v1, fabric-sound-api-v1, fabric-transfer-api-v1, fabric-transitive-access-wideners-v1, fabricloader, immediatelyfast, indium, lithium, modernfix, modmenu, moreculling, sodium, threadtweak, trender, yosbr
[19:04:06] [Render thread/INFO]: closing rrp ebe:base_resources
[19:04:06] [Render thread/INFO]: ARRP register - before vanilla
[19:04:06] [Render thread/INFO]: ARRP register - between vanilla and mods
[19:04:06] [Render thread/INFO]: ARRP register - between mods and user
[19:04:06] [Render thread/INFO]: ARRP register - after vanilla
[19:04:06] [Worker-Main-2/ERROR]: Failed to retrieve profile key pair
com.mojang.authlib.exceptions.MinecraftClientHttpException: Status: 401
	at com.mojang.authlib.minecraft.client.MinecraftClient.readInputStream(MinecraftClient.java:100) ~[authlib-6.0.52.jar:?]
	at com.mojang.authlib.minecraft.client.MinecraftClient.post(MinecraftClient.java:65) ~[authlib-6.0.52.jar:?]
	at com.mojang.authlib.yggdrasil.YggdrasilUserApiService.getKeyPair(YggdrasilUserApiService.java:61) ~[authlib-6.0.52.jar:?]
	at net.minecraft.class_7434.method_43605(class_7434.java:130) ~[client-intermediary.jar:?]
	at net.minecraft.class_7434.method_44291(class_7434.java:79) ~[client-intermediary.jar:?]
	at java.util.concurrent.CompletableFuture$AsyncSupply.run(CompletableFuture.java:1768) ~[?:?]
	at java.util.concurrent.CompletableFuture$AsyncSupply.exec(CompletableFuture.java:1760) ~[?:?]
	at java.util.concurrent.ForkJoinTask.doExec(ForkJoinTask.java:373) ~[?:?]
	at java.util.concurrent.ForkJoinPool$WorkQueue.topLevelExec(ForkJoinPool.java:1182) ~[?:?]
	at java.util.concurrent.ForkJoinPool.scan(ForkJoinPool.java:1655) ~[?:?]
	at java.util.concurrent.ForkJoinPool.runWorker(ForkJoinPool.java:1622) ~[?:?]
	at java.util.concurrent.ForkJoinWorkerThread.run(ForkJoinWorkerThread.java:165) ~[?:?]
[19:04:06] [Worker-ResourceReload-26/INFO]: Found unifont_all_no_pua-15.1.04.hex, loading
[19:04:06] [Render thread/INFO]: Cached all modded block culling states
[19:04:08] [Render thread/WARN]: Missing sound for event: minecraft:item.goat_horn.play
[19:04:08] [Render thread/WARN]: Missing sound for event: minecraft:entity.goat.screaming.horn_break
[19:04:08] [Render thread/WARN]: Missing sound for event: minecraft:entity.generic.wind_burst
[19:04:09] [Render thread/INFO]: OpenAL initialized on device Family 17h/19h/1ah HD Audio Controller Analog Stereo
[19:04:09] [Render thread/INFO]: Sound engine started
[19:04:09] [Render thread/INFO]: Created: 1024x1024x4 minecraft:textures/atlas/blocks.png-atlas
[19:04:09] [Render thread/INFO]: Created: 256x256x4 minecraft:textures/atlas/signs.png-atlas
[19:04:09] [Render thread/INFO]: Created: 512x512x4 minecraft:textures/atlas/banner_patterns.png-atlas
[19:04:09] [Render thread/INFO]: Created: 512x512x4 minecraft:textures/atlas/shield_patterns.png-atlas
[19:04:09] [Render thread/INFO]: Created: 1024x1024x4 minecraft:textures/atlas/armor_trims.png-atlas
[19:04:09] [Render thread/INFO]: Created: 128x64x4 minecraft:textures/atlas/decorated_pot.png-atlas
[19:04:09] [Render thread/INFO]: Created: 256x256x4 minecraft:textures/atlas/chest.png-atlas
[19:04:09] [Render thread/INFO]: Created: 512x256x4 minecraft:textures/atlas/shulker_boxes.png-atlas
[19:04:09] [Render thread/INFO]: Created: 512x256x4 minecraft:textures/atlas/beds.png-atlas
[19:04:09] [Render thread/WARN]: Shader rendertype_entity_translucent_emissive could not find sampler named Sampler2 in the specified shader program.
[19:04:09] [Render thread/INFO]: Created: 512x256x0 minecraft:textures/atlas/particles.png-atlas
[19:04:09] [Render thread/INFO]: Created: 256x256x0 minecraft:textures/atlas/paintings.png-atlas
[19:04:09] [Render thread/INFO]: Created: 128x128x0 minecraft:textures/atlas/mob_effects.png-atlas
[19:04:09] [Render thread/INFO]: Created: 1024x512x0 minecraft:textures/atlas/gui.png-atlas
