[18:49:04] [main/INFO]: Loading Minecraft 1.21.4 with Fabric Loader 0.16.10
[18:49:04] [main/INFO]: Fabric is preparing JARs on first launch, this may take a few seconds...
[18:49:05] [main/INFO]: Loading 103 mods:
	- badoptimizations 2.2.2
	- c2me 0.3.1.3.0+1.21.4
	   |-- c2me-base 0.3.1.3.0+1.21.4
	   |-- c2me-client-uncapvd 0.3.1.3.0+1.21.4
	   |-- c2me-fixes-chunkio-threading-issues 0.3.1.3.0+1.21.4
	   |-- c2me-fixes-general-threading-issues 0.3.1.3.0+1.21.4
	   |-- c2me-fixes-worldgen-threading-issues 0.3.1.3.0+1.21.4
	   |-- c2me-fixes-worldgen-vanilla-bugs 0.3.1.3.0+1.21.4
	   |-- c2me-notickvd 0.3.1.3.0+1.21.4
	   |-- c2me-opts-allocs 0.3.1.3.0+1.21.4
	   |-- c2me-opts-chunkio 0.3.1.3.0+1.21.4
	   |-- c2me-opts-dfc 0.3.1.3.0+1.21.4
	   |-- c2me-opts-math 0.3.1.3.0+1.21.4
	   |-- c2me-opts-scheduling 0.3.1.3.0+1.21.4
	   |-- c2me-opts-worldgen-general 0.3.1.3.0+1.21.4
	   |-- c2me-opts-worldgen-vanilla 0.3.1.3.0+1.21.4
	   |-- c2me-rewrites-chunk-serializer 0.3.1.3.0+1.21.4
	   |-- c2me-rewrites-chunk-system 0.3.1.3.0+1.21.4
	   |-- c2me-rewrites-chunkio 0.3.1.3.0+1.21.4
	   |-- c2me-server-utils 0.3.1.3.0+1.21.4
	   |-- c2me-threading-lighting 0.3.1.3.0+1.21.4
	   |-- com_electronwill_night-config_core 3.6.5
	   |-- com_electronwill_night-config_toml 3.6.5
	   |-- com_ibm_async_asyncutil 0.1.0
	   |-- io_reactivex_rxjava3_rxjava 3.1.8
	   |-- net_objecthunter_exp4j 0.4.8
	   |-- org_jctools_jctools-core 4.0.5
	   \-- org_reactivestreams_reactive-streams 1.0.4
	- cloth-config 17.0.144
	   \-- cloth-basic-math 0.6.1
	- dynamic_fps 3.9.4
	   \-- net_lostluma_battery 1.3.0
	- enhancedblockentities 0.11.3+1.21.4
	- entityculling 1.7.4
	- fabric-api 0.119.3+1.21.4
	   |-- fabric-api-base 0.4.54+b47eab6b04
	   |-- fabric-api-lookup-api-v1 1.6.86+b1caf1e904
	   |-- fabric-biome-api-v1 15.0.6+b1c29d8e04
	   |-- fabric-block-api-v1 1.0.31+7feeb73304
	   |-- fabric-block-view-api-v2 1.0.20+9c49cc8c04
	   |-- fabric-blockrenderlayer-v1 2.0.8+7feeb73304
	   |-- fabric-client-tags-api-v1 1.1.29+20ea1e2304
	   |-- fabric-command-api-v1 1.2.62+f71b366f04
	   |-- fabric-command-api-v2 2.2.41+e496eb1504
	   |-- fabric-commands-v0 0.2.79+df3654b304
	   |-- fabric-content-registries-v0 9.1.19+25d1a67604
	   |-- fabric-convention-tags-v1 2.1.20+7f945d5b04
	   |-- fabric-convention-tags-v2 2.14.1+aebda09404
	   |-- fabric-crash-report-info-v1 0.3.6+7feeb73304
	   |-- fabric-data-attachment-api-v1 1.6.2+e99da0f704
	   |-- fabric-data-generation-api-v1 22.3.1+0f4e5f5504
	   |-- fabric-dimensions-v1 4.0.10+7feeb73304
	   |-- fabric-entity-events-v1 2.0.15+62245bef04
	   |-- fabric-events-interaction-v0 4.0.4+a4eebcf004
	   |-- fabric-game-rule-api-v1 1.0.63+7d48d43904
	   |-- fabric-item-api-v1 11.3.0+ee91fa1f04
	   |-- fabric-item-group-api-v1 4.2.2+fcb9601404
	   |-- fabric-key-binding-api-v1 1.0.57+7d48d43904
	   |-- fabric-keybindings-v0 0.2.55+df3654b304
	   |-- fabric-lifecycle-events-v1 2.5.4+bf2a60eb04
	   |-- fabric-loot-api-v2 3.0.38+3f89f5a504
	   |-- fabric-loot-api-v3 1.0.26+203e6b2304
	   |-- fabric-message-api-v1 6.0.26+238a33c004
	   |-- fabric-model-loading-api-v1 4.3.0+ae23723504
	   |-- fabric-networking-api-v1 4.4.0+db5e668204
	   |-- fabric-object-builder-api-v1 18.0.14+38b0d59804
	   |-- fabric-particles-v1 4.0.14+7feeb73304
	   |-- fabric-recipe-api-v1 8.1.1+640e77ae04
	   |-- fabric-registry-sync-v0 6.1.11+4a9c1ece04
	   |-- fabric-renderer-api-v1 5.0.3+50f0feb204
	   |-- fabric-renderer-indigo 2.0.3+50f0feb204
	   |-- fabric-rendering-data-attachment-v1 0.3.58+73761d2e04
	   |-- fabric-rendering-fluids-v1 3.1.19+7feeb73304
	   |-- fabric-rendering-v1 10.2.1+0d31b09f04
	   |-- fabric-resource-conditions-api-v1 5.0.13+203e6b2304
	   |-- fabric-resource-loader-v0 3.1.1+360374ac04
	   |-- fabric-screen-api-v1 2.0.38+7feeb73304
	   |-- fabric-screen-handler-api-v1 1.3.118+7feeb73304
	   |-- fabric-sound-api-v1 1.0.32+7feeb73304
	   |-- fabric-tag-api-v1 1.0.7+7d48d43904
	   |-- fabric-transfer-api-v1 5.4.9+efa825c904
	   \-- fabric-transitive-access-wideners-v1 6.3.2+56e78b9b04
	- fabricloader 0.16.10
	   \-- mixinextras 0.4.1
	- ferritecore 7.1.1
	- immediatelyfast 1.8.0+1.21.4
	   \-- net_lenni0451_reflect 1.3.4
	- iris 1.8.8+mc1.21.4
	   |-- io_github_douira_glsl-transformer 2.0.1
	   |-- org_anarres_jcpp 1.4.14
	   \-- org_antlr_antlr4-runtime 4.13.1
	- java 21
	- lithium 0.15.3+mc1.21.4
	- minecraft 1.21.4
	- modernfix 5.20.3+mc1.21.4
	- modmenu 13.0.3
	   \-- placeholder-api 2.5.1+1.21.3
	- moreculling 1.2.10
	   |-- conditional-mixin 0.6.3
	   \-- mixinsquared 0.2.0
	- sodium 0.6.13+mc1.21.4
	- threadtweak 0.1.7+mc1.21.5
	- yosbr 0.1.2
[18:49:05] [main/INFO]: Applying default options... (YOSBR)
[18:49:05] [main/INFO]: Applying default options for /options.txt from /config/yosbr/options.txt
[18:49:05] [main/INFO]: SpongePowered MIXIN Subsystem Version=0.8.7 Source=file:/home/tbmag/code/Modpack_DevTools/testMcs/1.21.4/fabric/libraries/net/fabricmc/sponge-mixin/0.15.4+mixin.0.8.7/sponge-mixin-0.15.4+mixin.0.8.7.jar Service=Knot/Fabric Env=CLIENT
[18:49:05] [main/INFO]: Compatibility level set to JAVA_17
[18:49:05] [main/INFO]: Compatibility level set to JAVA_21
[18:49:05] [main/INFO]: Generating config file version 4
[18:49:05] [main/INFO]: Initializing com.ishland.c2me.base.mixin
[18:49:05] [main/INFO]: Updating config from 0 to 1
[18:49:05] [main/INFO]: Updating config from 1 to 2
[18:49:05] [main/INFO]: Updating config from 2 to 3
