[19:05:55] [main/INFO]: Loading Minecraft 1.21.4 with Fabric Loader 0.16.14
[19:05:56] [main/INFO]: Loading 99 mods:
	- badoptimizations 2.2.3
	- c2me 0.3.1.3.0+1.21.4
	   |-- c2me-base 0.3.1.3.0+1.21.4
	   |-- c2me-client-uncapvd 0.3.1.3.0+1.21.4
	   |-- c2me-fixes-chunkio-threading-issues 0.3.1.3.0+1.21.4
	   |-- c2me-fixes-general-threading-issues 0.3.1.3.0+1.21.4
	   |-- c2me-fixes-worldgen-threading-issues 0.3.1.3.0+1.21.4
	   |-- c2me-fixes-worldgen-vanilla-bugs 0.3.1.3.0+1.21.4
	   |-- c2me-notickvd 0.3.1.3.0+1.21.4
	   |-- c2me-opts-allocs 0.3.1.3.0+1.21.4
	   |-- c2me-opts-chunkio 0.3.1.3.0+1.21.4
	   |-- c2me-opts-dfc 0.3.1.3.0+1.21.4
	   |-- c2me-opts-math 0.3.1.3.0+1.21.4
	   |-- c2me-opts-scheduling 0.3.1.3.0+1.21.4
	   |-- c2me-opts-worldgen-general 0.3.1.3.0+1.21.4
	   |-- c2me-opts-worldgen-vanilla 0.3.1.3.0+1.21.4
	   |-- c2me-rewrites-chunk-serializer 0.3.1.3.0+1.21.4
	   |-- c2me-rewrites-chunk-system 0.3.1.3.0+1.21.4
	   |-- c2me-rewrites-chunkio 0.3.1.3.0+1.21.4
	   |-- c2me-server-utils 0.3.1.3.0+1.21.4
	   |-- c2me-threading-lighting 0.3.1.3.0+1.21.4
	   |-- com_electronwill_night-config_core 3.6.5
	   |-- com_electronwill_night-config_toml 3.6.5
	   |-- com_ibm_async_asyncutil 0.1.0
	   |-- io_reactivex_rxjava3_rxjava 3.1.8
	   |-- net_objecthunter_exp4j 0.4.8
	   |-- org_jctools_jctools-core 4.0.5
	   \-- org_reactivestreams_reactive-streams 1.0.4
	- cloth-config 17.0.144
	   \-- cloth-basic-math 0.6.1
	- enhancedblockentities 0.11.3+1.21.4
	- entityculling 1.8.0
	   |-- transition 1.0.2
	   \-- trender 1.0.4
	- fabric-api 0.119.3+1.21.4
	   |-- fabric-api-base 0.4.54+b47eab6b04
	   |-- fabric-api-lookup-api-v1 1.6.86+b1caf1e904
	   |-- fabric-biome-api-v1 15.0.6+b1c29d8e04
	   |-- fabric-block-api-v1 1.0.31+7feeb73304
	   |-- fabric-block-view-api-v2 1.0.20+9c49cc8c04
	   |-- fabric-blockrenderlayer-v1 2.0.8+7feeb73304
	   |-- fabric-client-tags-api-v1 1.1.29+20ea1e2304
	   |-- fabric-command-api-v1 1.2.62+f71b366f04
	   |-- fabric-command-api-v2 2.2.41+e496eb1504
	   |-- fabric-commands-v0 0.2.79+df3654b304
	   |-- fabric-content-registries-v0 9.1.19+25d1a67604
	   |-- fabric-convention-tags-v1 2.1.20+7f945d5b04
	   |-- fabric-convention-tags-v2 2.14.1+aebda09404
	   |-- fabric-crash-report-info-v1 0.3.6+7feeb73304
	   |-- fabric-data-attachment-api-v1 1.6.2+e99da0f704
	   |-- fabric-data-generation-api-v1 22.3.1+0f4e5f5504
	   |-- fabric-dimensions-v1 4.0.10+7feeb73304
	   |-- fabric-entity-events-v1 2.0.15+62245bef04
	   |-- fabric-events-interaction-v0 4.0.4+a4eebcf004
	   |-- fabric-game-rule-api-v1 1.0.63+7d48d43904
	   |-- fabric-item-api-v1 11.3.0+ee91fa1f04
	   |-- fabric-item-group-api-v1 4.2.2+fcb9601404
	   |-- fabric-key-binding-api-v1 1.0.57+7d48d43904
	   |-- fabric-keybindings-v0 0.2.55+df3654b304
	   |-- fabric-lifecycle-events-v1 2.5.4+bf2a60eb04
	   |-- fabric-loot-api-v2 3.0.38+3f89f5a504
	   |-- fabric-loot-api-v3 1.0.26+203e6b2304
	   |-- fabric-message-api-v1 6.0.26+238a33c004
	   |-- fabric-model-loading-api-v1 4.3.0+ae23723504
	   |-- fabric-networking-api-v1 4.4.0+db5e668204
	   |-- fabric-object-builder-api-v1 18.0.14+38b0d59804
	   |-- fabric-particles-v1 4.0.14+7feeb73304
	   |-- fabric-recipe-api-v1 8.1.1+640e77ae04
	   |-- fabric-registry-sync-v0 6.1.11+4a9c1ece04
	   |-- fabric-renderer-api-v1 5.0.3+50f0feb204
	   |-- fabric-renderer-indigo 2.0.3+50f0feb204
	   |-- fabric-rendering-data-attachment-v1 0.3.58+73761d2e04
	   |-- fabric-rendering-fluids-v1 3.1.19+7feeb73304
	   |-- fabric-rendering-v1 10.2.1+0d31b09f04
	   |-- fabric-resource-conditions-api-v1 5.0.13+203e6b2304
	   |-- fabric-resource-loader-v0 3.1.1+360374ac04
	   |-- fabric-screen-api-v1 2.0.38+7feeb73304
	   |-- fabric-screen-handler-api-v1 1.3.118+7feeb73304
	   |-- fabric-sound-api-v1 1.0.32+7feeb73304
	   |-- fabric-tag-api-v1 1.0.7+7d48d43904
	   |-- fabric-transfer-api-v1 5.4.9+efa825c904
	   \-- fabric-transitive-access-wideners-v1 6.3.2+56e78b9b04
	- fabricloader 0.16.14
	   \-- mixinextras 0.4.1
	- ferritecore 7.1.1
	- immediatelyfast 1.8.0+1.21.4
	   \-- net_lenni0451_reflect 1.3.4
	- java 21
	- lithium 0.15.3+mc1.21.4
	- minecraft 1.21.4
	- modernfix 5.20.3+mc1.21.4
	- modmenu 13.0.3
	   \-- placeholder-api 2.5.1+1.21.3
	- moreculling 1.2.10
	   |-- conditional-mixin 0.6.3
	   \-- mixinsquared 0.2.0
	- sodium 0.6.13+mc1.21.4
	- threadtweak 0.1.7+mc1.21.5
	- yosbr 0.1.2
[19:05:56] [main/INFO]: Applying default options... (YOSBR)
[19:05:56] [main/INFO]: SpongePowered MIXIN Subsystem Version=0.8.7 Source=file:/home/tbmag/code/Modpack_DevTools/testMcs/1.21.4/fabric/libraries/net/fabricmc/sponge-mixin/0.15.5+mixin.0.8.7/sponge-mixin-0.15.5+mixin.0.8.7.jar Service=Knot/Fabric Env=CLIENT
[19:05:56] [main/INFO]: Compatibility level set to JAVA_17
[19:05:56] [main/INFO]: Compatibility level set to JAVA_21
[19:05:56] [main/INFO]: Generating config file version 4
[19:05:56] [main/INFO]: Initializing com.ishland.c2me.base.mixin
[19:05:56] [main/INFO]: Updating config from 0 to 1
[19:05:56] [main/INFO]: Updating config from 1 to 2
[19:05:56] [main/INFO]: Updating config from 2 to 3
[19:05:56] [main/INFO]: Global Executor Parallelism: 4 configured, 4 evaluated, 4 default evaluated
[19:05:56] [main/INFO]: Initializing com.ishland.c2me.client.uncapvd.mixin
[19:05:56] [main/INFO]: Initializing com.ishland.c2me.fixes.chunkio.threading_issues.mixin
[19:05:56] [main/INFO]: Initializing com.ishland.c2me.fixes.general.threading_issues.mixin
[19:05:56] [main/INFO]: Initializing com.ishland.c2me.fixes.worldgen.threading_issues.mixin
[19:05:56] [main/INFO]: Initializing com.ishland.c2me.fixes.worldgen.vanilla_bugs.mixin
[19:05:56] [main/INFO]: Initializing com.ishland.c2me.notickvd.mixin
[19:05:56] [main/INFO]: Initializing com.ishland.c2me.opts.allocs.mixin
[19:05:56] [main/INFO]: Initializing com.ishland.c2me.opts.chunkio.mixin
[19:05:56] [main/INFO]: Initializing com.ishland.c2me.opts.dfc.mixin
[19:05:56] [main/INFO]: Initializing com.ishland.c2me.opts.math.mixin
[19:05:56] [main/INFO]: Initializing com.ishland.c2me.opts.scheduling.mixin
[19:05:56] [main/INFO]: Initializing com.ishland.c2me.opts.worldgen.general.mixin
[19:05:56] [main/INFO]: Initializing com.ishland.c2me.opts.worldgen.vanilla.mixin
[19:05:56] [main/INFO]: Initializing com.ishland.c2me.rewrites.chunk_serializer.mixin
[19:05:56] [main/INFO]: Disabling com.ishland.c2me.rewrites.chunk_serializer.mixin
[19:05:56] [main/INFO]: Initializing com.ishland.c2me.rewrites.chunksystem.mixin
[19:05:56] [main/INFO]: Initializing com.ishland.c2me.rewrites.chunkio.mixin
[19:05:56] [main/INFO]: Initializing com.ishland.c2me.server.utils.mixin
[19:05:56] [main/INFO]: Initializing com.ishland.c2me.threading.lighting.mixin
[19:05:56] [main/WARN]: Mod 'ferritecore' attempted to override option 'mixin.alloc.blockstate', which doesn't exist, ignoring
[19:05:56] [main/INFO]: Loaded configuration file for Lithium: 158 options available, 0 override(s) found.
[19:05:56] [main/INFO]: Loaded configuration file for ModernFix 5.20.3+mc1.21.4: 54 options available, 5 override(s) found
[19:05:56] [main/WARN]: Option 'mixin.bugfix.paper_chunk_patches' overriden (by mods [c2me]) to 'false'
[19:05:56] [main/WARN]: Option 'mixin.perf.cache_strongholds' overriden (by mods [c2me]) to 'false'
[19:05:56] [main/WARN]: Option 'mixin.perf.nbt_memory_usage' overriden (by mods [c2me]) to 'false'
[19:05:56] [main/WARN]: Option 'mixin.bugfix.chunk_deadlock' overriden (by mods [c2me]) to 'false'
[19:05:56] [main/WARN]: Option 'mixin.perf.thread_priorities' overriden (by mods [threadtweak]) to 'false'
[19:05:56] [main/INFO]: Applying Nashorn fix
[19:05:56] [main/INFO]: Loaded configuration file for Sodium: 43 options available, 0 override(s) found
[19:05:57] [main/WARN]: Error loading class: me/jellysquid/mods/sodium/client/gui/SodiumGameOptionPages (java.lang.ClassNotFoundException: me/jellysquid/mods/sodium/client/gui/SodiumGameOptionPages)
[19:05:57] [main/WARN]: Error loading class: net/caffeinemc/sodium/config/user/UserConfigCategories (java.lang.ClassNotFoundException: net/caffeinemc/sodium/config/user/UserConfigCategories)
[19:05:57] [main/WARN]: Error loading class: net/vulkanmod/config/option/Options (java.lang.ClassNotFoundException: net/vulkanmod/config/option/Options)
[19:05:57] [main/WARN]: Error loading class: ca/spottedleaf/starlight/common/thread/SchedulingUtil (java.lang.ClassNotFoundException: ca/spottedleaf/starlight/common/thread/SchedulingUtil)
[19:05:57] [main/WARN]: Error loading class: me/jellysquid/mods/sodium/client/gui/SodiumGameOptionPages (java.lang.ClassNotFoundException: me/jellysquid/mods/sodium/client/gui/SodiumGameOptionPages)
[19:05:57] [main/WARN]: Error loading class: net/caffeinemc/sodium/config/user/UserConfigCategories (java.lang.ClassNotFoundException: net/caffeinemc/sodium/config/user/UserConfigCategories)
[19:05:57] [main/WARN]: Error loading class: me/jellysquid/mods/sodium/client/gui/SodiumGameOptionPages (java.lang.ClassNotFoundException: me/jellysquid/mods/sodium/client/gui/SodiumGameOptionPages)
[19:05:57] [main/WARN]: Error loading class: net/caffeinemc/sodium/config/user/UserConfigCategories (java.lang.ClassNotFoundException: net/caffeinemc/sodium/config/user/UserConfigCategories)
[19:05:58] [main/INFO]: Searching for graphics cards...
[19:05:58] [main/INFO]: Found graphics adapter: LinuxPciAdapterInfo[vendor=AMD, name=Raphael, pciVendorId=0x1002, pciDeviceId=0x164e]
[19:05:58] [main/INFO]: Found graphics adapter: LinuxPciAdapterInfo[vendor=NVIDIA, name=AD104M [GeForce RTX 4080 Max-Q / Mobile], pciVendorId=0x10de, pciDeviceId=0x27e0]
[19:05:58] [main/WARN]: Sodium has applied one or more workarounds to prevent crashes or other issues on your system: [NVIDIA_THREADED_OPTIMIZATIONS_BROKEN, NO_ERROR_CONTEXT_UNSUPPORTED]
[19:05:58] [main/WARN]: This is not necessarily an issue, but it may result in certain features or optimizations being disabled. You can sometimes fix these issues by upgrading your graphics driver.
[19:05:58] [main/INFO]: Initializing MixinExtras via com.llamalad7.mixinextras.service.MixinExtrasServiceImpl(version=0.4.1).
[19:05:58] [main/INFO]: ThreadTweak config initialized
[19:06:00] [Datafixer Bootstrap/INFO]: 243 Datafixer optimizations took 454 milliseconds
[19:06:01] [main/WARN]: Method overwrite conflict for method_21740 in modernfix-common.mixins.json:perf.remove_biome_temperature_cache.BiomeMixin from mod modernfix, previously written by net.caffeinemc.mods.lithium.mixin.world.temperature_cache.BiomeMixin. Skipping method.
[19:06:05] [main/INFO]: Vanilla bootstrap took 5433 milliseconds
[19:06:06] [Render thread/INFO]: Environment: Environment[sessionHost=https://sessionserver.mojang.com, servicesHost=https://api.minecraftservices.com, name=PROD]
[19:06:06] [Render thread/INFO]: Setting user: Player711
[19:06:06] [Render thread/INFO]: [Indigo] Different rendering plugin detected; not applying Indigo.
[19:06:06] [Render thread/INFO]: Checking mod updates...
[19:06:06] [Worker-Main-1/ERROR]: Caught exception in thread Thread[#97,Worker-Main-1,1,main]
java.util.ConcurrentModificationException: null
	at java.base/java.util.HashMap$ValueSpliterator.forEachRemaining(HashMap.java:1792) ~[?:?]
	at java.base/java.util.stream.AbstractPipeline.copyInto(AbstractPipeline.java:509) ~[?:?]
	at java.base/java.util.stream.AbstractPipeline.wrapAndCopyInto(AbstractPipeline.java:499) ~[?:?]
	at java.base/java.util.stream.AbstractPipeline.evaluate(AbstractPipeline.java:575) ~[?:?]
	at java.base/java.util.stream.AbstractPipeline.evaluateToArrayNode(AbstractPipeline.java:260) ~[?:?]
	at java.base/java.util.stream.ReferencePipeline.toArray(ReferencePipeline.java:616) ~[?:?]
	at java.base/java.util.stream.ReferencePipeline.toArray(ReferencePipeline.java:622) ~[?:?]
	at java.base/java.util.stream.ReferencePipeline.toList(ReferencePipeline.java:627) ~[?:?]
	at knot/com.terraformersmc.modmenu.util.UpdateCheckerUtil.checkForUpdates0(UpdateCheckerUtil.java:57) ~[modmenu-13.0.3.jar:?]
	at java.base/java.util.concurrent.ForkJoinTask$RunnableExecuteAction.exec(ForkJoinTask.java:1423) [?:?]
	at java.base/java.util.concurrent.ForkJoinTask.doExec(ForkJoinTask.java:387) [?:?]
	at java.base/java.util.concurrent.ForkJoinPool$WorkQueue.topLevelExec(ForkJoinPool.java:1312) [?:?]
	at java.base/java.util.concurrent.ForkJoinPool.scan(ForkJoinPool.java:1843) [?:?]
	at java.base/java.util.concurrent.ForkJoinPool.runWorker(ForkJoinPool.java:1808) [?:?]
	at java.base/java.util.concurrent.ForkJoinWorkerThread.run(ForkJoinWorkerThread.java:188) [?:?]
[19:06:06] [Render thread/INFO]: [STDOUT]: [LibGui] Initializing Client...
[19:06:06] [Download-2/ERROR]: Failed to fetch user properties
com.mojang.authlib.exceptions.InvalidCredentialsException: Status: 401
	at knot/com.mojang.authlib.exceptions.MinecraftClientHttpException.toAuthenticationException(MinecraftClientHttpException.java:59) ~[authlib-6.0.57.jar:?]
	at knot/com.mojang.authlib.yggdrasil.YggdrasilUserApiService.fetchProperties(YggdrasilUserApiService.java:150) ~[authlib-6.0.57.jar:?]
	at knot/net.minecraft.class_310.method_55608(class_310.java:457) ~[client-intermediary.jar:?]
	at java.base/java.util.concurrent.CompletableFuture$AsyncSupply.run(CompletableFuture.java:1768) ~[?:?]
	at java.base/java.util.concurrent.ThreadPoolExecutor.runWorker(ThreadPoolExecutor.java:1144) ~[?:?]
	at java.base/java.util.concurrent.ThreadPoolExecutor$Worker.run(ThreadPoolExecutor.java:642) ~[?:?]
	at java.base/java.lang.Thread.run(Thread.java:1583) [?:?]
Caused by: com.mojang.authlib.exceptions.MinecraftClientHttpException: Status: 401
	at knot/com.mojang.authlib.minecraft.client.MinecraftClient.readInputStream(MinecraftClient.java:103) ~[authlib-6.0.57.jar:?]
	at knot/com.mojang.authlib.minecraft.client.MinecraftClient.get(MinecraftClient.java:56) ~[authlib-6.0.57.jar:?]
	at knot/com.mojang.authlib.yggdrasil.YggdrasilUserApiService.fetchProperties(YggdrasilUserApiService.java:121) ~[authlib-6.0.57.jar:?]
	... 5 more
[19:06:07] [Render thread/INFO]: Backend library: LWJGL version 3.3.3-snapshot
[19:06:07] [Render thread/INFO]: Modifying process environment to apply workarounds for the NVIDIA graphics driver...
[19:06:07] [Render thread/INFO]: OpenGL Vendor: NVIDIA Corporation
[19:06:07] [Render thread/INFO]: OpenGL Renderer: NVIDIA GeForce RTX 4080 Laptop GPU/PCIe/SSE2
[19:06:07] [Render thread/INFO]: OpenGL Version: 3.2.0 NVIDIA 575.57.08
[19:06:07] [Render thread/INFO]: Modifying OpenGL context to apply workarounds for the NVIDIA graphics driver...
[19:06:07] [Render thread/INFO]: Initializing ImmediatelyFast 1.8.0+1.21.4 on NVIDIA GeForce RTX 4080 Laptop GPU/PCIe/SSE2 (NVIDIA Corporation) with OpenGL 3.2.0 NVIDIA 575.57.08
[W][19:06:08.387071] pw.conf      | [          conf.c: 1204 pw_conf_load_conf_for_context()] setting config.name to client-rt.conf is deprecated, using client.conf
[19:06:09] [Render thread/INFO]: Invalidating pack caches
[19:06:09] [Render thread/INFO]: Reloading ResourceManager: vanilla, fabric, badoptimizations, c2me, cloth-config, conditional-mixin, enhancedblockentities, entityculling, fabric-api, fabric-api-base, fabric-api-lookup-api-v1, fabric-biome-api-v1, fabric-block-api-v1, fabric-block-view-api-v2, fabric-blockrenderlayer-v1, fabric-client-tags-api-v1, fabric-command-api-v1, fabric-command-api-v2, fabric-commands-v0, fabric-content-registries-v0, fabric-convention-tags-v1, fabric-convention-tags-v2, fabric-crash-report-info-v1, fabric-data-attachment-api-v1, fabric-data-generation-api-v1, fabric-dimensions-v1, fabric-entity-events-v1, fabric-events-interaction-v0, fabric-game-rule-api-v1, fabric-item-api-v1, fabric-item-group-api-v1, fabric-key-binding-api-v1, fabric-keybindings-v0, fabric-lifecycle-events-v1, fabric-loot-api-v2, fabric-loot-api-v3, fabric-message-api-v1, fabric-model-loading-api-v1, fabric-networking-api-v1, fabric-object-builder-api-v1, fabric-particles-v1, fabric-recipe-api-v1, fabric-registry-sync-v0, fabric-renderer-api-v1, fabric-renderer-indigo, fabric-rendering-data-attachment-v1, fabric-rendering-fluids-v1, fabric-rendering-v1, fabric-resource-conditions-api-v1, fabric-resource-loader-v0, fabric-screen-api-v1, fabric-screen-handler-api-v1, fabric-sound-api-v1, fabric-tag-api-v1, fabric-transfer-api-v1, fabric-transitive-access-wideners-v1, fabricloader, immediatelyfast, lithium, modernfix, modmenu, moreculling, placeholder-api, sodium, threadtweak, trender, yosbr
[19:06:09] [Worker-ResourceReload-12/INFO]: Found unifont_jp_patch-16.0.01.hex, loading
[19:06:09] [Worker-ResourceReload-10/INFO]: Found unifont_all_no_pua-16.0.01.hex, loading
[19:06:09] [Render thread/INFO]: Cached all modded block culling states
[19:06:11] [Worker-ResourceReload-17/WARN]: Missing texture references in model minecraft:decorated_pot#cracked=false,facing=west,waterlogged=true:
    particle
[19:06:11] [Worker-ResourceReload-17/WARN]: Missing texture references in model minecraft:decorated_pot#cracked=false,facing=north,waterlogged=false:
    particle
[19:06:11] [Worker-ResourceReload-17/WARN]: Missing texture references in model minecraft:decorated_pot#cracked=true,facing=east,waterlogged=false:
    particle
[19:06:11] [Worker-ResourceReload-17/WARN]: Missing texture references in model minecraft:decorated_pot#cracked=true,facing=south,waterlogged=true:
    particle
[19:06:12] [Render thread/INFO]: OpenAL initialized on device Family 17h/19h/1ah HD Audio Controller Analog Stereo
[19:06:12] [Render thread/INFO]: Sound engine started
[19:06:12] [Render thread/INFO]: Created: 1024x1024x4 minecraft:textures/atlas/blocks.png-atlas
[19:06:12] [Render thread/INFO]: Created: 256x256x4 minecraft:textures/atlas/signs.png-atlas
[19:06:12] [Render thread/INFO]: Created: 512x512x4 minecraft:textures/atlas/shield_patterns.png-atlas
[19:06:12] [Render thread/INFO]: Created: 512x512x4 minecraft:textures/atlas/banner_patterns.png-atlas
[19:06:12] [Render thread/INFO]: Created: 2048x1024x4 minecraft:textures/atlas/armor_trims.png-atlas
[19:06:12] [Render thread/INFO]: Created: 128x64x4 minecraft:textures/atlas/decorated_pot.png-atlas
[19:06:12] [Render thread/INFO]: Created: 256x256x4 minecraft:textures/atlas/chest.png-atlas
[19:06:12] [Render thread/INFO]: Created: 512x256x4 minecraft:textures/atlas/shulker_boxes.png-atlas
[19:06:12] [Render thread/INFO]: Created: 512x256x4 minecraft:textures/atlas/beds.png-atlas
[19:06:13] [Render thread/INFO]: Created: 64x64x0 minecraft:textures/atlas/map_decorations.png-atlas
[19:06:13] [Render thread/INFO]: Created: 512x256x0 minecraft:textures/atlas/particles.png-atlas
[19:06:13] [Render thread/INFO]: Created: 512x256x0 minecraft:textures/atlas/paintings.png-atlas
[19:06:13] [Render thread/INFO]: Created: 256x128x0 minecraft:textures/atlas/mob_effects.png-atlas
[19:06:13] [Render thread/INFO]: Created: 1024x512x0 minecraft:textures/atlas/gui.png-atlas
