[15:20:38] [main/INFO]: Loading Minecraft 1.21.5 with Fabric Loader 0.16.14
[15:20:38] [main/INFO]: Fabric is preparing JARs on first launch, this may take a few seconds...
[15:20:39] [main/INFO]: Loading 98 mods:
	- badoptimizations 2.2.2
	- c2me 0.3.4+alpha.0.20+1.21.5
	   |-- c2me-base 0.3.4+alpha.0.20+1.21.5
	   |-- c2me-client-uncapvd 0.3.4+alpha.0.20+1.21.5
	   |-- c2me-fixes-chunkio-threading-issues 0.3.4+alpha.0.20+1.21.5
	   |-- c2me-fixes-general-threading-issues 0.3.4+alpha.0.20+1.21.5
	   |-- c2me-fixes-worldgen-threading-issues 0.3.4+alpha.0.20+1.21.5
	   |-- c2me-fixes-worldgen-vanilla-bugs 0.3.4+alpha.0.20+1.21.5
	   |-- c2me-notickvd 0.3.4+alpha.0.20+1.21.5
	   |-- c2me-opts-allocs 0.3.4+alpha.0.20+1.21.5
	   |-- c2me-opts-chunkio 0.3.4+alpha.0.20+1.21.5
	   |-- c2me-opts-dfc 0.3.4+alpha.0.20+1.21.5
	   |-- c2me-opts-math 0.3.4+alpha.0.20+1.21.5
	   |-- c2me-opts-scheduling 0.3.4+alpha.0.20+1.21.5
	   |-- c2me-opts-worldgen-general 0.3.4+alpha.0.20+1.21.5
	   |-- c2me-opts-worldgen-vanilla 0.3.4+alpha.0.20+1.21.5
	   |-- c2me-rewrites-chunk-serializer 0.3.4+alpha.0.20+1.21.5
	   |-- c2me-rewrites-chunk-system 0.3.4+alpha.0.20+1.21.5
	   |-- c2me-rewrites-chunkio 0.3.4+alpha.0.20+1.21.5
	   |-- c2me-server-utils 0.3.4+alpha.0.20+1.21.5
	   |-- c2me-threading-lighting 0.3.4+alpha.0.20+1.21.5
	   |-- com_electronwill_night-config_core 3.6.5
	   |-- com_electronwill_night-config_toml 3.6.5
	   |-- com_ibm_async_asyncutil 0.1.0
	   |-- io_reactivex_rxjava3_rxjava 3.1.8
	   |-- net_objecthunter_exp4j 0.4.8
	   |-- org_jctools_jctools-core 4.0.5
	   \-- org_reactivestreams_reactive-streams 1.0.4
	- cloth-config 18.0.145
	   \-- cloth-basic-math 0.6.1
	- dynamic_fps 3.9.4
	   \-- net_lostluma_battery 1.3.0
	- entityculling 1.7.4
	- fabric-api 0.126.0+1.21.5
	   |-- fabric-api-base 0.4.62+73a52b4b49
	   |-- fabric-api-lookup-api-v1 1.6.96+86c3a9f149
	   |-- fabric-biome-api-v1 16.0.7+2dd063df49
	   |-- fabric-block-api-v1 1.1.0+ed91556f49
	   |-- fabric-block-view-api-v2 1.0.26+aa6d566c49
	   |-- fabric-blockrenderlayer-v1 2.0.16+86c3a9f149
	   |-- fabric-client-tags-api-v1 1.1.37+86c3a9f149
	   |-- fabric-command-api-v1 1.2.70+f71b366f49
	   |-- fabric-command-api-v2 2.2.49+73a52b4b49
	   |-- fabric-commands-v0 0.2.87+df3654b349
	   |-- fabric-content-registries-v0 10.0.14+3e6c1f7d49
	   |-- fabric-convention-tags-v1 2.1.32+7f945d5b49
	   |-- fabric-convention-tags-v2 2.15.1+0570995b49
	   |-- fabric-crash-report-info-v1 0.3.12+86c3a9f149
	   |-- fabric-data-attachment-api-v1 1.8.3+bc514c4549
	   |-- fabric-data-generation-api-v1 22.4.2+ea72995749
	   |-- fabric-dimensions-v1 4.0.17+3e6c1f7d49
	   |-- fabric-entity-events-v1 2.1.0+3ce7866349
	   |-- fabric-events-interaction-v0 4.0.15+64e3057949
	   |-- fabric-game-rule-api-v1 1.0.70+c327076a49
	   |-- fabric-item-api-v1 11.4.1+e46fd76a49
	   |-- fabric-item-group-api-v1 4.2.9+3459fc6149
	   |-- fabric-key-binding-api-v1 1.0.63+ecf51cdc49
	   |-- fabric-keybindings-v0 0.2.61+df3654b349
	   |-- fabric-lifecycle-events-v1 2.6.0+230071a049
	   |-- fabric-loot-api-v2 3.0.48+3f89f5a549
	   |-- fabric-loot-api-v3 1.0.36+86c3a9f149
	   |-- fabric-message-api-v1 6.1.0+fe971bba49
	   |-- fabric-model-loading-api-v1 5.2.1+5281b90749
	   |-- fabric-networking-api-v1 4.5.0+775be32c49
	   |-- fabric-object-builder-api-v1 21.1.1+b8d6ba7049
	   |-- fabric-particles-v1 4.1.2+112e550e49
	   |-- fabric-recipe-api-v1 8.1.8+3235ab3249
	   |-- fabric-registry-sync-v0 6.1.21+b556383249
	   |-- fabric-renderer-api-v1 6.1.0+5281b90749
	   |-- fabric-renderer-indigo 3.1.0+5281b90749
	   |-- fabric-rendering-data-attachment-v1 0.3.64+73761d2e49
	   |-- fabric-rendering-fluids-v1 3.1.27+86c3a9f149
	   |-- fabric-rendering-v1 11.1.11+5490746649
	   |-- fabric-resource-conditions-api-v1 5.0.21+73a52b4b49
	   |-- fabric-resource-loader-v0 3.1.7+847e5f5c49
	   |-- fabric-screen-api-v1 2.0.46+86c3a9f149
	   |-- fabric-screen-handler-api-v1 1.3.128+c327076a49
	   |-- fabric-sound-api-v1 1.0.38+86c3a9f149
	   |-- fabric-tag-api-v1 1.0.17+ecf51cdc49
	   |-- fabric-transfer-api-v1 5.4.24+7b20cbb049
	   \-- fabric-transitive-access-wideners-v1 6.3.17+f17a180c49
	- fabricloader 0.16.14
	   \-- mixinextras 0.4.1
	- ferritecore 8.0.0
	- immediatelyfast 1.9.5+1.21.5
	   \-- net_lenni0451_reflect 1.3.4
	- java 21
	- lithium 0.16.2+mc1.21.5
	- minecraft 1.21.5
	- modernfix 5.20.4-beta.3+mc25w07a.e6c9
	- modmenu 14.0.0-rc.2
	   \-- placeholder-api 2.6.0+1.21.5
	- moreculling 1.3.1
	   |-- conditional-mixin 0.6.3
	   \-- mixinsquared 0.2.0
	- sodium 0.6.13+mc1.21.5
	- threadtweak 0.1.7+mc1.21.5
	- yosbr 0.1.2
[15:20:39] [main/INFO]: Applying default options... (YOSBR)
[15:20:39] [main/INFO]: Applying default options for /config/ferritecore.mixin.properties from /config/yosbr/config/ferritecore.mixin.properties
[15:20:39] [main/INFO]: Applying default options for /config/immediatelyfast.json from /config/yosbr/config/immediatelyfast.json
[15:20:39] [main/INFO]: Applying default options for /config/c2me.toml from /config/yosbr/config/c2me.toml
[15:20:39] [main/INFO]: Applying default options for /config/moreculling.toml from /config/yosbr/config/moreculling.toml
[15:20:39] [main/INFO]: Applying default options for /config/sodium-options.json from /config/yosbr/config/sodium-options.json
[15:20:39] [main/INFO]: Applying default options for /config/badoptimizations.txt from /config/yosbr/config/badoptimizations.txt
[15:20:39] [main/INFO]: Applying default options for /config/threadtweak.json from /config/yosbr/config/threadtweak.json
[15:20:39] [main/INFO]: SpongePowered MIXIN Subsystem Version=0.8.7 Source=file:/home/tbmag/code/Modpack_DevTools/testMcs/1.21.5/fabric/libraries/net/fabricmc/sponge-mixin/0.15.5+mixin.0.8.7/sponge-mixin-0.15.5+mixin.0.8.7.jar Service=Knot/Fabric Env=CLIENT
[15:20:39] [main/INFO]: Compatibility level set to JAVA_17
[15:20:39] [main/INFO]: Compatibility level set to JAVA_21
[15:20:39] [main/INFO]: Loading config file
[15:20:39] [main/INFO]: Config version: 4
[15:20:39] [main/INFO]: Note: Entity flag caching has no effect in Minecraft 1.20.5+ as the optimization is obsoleted by vanilla changes.
[15:20:39] [main/INFO]: Initializing com.ishland.c2me.base.mixin
[15:20:39] [main/INFO]: Global Executor Parallelism: 4 configured, 4 evaluated, 4 default evaluated
[15:20:39] [main/INFO]: Initializing com.ishland.c2me.client.uncapvd.mixin
[15:20:39] [main/INFO]: Config clientSideConfig.modifyMaxVDConfig.enabled changed from true to false
[15:20:39] [main/INFO]: Config clientSideConfig.modifyMaxVDConfig.enableExtRenderDistanceProtocol changed from true to false
[15:20:39] [main/INFO]: Disabling com.ishland.c2me.client.uncapvd.mixin
[15:20:39] [main/INFO]: Initializing com.ishland.c2me.fixes.chunkio.threading_issues.mixin
[15:20:39] [main/INFO]: Initializing com.ishland.c2me.fixes.general.threading_issues.mixin
[15:20:39] [main/INFO]: Initializing com.ishland.c2me.fixes.worldgen.threading_issues.mixin
[15:20:39] [main/INFO]: Initializing com.ishland.c2me.fixes.worldgen.vanilla_bugs.mixin
[15:20:39] [main/INFO]: Initializing com.ishland.c2me.notickvd.mixin
[15:20:39] [main/INFO]: Config noTickViewDistance.compatibilityMode changed from true to false
[15:20:39] [main/INFO]: Config noTickViewDistance.enableExtRenderDistanceProtocol changed from true to false
[15:20:39] [main/INFO]: Initializing com.ishland.c2me.opts.allocs.mixin
[15:20:39] [main/INFO]: Initializing com.ishland.c2me.opts.chunkio.mixin
[15:20:39] [main/INFO]: Initializing com.ishland.c2me.opts.dfc.mixin
[15:20:39] [main/INFO]: Config vanillaWorldGenOptimizations.useDensityFunctionCompiler changed from true to true
[15:20:39] [main/INFO]: Initializing com.ishland.c2me.opts.math.mixin
[15:20:39] [main/INFO]: Initializing com.ishland.c2me.opts.scheduling.mixin
[15:20:39] [main/INFO]: Initializing com.ishland.c2me.opts.worldgen.general.mixin
[15:20:39] [main/INFO]: Initializing com.ishland.c2me.opts.worldgen.vanilla.mixin
[15:20:39] [main/INFO]: Initializing com.ishland.c2me.rewrites.chunk_serializer.mixin
[15:20:39] [main/INFO]: Disabling com.ishland.c2me.rewrites.chunk_serializer.mixin
[15:20:39] [main/INFO]: Initializing com.ishland.c2me.rewrites.chunksystem.mixin
[15:20:39] [main/INFO]: Initializing com.ishland.c2me.rewrites.chunkio.mixin
[15:20:39] [main/INFO]: Initializing com.ishland.c2me.server.utils.mixin
[15:20:39] [main/INFO]: Initializing com.ishland.c2me.threading.lighting.mixin
[15:20:40] [main/WARN]: Mod 'ferritecore' attempted to override option 'mixin.alloc.blockstate', which doesn't exist, ignoring
[15:20:40] [main/INFO]: Loaded configuration file for Lithium: 155 options available, 0 override(s) found.
[15:20:40] [main/INFO]: Loaded configuration file for ModernFix 5.20.4-beta.3+mc25w07a.e6c9: 54 options available, 5 override(s) found
[15:20:40] [main/WARN]: Option 'mixin.bugfix.paper_chunk_patches' overriden (by mods [c2me]) to 'false'
[15:20:40] [main/WARN]: Option 'mixin.perf.cache_strongholds' overriden (by mods [c2me]) to 'false'
[15:20:40] [main/WARN]: Option 'mixin.perf.nbt_memory_usage' overriden (by mods [c2me]) to 'false'
[15:20:40] [main/WARN]: Option 'mixin.bugfix.chunk_deadlock' overriden (by mods [c2me]) to 'false'
[15:20:40] [main/WARN]: Option 'mixin.perf.thread_priorities' overriden (by mods [threadtweak]) to 'false'
[15:20:40] [main/INFO]: Applying Nashorn fix
[15:20:40] [main/INFO]: Loaded configuration file for Sodium: 43 options available, 0 override(s) found
[15:20:41] [main/WARN]: Error loading class: ca/spottedleaf/starlight/common/thread/SchedulingUtil (java.lang.ClassNotFoundException: ca/spottedleaf/starlight/common/thread/SchedulingUtil)
[15:20:41] [main/WARN]: Mixin malte0811.ferritecore.mixin.threaddetec.PalettedContainerMixin is disabled automatically as lithium is installed
[15:20:41] [main/INFO]: Removing config entry .noTickViewDistance.maxViewDistance because it is not used
[15:20:42] [main/INFO]: Searching for graphics cards...
[15:20:42] [main/INFO]: Found graphics adapter: LinuxPciAdapterInfo[vendor=AMD, name=Raphael, pciVendorId=0x1002, pciDeviceId=0x164e]
[15:20:42] [main/INFO]: Found graphics adapter: LinuxPciAdapterInfo[vendor=NVIDIA, name=AD104M [GeForce RTX 4080 Max-Q / Mobile], pciVendorId=0x10de, pciDeviceId=0x27e0]
[15:20:42] [main/WARN]: Sodium has applied one or more workarounds to prevent crashes or other issues on your system: [NVIDIA_THREADED_OPTIMIZATIONS_BROKEN, NO_ERROR_CONTEXT_UNSUPPORTED]
[15:20:42] [main/WARN]: This is not necessarily an issue, but it may result in certain features or optimizations being disabled. You can sometimes fix these issues by upgrading your graphics driver.
[15:20:42] [main/INFO]: Initializing MixinExtras via com.llamalad7.mixinextras.service.MixinExtrasServiceImpl(version=0.4.1).
[15:20:42] [main/INFO]: ThreadTweak config initialized
[15:20:45] [Datafixer Bootstrap/INFO]: 263 Datafixer optimizations took 1610 milliseconds
[15:20:46] [main/WARN]: Method overwrite conflict for method_21740 in modernfix-common.mixins.json:perf.remove_biome_temperature_cache.BiomeMixin from mod modernfix, previously written by net.caffeinemc.mods.lithium.mixin.world.temperature_cache.BiomeMixin. Skipping method.
