[18:20:21] [main/INFO]: Loading Minecraft 1.21.5 with Fabric Loader 0.16.10
[18:20:21] [main/INFO]: Loading 98 mods:
	- badoptimizations 2.2.2
	- c2me 0.3.4+alpha.0.17+1.21.5
	   |-- c2me-base 0.3.4+alpha.0.17+1.21.5
	   |-- c2me-client-uncapvd 0.3.4+alpha.0.17+1.21.5
	   |-- c2me-fixes-chunkio-threading-issues 0.3.4+alpha.0.17+1.21.5
	   |-- c2me-fixes-general-threading-issues 0.3.4+alpha.0.17+1.21.5
	   |-- c2me-fixes-worldgen-threading-issues 0.3.4+alpha.0.17+1.21.5
	   |-- c2me-fixes-worldgen-vanilla-bugs 0.3.4+alpha.0.17+1.21.5
	   |-- c2me-notickvd 0.3.4+alpha.0.17+1.21.5
	   |-- c2me-opts-allocs 0.3.4+alpha.0.17+1.21.5
	   |-- c2me-opts-chunkio 0.3.4+alpha.0.17+1.21.5
	   |-- c2me-opts-dfc 0.3.4+alpha.0.17+1.21.5
	   |-- c2me-opts-math 0.3.4+alpha.0.17+1.21.5
	   |-- c2me-opts-scheduling 0.3.4+alpha.0.17+1.21.5
	   |-- c2me-opts-worldgen-general 0.3.4+alpha.0.17+1.21.5
	   |-- c2me-opts-worldgen-vanilla 0.3.4+alpha.0.17+1.21.5
	   |-- c2me-rewrites-chunk-serializer 0.3.4+alpha.0.17+1.21.5
	   |-- c2me-rewrites-chunk-system 0.3.4+alpha.0.17+1.21.5
	   |-- c2me-rewrites-chunkio 0.3.4+alpha.0.17+1.21.5
	   |-- c2me-server-utils 0.3.4+alpha.0.17+1.21.5
	   |-- c2me-threading-lighting 0.3.4+alpha.0.17+1.21.5
	   |-- com_electronwill_night-config_core 3.6.5
	   |-- com_electronwill_night-config_toml 3.6.5
	   |-- com_ibm_async_asyncutil 0.1.0
	   |-- io_reactivex_rxjava3_rxjava 3.1.8
	   |-- net_objecthunter_exp4j 0.4.8
	   |-- org_jctools_jctools-core 4.0.5
	   \-- org_reactivestreams_reactive-streams 1.0.4
	- cloth-config 18.0.145
	   \-- cloth-basic-math 0.6.1
	- dynamic_fps 3.9.4
	   \-- net_lostluma_battery 1.3.0
	- entityculling 1.7.4
	- fabric-api 0.124.2+1.21.5
	   |-- fabric-api-base 0.4.62+73a52b4b49
	   |-- fabric-api-lookup-api-v1 1.6.96+86c3a9f149
	   |-- fabric-biome-api-v1 16.0.7+2dd063df49
	   |-- fabric-block-api-v1 1.0.37+86c3a9f149
	   |-- fabric-block-view-api-v2 1.0.26+aa6d566c49
	   |-- fabric-blockrenderlayer-v1 2.0.16+86c3a9f149
	   |-- fabric-client-tags-api-v1 1.1.37+86c3a9f149
	   |-- fabric-command-api-v1 1.2.70+f71b366f49
	   |-- fabric-command-api-v2 2.2.49+73a52b4b49
	   |-- fabric-commands-v0 0.2.87+df3654b349
	   |-- fabric-content-registries-v0 10.0.14+3e6c1f7d49
	   |-- fabric-convention-tags-v1 2.1.30+7f945d5b49
	   |-- fabric-convention-tags-v2 2.14.4+fca633a049
	   |-- fabric-crash-report-info-v1 0.3.12+86c3a9f149
	   |-- fabric-data-attachment-api-v1 1.8.2+1aba48bb49
	   |-- fabric-data-generation-api-v1 22.4.0+ea72995749
	   |-- fabric-dimensions-v1 4.0.17+3e6c1f7d49
	   |-- fabric-entity-events-v1 2.0.25+27c1078f49
	   |-- fabric-events-interaction-v0 4.0.13+73a52b4b49
	   |-- fabric-game-rule-api-v1 1.0.70+c327076a49
	   |-- fabric-item-api-v1 11.4.1+e46fd76a49
	   |-- fabric-item-group-api-v1 4.2.9+3459fc6149
	   |-- fabric-key-binding-api-v1 1.0.63+ecf51cdc49
	   |-- fabric-keybindings-v0 0.2.61+df3654b349
	   |-- fabric-lifecycle-events-v1 2.6.0+230071a049
	   |-- fabric-loot-api-v2 3.0.48+3f89f5a549
	   |-- fabric-loot-api-v3 1.0.36+86c3a9f149
	   |-- fabric-message-api-v1 6.0.33+86c3a9f149
	   |-- fabric-model-loading-api-v1 5.2.0+c982b95149
	   |-- fabric-networking-api-v1 4.4.0+f3ffa98949
	   |-- fabric-object-builder-api-v1 21.1.0+b8d6ba7049
	   |-- fabric-particles-v1 4.1.1+112e550e49
	   |-- fabric-recipe-api-v1 8.1.7+3235ab3249
	   |-- fabric-registry-sync-v0 6.1.20+b556383249
	   |-- fabric-renderer-api-v1 6.0.2+c982b95149
	   |-- fabric-renderer-indigo 3.0.3+3e6c1f7d49
	   |-- fabric-rendering-data-attachment-v1 0.3.64+73761d2e49
	   |-- fabric-rendering-fluids-v1 3.1.27+86c3a9f149
	   |-- fabric-rendering-v1 11.1.11+5490746649
	   |-- fabric-resource-conditions-api-v1 5.0.21+73a52b4b49
	   |-- fabric-resource-loader-v0 3.1.7+847e5f5c49
	   |-- fabric-screen-api-v1 2.0.46+86c3a9f149
	   |-- fabric-screen-handler-api-v1 1.3.127+c327076a49
	   |-- fabric-sound-api-v1 1.0.38+86c3a9f149
	   |-- fabric-tag-api-v1 1.0.17+ecf51cdc49
	   |-- fabric-transfer-api-v1 5.4.24+7b20cbb049
	   \-- fabric-transitive-access-wideners-v1 6.3.17+f17a180c49
	- fabricloader 0.16.10
	   \-- mixinextras 0.4.1
	- ferritecore 8.0.0
	- immediatelyfast 1.9.4+1.21.5
	   \-- net_lenni0451_reflect 1.3.4
	- java 21
	- lithium 0.16.2+mc1.21.5
	- minecraft 1.21.5
	- modernfix 5.20.4-beta.3+mc25w07a.e6c9
	- modmenu 14.0.0-rc.2
	   \-- placeholder-api 2.6.0+1.21.5
	- moreculling 1.3.1
	   |-- conditional-mixin 0.6.3
	   \-- mixinsquared 0.2.0
	- sodium 0.6.13+mc1.21.5
	- threadtweak 0.1.7+mc1.21.5
	- yosbr 0.1.2
[18:20:21] [main/INFO]: Applying default options... (YOSBR)
[18:20:21] [main/INFO]: SpongePowered MIXIN Subsystem Version=0.8.7 Source=file:/home/tbmag/code/Modpack_DevTools/testMcs/1.21.5/fabric/libraries/net/fabricmc/sponge-mixin/0.15.4+mixin.0.8.7/sponge-mixin-0.15.4+mixin.0.8.7.jar Service=Knot/Fabric Env=CLIENT
[18:20:21] [main/INFO]: Compatibility level set to JAVA_17
[18:20:21] [main/INFO]: Compatibility level set to JAVA_21
[18:20:21] [main/INFO]: Generating config file version 4
[18:20:21] [main/INFO]: Initializing com.ishland.c2me.base.mixin
[18:20:22] [main/INFO]: Updating config from 0 to 1
[18:20:22] [main/INFO]: Updating config from 1 to 2
[18:20:22] [main/INFO]: Updating config from 2 to 3
[18:20:22] [main/INFO]: Global Executor Parallelism: 4 configured, 4 evaluated, 4 default evaluated
[18:20:22] [main/INFO]: Initializing com.ishland.c2me.client.uncapvd.mixin
[18:20:22] [main/INFO]: Initializing com.ishland.c2me.fixes.chunkio.threading_issues.mixin
[18:20:22] [main/INFO]: Initializing com.ishland.c2me.fixes.general.threading_issues.mixin
[18:20:22] [main/INFO]: Initializing com.ishland.c2me.fixes.worldgen.threading_issues.mixin
[18:20:22] [main/INFO]: Initializing com.ishland.c2me.fixes.worldgen.vanilla_bugs.mixin
[18:20:22] [main/INFO]: Initializing com.ishland.c2me.notickvd.mixin
[18:20:22] [main/INFO]: Initializing com.ishland.c2me.opts.allocs.mixin
[18:20:22] [main/INFO]: Initializing com.ishland.c2me.opts.chunkio.mixin
[18:20:22] [main/INFO]: Initializing com.ishland.c2me.opts.dfc.mixin
[18:20:22] [main/INFO]: Initializing com.ishland.c2me.opts.math.mixin
[18:20:22] [main/INFO]: Initializing com.ishland.c2me.opts.scheduling.mixin
[18:20:22] [main/INFO]: Initializing com.ishland.c2me.opts.worldgen.general.mixin
[18:20:22] [main/INFO]: Initializing com.ishland.c2me.opts.worldgen.vanilla.mixin
[18:20:22] [main/INFO]: Initializing com.ishland.c2me.rewrites.chunk_serializer.mixin
[18:20:22] [main/INFO]: Disabling com.ishland.c2me.rewrites.chunk_serializer.mixin
[18:20:22] [main/INFO]: Initializing com.ishland.c2me.rewrites.chunksystem.mixin
[18:20:22] [main/INFO]: Initializing com.ishland.c2me.rewrites.chunkio.mixin
[18:20:22] [main/INFO]: Initializing com.ishland.c2me.server.utils.mixin
[18:20:22] [main/INFO]: Initializing com.ishland.c2me.threading.lighting.mixin
[18:20:22] [main/WARN]: Mod 'ferritecore' attempted to override option 'mixin.alloc.blockstate', which doesn't exist, ignoring
[18:20:22] [main/INFO]: Loaded configuration file for Lithium: 155 options available, 0 override(s) found.
[18:20:22] [main/INFO]: Loaded configuration file for ModernFix 5.20.4-beta.3+mc25w07a.e6c9: 54 options available, 5 override(s) found
[18:20:22] [main/WARN]: Option 'mixin.bugfix.paper_chunk_patches' overriden (by mods [c2me]) to 'false'
[18:20:22] [main/WARN]: Option 'mixin.perf.cache_strongholds' overriden (by mods [c2me]) to 'false'
[18:20:22] [main/WARN]: Option 'mixin.perf.nbt_memory_usage' overriden (by mods [c2me]) to 'false'
[18:20:22] [main/WARN]: Option 'mixin.bugfix.chunk_deadlock' overriden (by mods [c2me]) to 'false'
[18:20:22] [main/WARN]: Option 'mixin.perf.thread_priorities' overriden (by mods [threadtweak]) to 'false'
[18:20:22] [main/INFO]: Applying Nashorn fix
[18:20:22] [main/INFO]: Loaded configuration file for Sodium: 43 options available, 0 override(s) found
[18:20:22] [main/WARN]: Error loading class: me/jellysquid/mods/sodium/client/gui/SodiumGameOptionPages (java.lang.ClassNotFoundException: me/jellysquid/mods/sodium/client/gui/SodiumGameOptionPages)
[18:20:22] [main/WARN]: Error loading class: net/caffeinemc/sodium/config/user/UserConfigCategories (java.lang.ClassNotFoundException: net/caffeinemc/sodium/config/user/UserConfigCategories)
[18:20:22] [main/WARN]: Error loading class: net/vulkanmod/config/option/Options (java.lang.ClassNotFoundException: net/vulkanmod/config/option/Options)
[18:20:22] [main/WARN]: Error loading class: ca/spottedleaf/starlight/common/thread/SchedulingUtil (java.lang.ClassNotFoundException: ca/spottedleaf/starlight/common/thread/SchedulingUtil)
[18:20:23] [main/WARN]: Error loading class: me/jellysquid/mods/sodium/client/gui/SodiumGameOptionPages (java.lang.ClassNotFoundException: me/jellysquid/mods/sodium/client/gui/SodiumGameOptionPages)
[18:20:23] [main/WARN]: Error loading class: net/caffeinemc/sodium/config/user/UserConfigCategories (java.lang.ClassNotFoundException: net/caffeinemc/sodium/config/user/UserConfigCategories)
[18:20:23] [main/WARN]: Error loading class: me/jellysquid/mods/sodium/client/gui/SodiumGameOptionPages (java.lang.ClassNotFoundException: me/jellysquid/mods/sodium/client/gui/SodiumGameOptionPages)
[18:20:23] [main/WARN]: Error loading class: net/caffeinemc/sodium/config/user/UserConfigCategories (java.lang.ClassNotFoundException: net/caffeinemc/sodium/config/user/UserConfigCategories)
[18:20:24] [main/INFO]: Searching for graphics cards...
[18:20:24] [main/INFO]: Found graphics adapter: LinuxPciAdapterInfo[vendor=AMD, name=Raphael, pciVendorId=0x1002, pciDeviceId=0x164e]
[18:20:24] [main/INFO]: Found graphics adapter: LinuxPciAdapterInfo[vendor=NVIDIA, name=AD104M [GeForce RTX 4080 Max-Q / Mobile], pciVendorId=0x10de, pciDeviceId=0x27e0]
[18:20:24] [main/WARN]: Sodium has applied one or more workarounds to prevent crashes or other issues on your system: [NVIDIA_THREADED_OPTIMIZATIONS_BROKEN, NO_ERROR_CONTEXT_UNSUPPORTED]
[18:20:24] [main/WARN]: This is not necessarily an issue, but it may result in certain features or optimizations being disabled. You can sometimes fix these issues by upgrading your graphics driver.
[18:20:24] [main/INFO]: Initializing MixinExtras via com.llamalad7.mixinextras.service.MixinExtrasServiceImpl(version=0.4.1).
[18:20:24] [main/INFO]: ThreadTweak config initialized
[18:20:29] [main/WARN]: Method overwrite conflict for method_21740 in modernfix-common.mixins.json:perf.remove_biome_temperature_cache.BiomeMixin from mod modernfix, previously written by net.caffeinemc.mods.lithium.mixin.world.temperature_cache.BiomeMixin. Skipping method.
[18:20:29] [Datafixer Bootstrap/INFO]: 263 Datafixer optimizations took 3762 milliseconds
[18:20:33] [main/INFO]: Vanilla bootstrap took 7636 milliseconds
[18:20:34] [Render thread/INFO]: Environment: Environment[sessionHost=https://sessionserver.mojang.com, servicesHost=https://api.minecraftservices.com, name=PROD]
[18:20:34] [Render thread/INFO]: Setting user: Player103
[18:20:35] [Render thread/WARN]: Dynamic FPS config missing or corrupted! Using defaults.
[18:20:35] [Render thread/INFO]: Dynamic FPS 3.9.4 active on Fabric!
[18:20:35] [Render thread/INFO]: [Indigo] Different rendering plugin detected; not applying Indigo.
[18:20:35] [Download-2/ERROR]: Failed to fetch user properties
com.mojang.authlib.exceptions.InvalidCredentialsException: Status: 401
	at knot/com.mojang.authlib.exceptions.MinecraftClientHttpException.toAuthenticationException(MinecraftClientHttpException.java:59) ~[authlib-6.0.58.jar:?]
	at knot/com.mojang.authlib.yggdrasil.YggdrasilUserApiService.fetchProperties(YggdrasilUserApiService.java:150) ~[authlib-6.0.58.jar:?]
	at knot/net.minecraft.class_310.method_55608(class_310.java:454) ~[client-intermediary.jar:?]
	at java.base/java.util.concurrent.CompletableFuture$AsyncSupply.run(CompletableFuture.java:1768) ~[?:?]
	at java.base/java.util.concurrent.ThreadPoolExecutor.runWorker(ThreadPoolExecutor.java:1144) ~[?:?]
	at java.base/java.util.concurrent.ThreadPoolExecutor$Worker.run(ThreadPoolExecutor.java:642) ~[?:?]
	at java.base/java.lang.Thread.run(Thread.java:1583) [?:?]
Caused by: com.mojang.authlib.exceptions.MinecraftClientHttpException: Status: 401
	at knot/com.mojang.authlib.minecraft.client.MinecraftClient.readInputStream(MinecraftClient.java:103) ~[authlib-6.0.58.jar:?]
	at knot/com.mojang.authlib.minecraft.client.MinecraftClient.get(MinecraftClient.java:56) ~[authlib-6.0.58.jar:?]
	at knot/com.mojang.authlib.yggdrasil.YggdrasilUserApiService.fetchProperties(YggdrasilUserApiService.java:121) ~[authlib-6.0.58.jar:?]
	... 5 more
[18:20:35] [Render thread/INFO]: Checking mod updates...
[18:20:36] [ModMenu/Update Checker/Fabric Loader/INFO]: Update available for 'fabricloader@0.16.10'
[18:20:36] [Render thread/INFO]: Backend library: LWJGL version 3.3.3-snapshot
[18:20:36] [Render thread/INFO]: Modifying process environment to apply workarounds for the NVIDIA graphics driver...
[18:20:36] [Render thread/INFO]: Initializing ImmediatelyFast 1.9.4+1.21.5 on AMD Radeon 610M (radeonsi, raphael_mendocino, LLVM 20.1.2, DRM 3.61, 6.14.6-300.fc42.x86_64) (AMD) with OpenGL 4.6 (Core Profile) Mesa 25.0.4
[18:20:36] [Render thread/INFO]: OpenGL Vendor: AMD
[18:20:37] [Render thread/INFO]: OpenGL Renderer: AMD Radeon 610M (radeonsi, raphael_mendocino, LLVM 20.1.2, DRM 3.61, 6.14.6-300.fc42.x86_64)
[18:20:37] [Render thread/INFO]: OpenGL Version: 4.6 (Core Profile) Mesa 25.0.4
[18:20:37] [Render thread/INFO]: Using optional rendering extensions: GL_KHR_debug, GL_ARB_vertex_attrib_binding, GL_ARB_direct_state_access
[W][18:20:37.273087] pw.conf      | [          conf.c: 1204 pw_conf_load_conf_for_context()] setting config.name to client-rt.conf is deprecated, using client.conf
[18:20:38] [Download-2/ERROR]: Failed to fetch Realms feature flags
net.minecraft.class_4355: Realms service error (400) with no payload
	at knot/net.minecraft.class_4341.method_20998(class_4341.java:499) ~[client-intermediary.jar:?]
	at knot/net.minecraft.class_4341.method_68466(class_4341.java:177) ~[client-intermediary.jar:?]
	at java.base/java.util.concurrent.CompletableFuture$AsyncSupply.run(CompletableFuture.java:1768) ~[?:?]
	at java.base/java.util.concurrent.ThreadPoolExecutor.runWorker(ThreadPoolExecutor.java:1144) ~[?:?]
	at java.base/java.util.concurrent.ThreadPoolExecutor$Worker.run(ThreadPoolExecutor.java:642) ~[?:?]
	at java.base/java.lang.Thread.run(Thread.java:1583) [?:?]
[18:20:38] [Render thread/INFO]: Invalidating pack caches
[18:20:38] [Render thread/INFO]: Reloading ResourceManager: vanilla, fabric, badoptimizations, c2me, cloth-config, conditional-mixin, dynamic_fps, entityculling, fabric-api, fabric-api-base, fabric-api-lookup-api-v1, fabric-biome-api-v1, fabric-block-api-v1, fabric-block-view-api-v2, fabric-blockrenderlayer-v1, fabric-client-tags-api-v1, fabric-command-api-v1, fabric-command-api-v2, fabric-commands-v0, fabric-content-registries-v0, fabric-convention-tags-v1, fabric-convention-tags-v2, fabric-crash-report-info-v1, fabric-data-attachment-api-v1, fabric-data-generation-api-v1, fabric-dimensions-v1, fabric-entity-events-v1, fabric-events-interaction-v0, fabric-game-rule-api-v1, fabric-item-api-v1, fabric-item-group-api-v1, fabric-key-binding-api-v1, fabric-keybindings-v0, fabric-lifecycle-events-v1, fabric-loot-api-v2, fabric-loot-api-v3, fabric-message-api-v1, fabric-model-loading-api-v1, fabric-networking-api-v1, fabric-object-builder-api-v1, fabric-particles-v1, fabric-recipe-api-v1, fabric-registry-sync-v0, fabric-renderer-api-v1, fabric-renderer-indigo, fabric-rendering-data-attachment-v1, fabric-rendering-fluids-v1, fabric-rendering-v1, fabric-resource-conditions-api-v1, fabric-resource-loader-v0, fabric-screen-api-v1, fabric-screen-handler-api-v1, fabric-sound-api-v1, fabric-tag-api-v1, fabric-transfer-api-v1, fabric-transitive-access-wideners-v1, fabricloader, immediatelyfast, lithium, modernfix, modmenu, moreculling, placeholder-api, sodium, threadtweak, yosbr
[18:20:39] [Worker-ResourceReload-7/INFO]: Found unifont_jp_patch-16.0.01.hex, loading
[18:20:39] [Worker-ResourceReload-12/INFO]: Found unifont_all_no_pua-16.0.01.hex, loading
[18:20:39] [Render thread/INFO]: Cached all modded block culling states
[18:20:39] [Worker-ResourceReload-6/WARN]: Method overwrite conflict for getCullingBox in sodium-common.mixins.json:core.render.world.EntityRendererAccessor from mod sodium, previously written by dev.tr7zw.entityculling.mixin.EntityRendererMixin. Skipping method.
[18:20:42] [Render thread/WARN]: minecraft:pipeline/entity_translucent_emissive shader program does not use sampler Sampler2 defined in the pipeline. This might be a bug.
[18:20:42] [Render thread/INFO]: OpenAL initialized on device Family 17h/19h/1ah HD Audio Controller Analog Stereo
[18:20:42] [Render thread/INFO]: Sound engine started
[18:20:42] [Render thread/INFO]: Created: 1024x512x4 minecraft:textures/atlas/blocks.png-atlas
[18:20:42] [Render thread/INFO]: Created: 256x256x4 minecraft:textures/atlas/signs.png-atlas
[18:20:42] [Render thread/INFO]: Created: 512x512x4 minecraft:textures/atlas/banner_patterns.png-atlas
[18:20:42] [Render thread/INFO]: Created: 512x512x4 minecraft:textures/atlas/shield_patterns.png-atlas
[18:20:42] [Render thread/INFO]: Created: 2048x1024x4 minecraft:textures/atlas/armor_trims.png-atlas
[18:20:42] [Render thread/INFO]: Created: 256x256x4 minecraft:textures/atlas/chest.png-atlas
[18:20:42] [Render thread/INFO]: Created: 128x64x4 minecraft:textures/atlas/decorated_pot.png-atlas
[18:20:42] [Render thread/INFO]: Created: 512x256x4 minecraft:textures/atlas/beds.png-atlas
[18:20:42] [Render thread/INFO]: Created: 512x256x4 minecraft:textures/atlas/shulker_boxes.png-atlas
[18:20:42] [Render thread/INFO]: Created: 64x64x0 minecraft:textures/atlas/map_decorations.png-atlas
[18:20:43] [Render thread/INFO]: Created: 512x256x0 minecraft:textures/atlas/particles.png-atlas
[18:20:43] [Render thread/INFO]: Created: 512x256x0 minecraft:textures/atlas/paintings.png-atlas
[18:20:43] [Render thread/INFO]: Created: 256x128x0 minecraft:textures/atlas/mob_effects.png-atlas
[18:20:43] [Render thread/INFO]: Created: 1024x512x0 minecraft:textures/atlas/gui.png-atlas
[18:20:43] [IO-Worker-1/ERROR]: Couldn't connect to realms
net.minecraft.class_4355: Realms service error (400) with no payload
	at knot/net.minecraft.class_4341.method_20998(class_4341.java:499) ~[client-intermediary.jar:?]
	at knot/net.minecraft.class_4341.method_21027(class_4341.java:278) ~[client-intermediary.jar:?]
	at knot/net.minecraft.class_8647.method_52627(class_8647.java:51) ~[client-intermediary.jar:?]
	at java.base/java.util.concurrent.CompletableFuture$AsyncSupply.run(CompletableFuture.java:1768) ~[?:?]
	at java.base/java.util.concurrent.ThreadPoolExecutor.runWorker(ThreadPoolExecutor.java:1144) ~[?:?]
	at java.base/java.util.concurrent.ThreadPoolExecutor$Worker.run(ThreadPoolExecutor.java:642) ~[?:?]
	at java.base/java.lang.Thread.run(Thread.java:1583) [?:?]
[18:20:45] [Render thread/WARN]: Game took 25.623 seconds to start
